ROUND 1
Loading ontology... file:/home/slater/UNMIREOT/obo/combos/obofoundry_core_fixed_merged_pdro_merged.owl
Reasoning...
Getting unsats...
Unsatisfiable classes: 4240
Getting top unsats...
Found 1437 non-leaf unsats with the highest @ 119 out of a total 4240 unsats
Removing a further 499 classes with superclasses in the group
Now looking at 932 unsats out of a total 4240
Found happy ontology friend group of 333 classes with sc-count 2 (well I suppose strictly they can't be all that happy given their instances cannot possibly exist :(. Now, we will fix that!
Pared 4240 unsatisfiable classes down to 333 to justify for this round
There are more than 25 classes, so we will take a random sample of 25 from our subset.
Processing http://purl.obolibrary.org/obo/GO_1904005 (1/25)
Processing http://purl.obolibrary.org/obo/GO_1902959 (2/25)
Processing http://purl.obolibrary.org/obo/GO_0060589 (3/25)
Processing http://purl.obolibrary.org/obo/GO_0005186 (4/25)
Processing http://purl.obolibrary.org/obo/GO_0043167 (5/25)
Processing http://purl.obolibrary.org/obo/GO_0051004 (6/25)
Processing http://purl.obolibrary.org/obo/GO_0061960 (7/25)
Processing http://purl.obolibrary.org/obo/GO_0035624 (8/25)
Processing http://purl.obolibrary.org/obo/GO_0033131 (9/25)
Processing http://purl.obolibrary.org/obo/GO_1903719 (10/25)
Processing http://purl.obolibrary.org/obo/GO_1903639 (11/25)
Processing http://purl.obolibrary.org/obo/GO_0051394 (12/25)
Processing http://purl.obolibrary.org/obo/GO_1900729 (13/25)
Processing http://purl.obolibrary.org/obo/GO_0042922 (14/25)
Processing http://purl.obolibrary.org/obo/GO_1905271 (15/25)
Processing http://purl.obolibrary.org/obo/GO_0038049 (16/25)
Processing http://purl.obolibrary.org/obo/GO_1903719 (17/25)
Processing http://purl.obolibrary.org/obo/GO_0030492 (18/25)
Processing http://purl.obolibrary.org/obo/GO_1905021 (19/25)
Processing http://purl.obolibrary.org/obo/GO_0052405 (20/25)
Processing http://purl.obolibrary.org/obo/GO_1902449 (21/25)
Processing http://purl.obolibrary.org/obo/GO_1905289 (22/25)
Processing http://purl.obolibrary.org/obo/GO_1903097 (23/25)
Processing http://purl.obolibrary.org/obo/GO_1903932 (24/25)
Processing http://purl.obolibrary.org/obo/GO_1904220 (25/25)
Removing naughtiest axiom: SubClassOf(<http://purl.obolibrary.org/obo/BFO_0000016> <http://purl.obolibrary.org/obo/BFO_0000017>) with 24 implications
removing: [SubClassOf(<http://purl.obolibrary.org/obo/BFO_0000016> <http://purl.obolibrary.org/obo/BFO_0000017>)]
Removing SubClassOf(<http://purl.obolibrary.org/obo/BFO_0000016> <http://purl.obolibrary.org/obo/BFO_0000017>) from main ontology
Removing SubClassOf(<http://purl.obolibrary.org/obo/BFO_0000016> <http://purl.obolibrary.org/obo/BFO_0000017>) from import Optional[http://reality.rehab/ontology/obofoundry_core_fixed_merged]
Saved results/pdro/fixed.owl
ROUND 2
Loading ontology... file:/home/slater/UNMIREOT/obo/results/pdro/fixed.owl
Reasoning...
Getting unsats...
Unsatisfiable classes: 191
Getting top unsats...
Found 23 non-leaf unsats with the highest @ 29 out of a total 191 unsats
Removing a further 3 classes with superclasses in the group
Now looking at 17 unsats out of a total 191
Found happy ontology friend group of 6 classes with sc-count 2 (well I suppose strictly they can't be all that happy given their instances cannot possibly exist :(. Now, we will fix that!
Pared 191 unsatisfiable classes down to 6 to justify for this round
Processing http://purl.obolibrary.org/obo/OBI_0001296 (1/6)
Processing http://purl.obolibrary.org/obo/OBI_0001296 (2/6)
Processing http://purl.obolibrary.org/obo/OBI_0001368 (3/6)
Processing http://purl.obolibrary.org/obo/OBI_0001368 (4/6)
Processing http://purl.obolibrary.org/obo/OBI_1110178 (5/6)
Processing http://purl.obolibrary.org/obo/OBI_1110178 (6/6)
Removing naughtiest axiom: SubClassOf(<http://purl.obolibrary.org/obo/PATO_0001296> <http://purl.obolibrary.org/obo/PATO_0001300>) with 3 implications
removing: [SubClassOf(<http://purl.obolibrary.org/obo/PATO_0001296> <http://purl.obolibrary.org/obo/PATO_0001300>)]
Removing SubClassOf(<http://purl.obolibrary.org/obo/PATO_0001296> <http://purl.obolibrary.org/obo/PATO_0001300>) from import Optional[http://reality.rehab/ontology/obofoundry_core_fixed_merged]
Saved results/pdro/fixed.owl
ROUND 3
Loading ontology... file:/home/slater/UNMIREOT/obo/results/pdro/fixed.owl
Reasoning...
Getting unsats...
Unsatisfiable classes: 65
Getting top unsats...
Found 7 non-leaf unsats with the highest @ 18 out of a total 65 unsats
Removing a further 1 classes with superclasses in the group
Now looking at 5 unsats out of a total 65
Found happy ontology friend group of 3 classes with sc-count 1 (well I suppose strictly they can't be all that happy given their instances cannot possibly exist :(. Now, we will fix that!
Pared 65 unsatisfiable classes down to 3 to justify for this round
Processing http://purl.obolibrary.org/obo/CHEBI_17073 (1/3)
Processing http://purl.obolibrary.org/obo/CHEBI_17165 (2/3)
Processing http://purl.obolibrary.org/obo/CHEBI_17269 (3/3)
Removing naughtiest axiom: SubClassOf(<http://purl.obolibrary.org/obo/CHEBI_24431> <http://purl.obolibrary.org/obo/BFO_0000040>) with 3 implications
removing: [SubClassOf(<http://purl.obolibrary.org/obo/CHEBI_24431> <http://purl.obolibrary.org/obo/BFO_0000040>)]
Removing SubClassOf(<http://purl.obolibrary.org/obo/CHEBI_24431> <http://purl.obolibrary.org/obo/BFO_0000040>) from main ontology
Saved results/pdro/fixed.owl
ROUND 4
Loading ontology... file:/home/slater/UNMIREOT/obo/results/pdro/fixed.owl
Reasoning...
Getting unsats...
Unsatisfiable classes: 65
Getting top unsats...
Found 7 non-leaf unsats with the highest @ 18 out of a total 65 unsats
Removing a further 1 classes with superclasses in the group
Now looking at 5 unsats out of a total 65
Found happy ontology friend group of 3 classes with sc-count 1 (well I suppose strictly they can't be all that happy given their instances cannot possibly exist :(. Now, we will fix that!
Pared 65 unsatisfiable classes down to 3 to justify for this round
Processing http://purl.obolibrary.org/obo/CHEBI_17073 (1/3)
Processing http://purl.obolibrary.org/obo/CHEBI_17165 (2/3)
Processing http://purl.obolibrary.org/obo/CHEBI_17269 (3/3)
Removing naughtiest axiom: SubClassOf(<http://purl.obolibrary.org/obo/CHEBI_23367> <http://purl.obolibrary.org/obo/BFO_0000040>) with 3 implications
removing: [SubClassOf(<http://purl.obolibrary.org/obo/CHEBI_23367> <http://purl.obolibrary.org/obo/BFO_0000040>)]
Removing SubClassOf(<http://purl.obolibrary.org/obo/CHEBI_23367> <http://purl.obolibrary.org/obo/BFO_0000040>) from main ontology
Saved results/pdro/fixed.owl
ROUND 5
Loading ontology... file:/home/slater/UNMIREOT/obo/results/pdro/fixed.owl
Reasoning...
Getting unsats...
Unsatisfiable classes: 28
Getting top unsats...
Found 4 non-leaf unsats with the highest @ 18 out of a total 28 unsats
Removing a further 1 classes with superclasses in the group
Now looking at 2 unsats out of a total 28
Pared 28 unsatisfiable classes down to 2 to justify for this round
Processing http://purl.obolibrary.org/obo/OBI_0001491 (1/2)
Processing http://purl.obolibrary.org/obo/OBI_0001491 (2/2)
Removing naughtiest axiom: SubClassOf(<http://purl.obolibrary.org/obo/PATO_0001741> <http://purl.obolibrary.org/obo/PATO_0001740>) with 1 implications
removing: [SubClassOf(<http://purl.obolibrary.org/obo/PATO_0001741> <http://purl.obolibrary.org/obo/PATO_0001740>)]
Removing SubClassOf(<http://purl.obolibrary.org/obo/PATO_0001741> <http://purl.obolibrary.org/obo/PATO_0001740>) from import Optional[http://reality.rehab/ontology/obofoundry_core_fixed_merged]
Saved results/pdro/fixed.owl
ROUND 6
Loading ontology... file:/home/slater/UNMIREOT/obo/results/pdro/fixed.owl
Reasoning...
Getting unsats...
Unsatisfiable classes: 1
Getting top unsats...
Less than 25 unsatisfiable classes, looking at them all!
Processing http://purl.obolibrary.org/obo/VO_0003100 (1/1)
Removing naughtiest axiom: SubClassOf(<http://purl.obolibrary.org/obo/VO_0000001> <http://purl.obolibrary.org/obo/BFO_0000040>) with 1 implications
removing: [SubClassOf(<http://purl.obolibrary.org/obo/VO_0000001> <http://purl.obolibrary.org/obo/BFO_0000040>)]
Removing SubClassOf(<http://purl.obolibrary.org/obo/VO_0000001> <http://purl.obolibrary.org/obo/BFO_0000040>) from main ontology
Removing SubClassOf(<http://purl.obolibrary.org/obo/VO_0000001> <http://purl.obolibrary.org/obo/BFO_0000040>) from import Optional[http://reality.rehab/ontology/obofoundry_core_fixed_merged]
Saved results/pdro/fixed.owl
ROUND 7
Loading ontology... file:/home/slater/UNMIREOT/obo/results/pdro/fixed.owl
Reasoning...
Getting unsats...
Unsatisfiable classes: 1
Getting top unsats...
Less than 25 unsatisfiable classes, looking at them all!
Processing http://purl.obolibrary.org/obo/VO_0003100 (1/1)
Removing naughtiest axiom: EquivalentClasses(<http://purl.obolibrary.org/obo/VO_0000001> ObjectIntersectionOf(<http://purl.obolibrary.org/obo/OBI_0000047> ObjectSomeValuesFrom(<http://purl.obolibrary.org/obo/OBI_0000312> <http://purl.obolibrary.org/obo/VO_0000590>) ObjectSomeValuesFrom(<http://purl.obolibrary.org/obo/RO_0000085> ObjectIntersectionOf(<http://purl.obolibrary.org/obo/VO_0000278> ObjectSomeValuesFrom(<http://purl.obolibrary.org/obo/BFO_0000054> <http://purl.obolibrary.org/obo/VO_0000494>)))) ) with 1 implications
removing: [EquivalentClasses(<http://purl.obolibrary.org/obo/VO_0000001> ObjectIntersectionOf(<http://purl.obolibrary.org/obo/OBI_0000047> ObjectSomeValuesFrom(<http://purl.obolibrary.org/obo/OBI_0000312> <http://purl.obolibrary.org/obo/VO_0000590>) ObjectSomeValuesFrom(<http://purl.obolibrary.org/obo/RO_0000085> ObjectIntersectionOf(<http://purl.obolibrary.org/obo/VO_0000278> ObjectSomeValuesFrom(<http://purl.obolibrary.org/obo/BFO_0000054> <http://purl.obolibrary.org/obo/VO_0000494>)))) )]
Removing EquivalentClasses(<http://purl.obolibrary.org/obo/VO_0000001> ObjectIntersectionOf(<http://purl.obolibrary.org/obo/OBI_0000047> ObjectSomeValuesFrom(<http://purl.obolibrary.org/obo/OBI_0000312> <http://purl.obolibrary.org/obo/VO_0000590>) ObjectSomeValuesFrom(<http://purl.obolibrary.org/obo/RO_0000085> ObjectIntersectionOf(<http://purl.obolibrary.org/obo/VO_0000278> ObjectSomeValuesFrom(<http://purl.obolibrary.org/obo/BFO_0000054> <http://purl.obolibrary.org/obo/VO_0000494>)))) ) from main ontology
Saved results/pdro/fixed.owl
ROUND 8
Loading ontology... file:/home/slater/UNMIREOT/obo/results/pdro/fixed.owl
Reasoning...
Getting unsats...
Unsatisfiable classes: 1
Getting top unsats...
Less than 25 unsatisfiable classes, looking at them all!
Processing http://purl.obolibrary.org/obo/VO_0003100 (1/1)
Removing naughtiest axiom: SubClassOf(<http://purl.obolibrary.org/obo/VO_0000001> <http://purl.obolibrary.org/obo/OBI_0000047>) with 1 implications
removing: [SubClassOf(<http://purl.obolibrary.org/obo/VO_0000001> <http://purl.obolibrary.org/obo/OBI_0000047>)]
Removing SubClassOf(<http://purl.obolibrary.org/obo/VO_0000001> <http://purl.obolibrary.org/obo/OBI_0000047>) from main ontology
Saved results/pdro/fixed.owl
ROUND 9
Loading ontology... file:/home/slater/UNMIREOT/obo/results/pdro/fixed.owl
Reasoning...
Getting unsats...
Unsatisfiable classes: 0
Done.
