ROUND 1
Loading ontology... file:/home/slater/UNMIREOT/obo/combos/obofoundry_core_fixed_merged_oae_merged.owl
Reasoning...
Getting unsats...
Unsatisfiable classes: 20566
Getting top unsats...
Found 5430 non-leaf unsats with the highest @ 749 out of a total 20566 unsats
Removing a further 1932 classes with superclasses in the group
Now looking at 3339 unsats out of a total 20566
Found happy ontology friend group of 945 classes with sc-count 2 (well I suppose strictly they can't be all that happy given their instances cannot possibly exist :(. Now, we will fix that!
Pared 20566 unsatisfiable classes down to 945 to justify for this round
There are more than 25 classes, so we will take a random sample of 25 from our subset.
Processing http://purl.obolibrary.org/obo/UBERON_0011148 (1/25)
Processing http://purl.obolibrary.org/obo/OAE_0000765 (2/25)
Processing http://purl.obolibrary.org/obo/OAE_0001026 (3/25)
Processing http://purl.obolibrary.org/obo/UBERON_0005800 (4/25)
Processing http://purl.obolibrary.org/obo/UBERON_0002515 (5/25)
Processing http://purl.obolibrary.org/obo/OAE_0003371 (6/25)
Processing http://purl.obolibrary.org/obo/DOID_10825 (7/25)
Processing http://purl.obolibrary.org/obo/UBERON_0011623 (8/25)
Processing http://purl.obolibrary.org/obo/UBERON_2001917 (9/25)
Processing http://purl.obolibrary.org/obo/UBERON_0013582 (10/25)
Processing http://purl.obolibrary.org/obo/GO_2000823 (11/25)
Processing http://purl.obolibrary.org/obo/UBERON_0010192 (12/25)
Processing http://purl.obolibrary.org/obo/DOID_13499 (13/25)
Processing http://purl.obolibrary.org/obo/UBERON_0003319 (14/25)
Processing http://purl.obolibrary.org/obo/DOID_1325 (15/25)
Processing http://purl.obolibrary.org/obo/UBERON_3000936 (16/25)
Processing http://purl.obolibrary.org/obo/UBERON_0009501 (17/25)
Processing http://purl.obolibrary.org/obo/UBERON_0000014 (18/25)
Processing http://purl.obolibrary.org/obo/OAE_0000496 (19/25)
Processing http://purl.obolibrary.org/obo/DOID_438 (20/25)
Processing http://purl.obolibrary.org/obo/UBERON_0005036 (21/25)
Processing http://purl.obolibrary.org/obo/UBERON_0005270 (22/25)
Processing http://purl.obolibrary.org/obo/DOID_13757 (23/25)
Processing http://purl.obolibrary.org/obo/UBERON_2105374 (24/25)
Processing http://purl.obolibrary.org/obo/UBERON_0009631 (25/25)
Removing naughtiest axiom: SubClassOf(<http://purl.obolibrary.org/obo/UBERON_0000062> ObjectSomeValuesFrom(<http://purl.obolibrary.org/obo/RO_0002002> <http://purl.obolibrary.org/obo/UBERON_0006984>)) with 24 implications
removing: [SubClassOf(<http://purl.obolibrary.org/obo/UBERON_0000062> ObjectSomeValuesFrom(<http://purl.obolibrary.org/obo/RO_0002002> <http://purl.obolibrary.org/obo/UBERON_0006984>))]
Removing SubClassOf(<http://purl.obolibrary.org/obo/UBERON_0000062> ObjectSomeValuesFrom(<http://purl.obolibrary.org/obo/RO_0002002> <http://purl.obolibrary.org/obo/UBERON_0006984>)) from main ontology
Saved results/oae/fixed.owl
ROUND 2
Loading ontology... file:/home/slater/UNMIREOT/obo/results/oae/fixed.owl
Reasoning...
Getting unsats...
Unsatisfiable classes: 769
Getting top unsats...
Found 215 non-leaf unsats with the highest @ 74 out of a total 769 unsats
Removing a further 68 classes with superclasses in the group
Now looking at 147 unsats out of a total 769
Found happy ontology friend group of 47 classes with sc-count 2 (well I suppose strictly they can't be all that happy given their instances cannot possibly exist :(. Now, we will fix that!
Pared 769 unsatisfiable classes down to 47 to justify for this round
There are more than 25 classes, so we will take a random sample of 25 from our subset.
Processing http://purl.obolibrary.org/obo/GO_1902606 (1/25)
Processing http://purl.obolibrary.org/obo/GO_0005152 (2/25)
Processing http://purl.obolibrary.org/obo/OBI_0000291 (3/25)
Processing http://purl.obolibrary.org/obo/GO_0031585 (4/25)
Processing http://purl.obolibrary.org/obo/GO_1902514 (5/25)
Processing http://purl.obolibrary.org/obo/GO_0001147 (6/25)
Processing http://purl.obolibrary.org/obo/GO_0015459 (7/25)
Processing http://purl.obolibrary.org/obo/GO_0005152 (8/25)
Processing http://purl.obolibrary.org/obo/GO_0004707 (9/25)
Processing http://purl.obolibrary.org/obo/GO_0098960 (10/25)
Processing http://purl.obolibrary.org/obo/GO_0043506 (11/25)
Processing http://purl.obolibrary.org/obo/OBI_0001296 (12/25)
Processing http://purl.obolibrary.org/obo/GO_1904796 (13/25)
Processing http://purl.obolibrary.org/obo/GO_0097280 (14/25)
Processing http://purl.obolibrary.org/obo/GO_0003705 (15/25)
Processing http://purl.obolibrary.org/obo/GO_1990470 (16/25)
Processing http://purl.obolibrary.org/obo/GO_0031585 (17/25)
Processing http://purl.obolibrary.org/obo/GO_0140142 (18/25)
Processing http://purl.obolibrary.org/obo/GO_0099511 (19/25)
Processing http://purl.obolibrary.org/obo/GO_0001204 (20/25)
Processing http://purl.obolibrary.org/obo/GO_1902159 (21/25)
Processing http://purl.obolibrary.org/obo/GO_1904796 (22/25)
Processing http://purl.obolibrary.org/obo/GO_1903952 (23/25)
Processing http://purl.obolibrary.org/obo/GO_1904167 (24/25)
Processing http://purl.obolibrary.org/obo/GO_1901585 (25/25)
adding no explanation http://purl.obolibrary.org/obo/GO_0005152
adding no explanation http://purl.obolibrary.org/obo/GO_0004707
adding no explanation http://purl.obolibrary.org/obo/GO_0043506
adding no explanation http://purl.obolibrary.org/obo/GO_0140142
Removing naughtiest axiom: SubClassOf(<http://purl.obolibrary.org/obo/BFO_0000016> <http://purl.obolibrary.org/obo/BFO_0000017>) with 18 implications
removing: [SubClassOf(<http://purl.obolibrary.org/obo/BFO_0000016> <http://purl.obolibrary.org/obo/BFO_0000017>)]
Removing SubClassOf(<http://purl.obolibrary.org/obo/BFO_0000016> <http://purl.obolibrary.org/obo/BFO_0000017>) from main ontology
Removing SubClassOf(<http://purl.obolibrary.org/obo/BFO_0000016> <http://purl.obolibrary.org/obo/BFO_0000017>) from import Optional[http://reality.rehab/ontology/obofoundry_core_fixed_merged]
Saved results/oae/fixed.owl
ROUND 3
Loading ontology... file:/home/slater/UNMIREOT/obo/results/oae/fixed.owl
Reasoning...
Getting unsats...
Unsatisfiable classes: 158
Getting top unsats...
Found 11 non-leaf unsats with the highest @ 29 out of a total 158 unsats
Removing a further 2 classes with superclasses in the group
Now looking at 9 unsats out of a total 158
Found happy ontology friend group of 3 classes with sc-count 2 (well I suppose strictly they can't be all that happy given their instances cannot possibly exist :(. Now, we will fix that!
Pared 158 unsatisfiable classes down to 3 to justify for this round
Processing http://purl.obolibrary.org/obo/OBI_0001296 (1/3)
Processing http://purl.obolibrary.org/obo/OBI_0001368 (2/3)
Processing http://purl.obolibrary.org/obo/OBI_1110178 (3/3)
Removing naughtiest axiom: SubClassOf(<http://purl.obolibrary.org/obo/PATO_0001296> <http://purl.obolibrary.org/obo/PATO_0001300>) with 3 implications
removing: [SubClassOf(<http://purl.obolibrary.org/obo/PATO_0001296> <http://purl.obolibrary.org/obo/PATO_0001300>)]
Removing SubClassOf(<http://purl.obolibrary.org/obo/PATO_0001296> <http://purl.obolibrary.org/obo/PATO_0001300>) from import Optional[http://reality.rehab/ontology/obofoundry_core_fixed_merged]
Saved results/oae/fixed.owl
ROUND 4
Loading ontology... file:/home/slater/UNMIREOT/obo/results/oae/fixed.owl
Reasoning...
Getting unsats...
Unsatisfiable classes: 32
Getting top unsats...
Found 3 non-leaf unsats with the highest @ 18 out of a total 32 unsats
Removing a further 1 classes with superclasses in the group
Now looking at 2 unsats out of a total 32
Found happy ontology friend group of 1 classes with sc-count 3 (well I suppose strictly they can't be all that happy given their instances cannot possibly exist :(. Now, we will fix that!
Pared 32 unsatisfiable classes down to 1 to justify for this round
Processing http://purl.obolibrary.org/obo/OAE_0000074 (1/1)
Removing naughtiest axiom: DisjointClasses(<http://purl.obolibrary.org/obo/BFO_0000002> <http://purl.obolibrary.org/obo/BFO_0000003>) with 1 implications
removing: [DisjointClasses(<http://purl.obolibrary.org/obo/BFO_0000002> <http://purl.obolibrary.org/obo/BFO_0000003>)]
Removing DisjointClasses(<http://purl.obolibrary.org/obo/BFO_0000002> <http://purl.obolibrary.org/obo/BFO_0000003>) from import Optional[http://reality.rehab/ontology/obofoundry_core_fixed_merged]
Saved results/oae/fixed.owl
ROUND 5
Loading ontology... file:/home/slater/UNMIREOT/obo/results/oae/fixed.owl
Reasoning...
Getting unsats...
Unsatisfiable classes: 27
Getting top unsats...
Found 2 non-leaf unsats with the highest @ 18 out of a total 27 unsats
Removing a further 1 classes with superclasses in the group
Now looking at 1 unsats out of a total 27
Pared 27 unsatisfiable classes down to 1 to justify for this round
Processing http://purl.obolibrary.org/obo/OBI_0001491 (1/1)
Removing naughtiest axiom: SubClassOf(<http://purl.obolibrary.org/obo/PATO_0001741> <http://purl.obolibrary.org/obo/PATO_0001740>) with 1 implications
removing: [SubClassOf(<http://purl.obolibrary.org/obo/PATO_0001741> <http://purl.obolibrary.org/obo/PATO_0001740>)]
Removing SubClassOf(<http://purl.obolibrary.org/obo/PATO_0001741> <http://purl.obolibrary.org/obo/PATO_0001740>) from import Optional[http://reality.rehab/ontology/obofoundry_core_fixed_merged]
Saved results/oae/fixed.owl
ROUND 6
Loading ontology... file:/home/slater/UNMIREOT/obo/results/oae/fixed.owl
Reasoning...
Getting unsats...
Unsatisfiable classes: 0
Done.
