ROUND 1
Loading ontology... file:/home/slater/UNMIREOT/obo/combos/obofoundry_core_fixed_merged_eupath_merged.owl
Reasoning...
Getting unsats...
Unsatisfiable classes: 642
Getting top unsats...
Found 207 non-leaf unsats with the highest @ 74 out of a total 642 unsats
Removing a further 67 classes with superclasses in the group
Now looking at 140 unsats out of a total 642
Found happy ontology friend group of 44 classes with sc-count 2 (well I suppose strictly they can't be all that happy given their instances cannot possibly exist :(. Now, we will fix that!
Pared 642 unsatisfiable classes down to 44 to justify for this round
There are more than 25 classes, so we will take a random sample of 25 from our subset.
Processing http://purl.obolibrary.org/obo/GO_0044374 (1/25)
Processing http://purl.obolibrary.org/obo/GO_0001147 (2/25)
Processing http://purl.obolibrary.org/obo/GO_0098960 (3/25)
Processing http://purl.obolibrary.org/obo/GO_0000996 (4/25)
Processing http://purl.obolibrary.org/obo/GO_1901339 (5/25)
Processing http://purl.obolibrary.org/obo/GO_0097280 (6/25)
Processing http://purl.obolibrary.org/obo/GO_1902606 (7/25)
Processing http://purl.obolibrary.org/obo/GO_1902606 (8/25)
Processing http://purl.obolibrary.org/obo/GO_0005152 (9/25)
Processing http://purl.obolibrary.org/obo/GO_1902259 (10/25)
Processing http://purl.obolibrary.org/obo/GO_0001228 (11/25)
Processing http://purl.obolibrary.org/obo/GO_1902259 (12/25)
Processing http://purl.obolibrary.org/obo/GO_0140142 (13/25)
Processing http://purl.obolibrary.org/obo/GO_0015459 (14/25)
Processing http://purl.obolibrary.org/obo/GO_1904744 (15/25)
Processing http://purl.obolibrary.org/obo/GO_1902514 (16/25)
Processing http://purl.obolibrary.org/obo/GO_0031585 (17/25)
Processing http://purl.obolibrary.org/obo/GO_1990470 (18/25)
Processing http://purl.obolibrary.org/obo/GO_0005152 (19/25)
Processing http://purl.obolibrary.org/obo/GO_0099529 (20/25)
Processing http://purl.obolibrary.org/obo/GO_1902259 (21/25)
Processing http://purl.obolibrary.org/obo/GO_0001147 (22/25)
Processing http://purl.obolibrary.org/obo/GO_0003705 (23/25)
Processing http://purl.obolibrary.org/obo/GO_1901585 (24/25)
Processing http://purl.obolibrary.org/obo/GO_0005152 (25/25)
Removing naughtiest axiom: SubClassOf(<http://purl.obolibrary.org/obo/BFO_0000016> <http://purl.obolibrary.org/obo/BFO_0000017>) with 19 implications
removing: [SubClassOf(<http://purl.obolibrary.org/obo/BFO_0000016> <http://purl.obolibrary.org/obo/BFO_0000017>)]
Removing SubClassOf(<http://purl.obolibrary.org/obo/BFO_0000016> <http://purl.obolibrary.org/obo/BFO_0000017>) from main ontology
Removing SubClassOf(<http://purl.obolibrary.org/obo/BFO_0000016> <http://purl.obolibrary.org/obo/BFO_0000017>) from import Optional[http://reality.rehab/ontology/obofoundry_core_fixed_merged]
Saved results/eupath/fixed.owl
ROUND 2
Loading ontology... file:/home/slater/UNMIREOT/obo/results/eupath/fixed.owl
Reasoning...
Getting unsats...
Unsatisfiable classes: 37
Getting top unsats...
Found 3 non-leaf unsats with the highest @ 1 out of a total 37 unsats
Removing a further 0 classes with superclasses in the group
Now looking at 3 unsats out of a total 37
Pared 37 unsatisfiable classes down to 3 to justify for this round
Processing http://purl.obolibrary.org/obo/CHEBI_17073 (1/3)
Processing http://purl.obolibrary.org/obo/CHEBI_17165 (2/3)
Processing http://purl.obolibrary.org/obo/CHEBI_17269 (3/3)
Removing naughtiest axiom: SubClassOf(<http://purl.obolibrary.org/obo/CHEBI_23367> <http://purl.obolibrary.org/obo/BFO_0000040>) with 3 implications
removing: [SubClassOf(<http://purl.obolibrary.org/obo/CHEBI_23367> <http://purl.obolibrary.org/obo/BFO_0000040>)]
Removing SubClassOf(<http://purl.obolibrary.org/obo/CHEBI_23367> <http://purl.obolibrary.org/obo/BFO_0000040>) from main ontology
Saved results/eupath/fixed.owl
ROUND 3
Loading ontology... file:/home/slater/UNMIREOT/obo/results/eupath/fixed.owl
Reasoning...
Getting unsats...
Unsatisfiable classes: 0
Done.
