[UNMIREOT] Loading ontology from file:///home/aberowl/efotest/mods/EFO_ERO.ontology
[UNMIREOT] Reasoning with HermiT
[UNMIREOT] Unsatisfiable classes: 146
Unsatisfiable: http://purl.obolibrary.org/obo/ERO_0001216
Unsatisfiable: http://purl.obolibrary.org/obo/CHEBI_15929
Unsatisfiable: http://purl.obolibrary.org/obo/FBbt_00001781
Unsatisfiable: http://purl.obolibrary.org/obo/ERO_0001075
Unsatisfiable: http://www.ebi.ac.uk/efo/EFO_0002560
Unsatisfiable: http://www.ebi.ac.uk/efo/EFO_0002561
Unsatisfiable: http://www.ebi.ac.uk/efo/EFO_0002562
Unsatisfiable: http://www.ebi.ac.uk/efo/EFO_0002563
Unsatisfiable: http://www.ebi.ac.uk/efo/EFO_0002564
Unsatisfiable: http://www.ebi.ac.uk/efo/EFO_0002565
Unsatisfiable: http://www.ebi.ac.uk/efo/EFO_0002566
Unsatisfiable: http://www.ebi.ac.uk/efo/EFO_0002567
Unsatisfiable: http://www.ebi.ac.uk/efo/EFO_0002568
Unsatisfiable: http://www.ebi.ac.uk/efo/EFO_0002569
Unsatisfiable: http://www.ebi.ac.uk/efo/EFO_0002570
Unsatisfiable: http://purl.obolibrary.org/obo/ERO_0001647
Unsatisfiable: http://purl.obolibrary.org/obo/ERO_0001696
Unsatisfiable: http://www.w3.org/2002/07/owl#Nothing
Unsatisfiable: http://purl.obolibrary.org/obo/ERO_0001358
Unsatisfiable: http://www.ebi.ac.uk/efo/EFO_0002719
Unsatisfiable: http://www.ebi.ac.uk/efo/EFO_0002720
Unsatisfiable: http://purl.obolibrary.org/obo/ERO_0000342
Unsatisfiable: http://www.ebi.ac.uk/efo/EFO_0001297
Unsatisfiable: http://www.ebi.ac.uk/efo/EFO_0001295
Unsatisfiable: http://www.ebi.ac.uk/efo/EFO_0001293
Unsatisfiable: http://www.ebi.ac.uk/efo/EFO_0001294
Unsatisfiable: http://www.ebi.ac.uk/efo/EFO_0001291
Unsatisfiable: http://www.ebi.ac.uk/efo/EFO_0001292
Unsatisfiable: http://www.ebi.ac.uk/efo/EFO_0001285
Unsatisfiable: http://www.ebi.ac.uk/efo/EFO_0001284
Unsatisfiable: http://www.ebi.ac.uk/efo/EFO_0001289
Unsatisfiable: http://www.ebi.ac.uk/efo/EFO_0001288
Unsatisfiable: http://www.ebi.ac.uk/efo/EFO_0001287
Unsatisfiable: http://www.ebi.ac.uk/efo/EFO_0001286
Unsatisfiable: http://www.ebi.ac.uk/efo/EFO_0001314
Unsatisfiable: http://www.ebi.ac.uk/efo/EFO_0001313
Unsatisfiable: http://www.ebi.ac.uk/efo/EFO_0001312
Unsatisfiable: http://www.ebi.ac.uk/efo/EFO_0001311
Unsatisfiable: http://www.ebi.ac.uk/efo/EFO_0001305
Unsatisfiable: http://www.ebi.ac.uk/efo/EFO_0001306
Unsatisfiable: http://www.ebi.ac.uk/efo/EFO_0001307
Unsatisfiable: http://www.ebi.ac.uk/efo/EFO_0001308
Unsatisfiable: http://www.ebi.ac.uk/efo/EFO_0001309
Unsatisfiable: http://www.ebi.ac.uk/efo/EFO_0001302
Unsatisfiable: http://www.ebi.ac.uk/efo/EFO_0001301
Unsatisfiable: http://www.ebi.ac.uk/efo/EFO_0001304
Unsatisfiable: http://purl.obolibrary.org/obo/HP_0003146
Unsatisfiable: http://purl.obolibrary.org/obo/UBERON_0004707
Unsatisfiable: http://purl.obolibrary.org/obo/CHEBI_16522
Unsatisfiable: http://purl.obolibrary.org/obo/UBERON_0009955
Unsatisfiable: http://purl.obolibrary.org/obo/UBERON_0009122
Unsatisfiable: http://purl.obolibrary.org/obo/UBERON_0001048
Unsatisfiable: http://purl.obolibrary.org/obo/UBERON_0003921
Unsatisfiable: http://purl.obolibrary.org/obo/FBdv_00005331
Unsatisfiable: http://purl.obolibrary.org/obo/UBERON_0003894
Unsatisfiable: http://www.ebi.ac.uk/efo/EFO_0005510
Unsatisfiable: http://www.ebi.ac.uk/efo/EFO_0005511
Unsatisfiable: http://www.ebi.ac.uk/efo/EFO_0005509
Unsatisfiable: http://www.ebi.ac.uk/efo/EFO_0005508
Unsatisfiable: http://www.ebi.ac.uk/efo/EFO_0005507
Unsatisfiable: http://www.ebi.ac.uk/efo/EFO_0005501
Unsatisfiable: http://www.ebi.ac.uk/efo/EFO_0005502
Unsatisfiable: http://www.ebi.ac.uk/efo/EFO_0005500
Unsatisfiable: http://www.ebi.ac.uk/efo/EFO_0005505
Unsatisfiable: http://www.ebi.ac.uk/efo/EFO_0005506
Unsatisfiable: http://www.ebi.ac.uk/efo/EFO_0005503
Unsatisfiable: http://www.ebi.ac.uk/efo/EFO_0005504
Unsatisfiable: http://purl.obolibrary.org/obo/BTO_0000221
Unsatisfiable: http://purl.obolibrary.org/obo/CHEBI_28001
Unsatisfiable: http://www.ebi.ac.uk/efo/EFO_0005620
Unsatisfiable: http://www.ebi.ac.uk/efo/EFO_0005761
Unsatisfiable: http://www.ebi.ac.uk/efo/EFO_0005864
Unsatisfiable: http://www.ebi.ac.uk/efo/EFO_0005865
Unsatisfiable: http://www.ebi.ac.uk/efo/EFO_0005862
Unsatisfiable: http://www.ebi.ac.uk/efo/EFO_0005863
Unsatisfiable: http://www.ebi.ac.uk/efo/EFO_0005868
Unsatisfiable: http://www.ebi.ac.uk/efo/EFO_0005869
Unsatisfiable: http://www.ebi.ac.uk/efo/EFO_0005866
Unsatisfiable: http://www.ebi.ac.uk/efo/EFO_0005860
Unsatisfiable: http://www.ebi.ac.uk/efo/EFO_0005861
Unsatisfiable: http://www.ebi.ac.uk/efo/EFO_0005857
Unsatisfiable: http://www.ebi.ac.uk/efo/EFO_0005858
Unsatisfiable: http://www.ebi.ac.uk/efo/EFO_0005859
Unsatisfiable: http://www.ebi.ac.uk/efo/EFO_0005877
Unsatisfiable: http://www.ebi.ac.uk/efo/EFO_0005873
Unsatisfiable: http://www.ebi.ac.uk/efo/EFO_0005874
Unsatisfiable: http://www.ebi.ac.uk/efo/EFO_0005875
Unsatisfiable: http://www.ebi.ac.uk/efo/EFO_0005876
Unsatisfiable: http://www.ebi.ac.uk/efo/EFO_0005870
Unsatisfiable: http://www.ebi.ac.uk/efo/EFO_0005871
Unsatisfiable: http://www.ebi.ac.uk/efo/EFO_0005872
Unsatisfiable: http://purl.obolibrary.org/obo/PATO_0001340
Unsatisfiable: http://purl.obolibrary.org/obo/UBERON_0003215
Unsatisfiable: http://purl.obolibrary.org/obo/UBERON_0000107
Unsatisfiable: http://purl.obolibrary.org/obo/UBERON_0000109
Unsatisfiable: http://purl.obolibrary.org/obo/UBERON_0000112
Unsatisfiable: http://purl.obolibrary.org/obo/UBERON_0007688
Unsatisfiable: http://purl.obolibrary.org/obo/UBERON_0000323
Unsatisfiable: http://www.ebi.ac.uk/efo/EFO_0004179
Unsatisfiable: http://www.ebi.ac.uk/efo/EFO_0004177
Unsatisfiable: http://www.ebi.ac.uk/efo/EFO_0004178
Unsatisfiable: http://www.ebi.ac.uk/efo/EFO_0004175
Unsatisfiable: http://www.ebi.ac.uk/efo/EFO_0004176
Unsatisfiable: http://www.ebi.ac.uk/efo/EFO_0004173
Unsatisfiable: http://www.ebi.ac.uk/efo/EFO_0004174
Unsatisfiable: http://www.ebi.ac.uk/efo/EFO_0004171
Unsatisfiable: http://www.ebi.ac.uk/efo/EFO_0004172
Unsatisfiable: http://www.ebi.ac.uk/efo/EFO_0004181
Unsatisfiable: http://www.ebi.ac.uk/efo/EFO_0004180
Unsatisfiable: http://www.ebi.ac.uk/efo/EFO_0004168
Unsatisfiable: http://www.ebi.ac.uk/efo/EFO_0004169
Unsatisfiable: http://www.ebi.ac.uk/efo/EFO_0004167
Unsatisfiable: http://www.ebi.ac.uk/efo/EFO_0004170
Unsatisfiable: http://www.ebi.ac.uk/efo/EFO_0004182
Unsatisfiable: http://www.ebi.ac.uk/efo/EFO_0004183
Unsatisfiable: http://www.ebi.ac.uk/efo/EFO_0004185
Unsatisfiable: http://www.ebi.ac.uk/efo/EFO_0004186
Unsatisfiable: http://www.ebi.ac.uk/efo/EFO_0004187
Unsatisfiable: http://www.ebi.ac.uk/efo/EFO_0004188
Unsatisfiable: http://www.ebi.ac.uk/efo/EFO_0004189
Unsatisfiable: http://purl.obolibrary.org/obo/CHEBI_64202
Unsatisfiable: http://purl.obolibrary.org/obo/CHEBI_18292
Unsatisfiable: http://purl.obolibrary.org/obo/UBERON_0003069
Unsatisfiable: http://purl.obolibrary.org/obo/UBERON_0003078
Unsatisfiable: http://purl.obolibrary.org/obo/UBERON_0003070
Unsatisfiable: http://purl.obolibrary.org/obo/UBERON_0003073
Unsatisfiable: http://www.ebi.ac.uk/efo/EFO_0006801
Unsatisfiable: http://purl.obolibrary.org/obo/UBERON_0003143
Unsatisfiable: http://www.ebi.ac.uk/efo/EFO_0005499
Unsatisfiable: http://purl.obolibrary.org/obo/UBERON_0000069
Unsatisfiable: http://purl.obolibrary.org/obo/CHEBI_35623
Unsatisfiable: http://www.ebi.ac.uk/efo/EFO_0007060
Unsatisfiable: http://purl.obolibrary.org/obo/OBI_0000415
Unsatisfiable: http://www.ebi.ac.uk/efo/EFO_0005033
Unsatisfiable: http://www.ebi.ac.uk/efo/EFO_0005039
Unsatisfiable: http://purl.obolibrary.org/obo/OBI_0000552
Unsatisfiable: http://www.ebi.ac.uk/efo/EFO_0005083
Unsatisfiable: http://www.ebi.ac.uk/efo/EFO_0005082
Unsatisfiable: http://www.ebi.ac.uk/efo/EFO_0005084
Unsatisfiable: http://www.ebi.ac.uk/efo/EFO_0005085
Unsatisfiable: http://www.ebi.ac.uk/efo/EFO_0005086
Unsatisfiable: http://www.ebi.ac.uk/efo/EFO_0005087
Unsatisfiable: http://www.ebi.ac.uk/efo/EFO_0005051
Unsatisfiable: http://purl.obolibrary.org/obo/UBERON_0005564
Unsatisfiable: http://purl.obolibrary.org/obo/UBERON_0005562
Unsatisfiable: http://purl.obolibrary.org/obo/OBI_0600002
Unsatisfiable: http://purl.obolibrary.org/obo/UBERON_0000922
