Unable to load AAO
ABA-AMB references classes from external ontologies 24 times, but has no imports. Referenced ontologies: [CO, EV]
ADO references classes from external ontologies 4 times, but has no imports. Referenced ontologies: [MAO, ARD, CO]
Unable to load AO
Unable to load APACOMPUTER
Unable to load APADISORDERS
Unable to load APAEDUCLUSTER
Unable to load APANEUROCLUSTER
Unable to load APAOCUEMPLOY
Unable to load APASTATISTICAL
Unable to load APATANDT
Unable to load APATREATMENT
AURA references classes from external ontologies 5 times, but has no imports. Referenced ontologies: [HC, CO]
Unable to load BCGO
BCO references classes from external ontologies 15 times, but has no imports. Referenced ontologies: [CO]
Unable to load BILA
Unable to load BP-METADATA
Unable to load BRCT
Unable to load CEDARVS
Unable to load CEPH
CHD references classes from external ontologies 4 times, but has no imports. Referenced ontologies: [EV, CO]
CN references classes from external ontologies 3 times, but has no imports. Referenced ontologies: [ISO, HC, CO]
Unable to load CNO
CO-WHEAT references classes from external ontologies 176 times, but has no imports. Referenced ontologies: [CO]
COGAT references classes from external ontologies 3 times, but has no imports. Referenced ontologies: [CO]
Unable to load COGPO
Unable to load COMODI
Unable to load CPRO
CSEO references classes from external ontologies 17410 times, but has no imports. Referenced ontologies: [EV, CO, HC, ISO, ARD]
Unable to load CTENO
Unable to load CTONT
Unable to load CVDO
Unable to load DCO
Unable to load DC_CL
Unable to load DDI
Unable to load DDPHENO
Unable to load DIKB
DLORO references classes from external ontologies 1 times, but has no imports. Referenced ontologies: [CO]
Unable to load DPO
ECO references classes from external ontologies 677 times, but has no imports. Referenced ontologies: [CO]
Unable to load EMAPA
Unable to load ENTITY
Unable to load ENTITYCANDIDATES
Unable to load EPO
Unable to load EXACT
Unable to load FALL
FB-CV references classes from external ontologies 1 times, but has no imports. Referenced ontologies: [CO]
Unable to load FBBI
Unable to load FBBT
Unable to load FBCV
Unable to load FBDV
Unable to load FBSP
Unable to load FLU
Unable to load FTC
GALEN references classes from external ontologies 3 times, but has no imports. Referenced ontologies: [EV, CO, HC]
GENE-CDS references classes from external ontologies 14 times, but has no imports. Referenced ontologies: [HC, CO]
Unable to load GEO
Unable to load GEOSPECIES
