ROUND 1
Loading ontology... file:/home/slater/UNMIREOT/obo/combos/obofoundry_core_fixed_merged_bcgo_merged.owl
Reasoning...
Getting unsats...
Unsatisfiable classes: 827
Getting top unsats...
Found 224 non-leaf unsats with the highest @ 74 out of a total 827 unsats
Removing a further 68 classes with superclasses in the group
Now looking at 156 unsats out of a total 827
Found happy ontology friend group of 49 classes with sc-count 2 (well I suppose strictly they can't be all that happy given their instances cannot possibly exist :(. Now, we will fix that!
Pared 827 unsatisfiable classes down to 49 to justify for this round
There are more than 25 classes, so we will take a random sample of 25 from our subset.
Processing http://purl.obolibrary.org/obo/GO_1901339 (1/25)
Processing http://purl.obolibrary.org/obo/GO_2000310 (2/25)
Processing http://purl.obolibrary.org/obo/GO_1902159 (3/25)
Processing http://purl.obolibrary.org/obo/GO_1902595 (4/25)
Processing http://purl.obolibrary.org/obo/GO_0000182 (5/25)
Processing http://purl.obolibrary.org/obo/GO_1902514 (6/25)
Processing http://purl.obolibrary.org/obo/GO_1903025 (7/25)
Processing http://purl.obolibrary.org/obo/GO_1902595 (8/25)
Processing http://purl.obolibrary.org/obo/OBI_0000291 (9/25)
Processing http://purl.obolibrary.org/obo/GO_0060314 (10/25)
Processing http://purl.obolibrary.org/obo/GO_0000182 (11/25)
Processing http://purl.obolibrary.org/obo/OBI_0001296 (12/25)
Processing http://purl.obolibrary.org/obo/GO_1901529 (13/25)
Processing http://purl.obolibrary.org/obo/GO_1902259 (14/25)
Processing http://purl.obolibrary.org/obo/GO_2000311 (15/25)
Processing http://purl.obolibrary.org/obo/GO_1904796 (16/25)
Processing http://purl.obolibrary.org/obo/GO_0099510 (17/25)
Processing http://purl.obolibrary.org/obo/OBI_1110178 (18/25)
Processing http://purl.obolibrary.org/obo/GO_1901585 (19/25)
Processing http://purl.obolibrary.org/obo/GO_0044374 (20/25)
Processing http://purl.obolibrary.org/obo/GO_1901585 (21/25)
Processing http://purl.obolibrary.org/obo/GO_0043506 (22/25)
Processing http://purl.obolibrary.org/obo/GO_1902606 (23/25)
Processing http://purl.obolibrary.org/obo/GO_2000823 (24/25)
Processing http://purl.obolibrary.org/obo/GO_1902941 (25/25)
Removing naughtiest axiom: DisjointClasses(<http://purl.obolibrary.org/obo/BFO_0000002> <http://purl.obolibrary.org/obo/BFO_0000003>) with 20 implications
removing: [DisjointClasses(<http://purl.obolibrary.org/obo/BFO_0000002> <http://purl.obolibrary.org/obo/BFO_0000003>)]
Removing DisjointClasses(<http://purl.obolibrary.org/obo/BFO_0000002> <http://purl.obolibrary.org/obo/BFO_0000003>) from main ontology
Removing DisjointClasses(<http://purl.obolibrary.org/obo/BFO_0000002> <http://purl.obolibrary.org/obo/BFO_0000003>) from import Optional[http://reality.rehab/ontology/obofoundry_core_fixed_merged]
Saved obo/results/bcgo/fixed.owl
ROUND 2
Loading ontology... file:/home/slater/UNMIREOT/obo/results/bcgo/fixed.owl
Reasoning...
Getting unsats...
Unsatisfiable classes: 227
Getting top unsats...
Found 22 non-leaf unsats with the highest @ 29 out of a total 227 unsats
Removing a further 3 classes with superclasses in the group
Now looking at 19 unsats out of a total 227
Found happy ontology friend group of 7 classes with sc-count 1 (well I suppose strictly they can't be all that happy given their instances cannot possibly exist :(. Now, we will fix that!
Pared 227 unsatisfiable classes down to 7 to justify for this round
Processing http://purl.obolibrary.org/obo/CHEBI_17073 (1/7)
Processing http://purl.obolibrary.org/obo/CHEBI_17165 (2/7)
Processing http://purl.obolibrary.org/obo/CHEBI_17269 (3/7)
Processing http://purl.obolibrary.org/obo/OBI_0000109 (4/7)
Processing http://purl.obolibrary.org/obo/OBI_0001537 (5/7)
Processing http://purl.obolibrary.org/obo/OBI_0001979 (6/7)
Processing http://purl.obolibrary.org/obo/OBI_0600064 (7/7)
Removing naughtiest axiom: ObjectPropertyRange(<http://purl.obolibrary.org/obo/RO_0000053> <http://purl.obolibrary.org/obo/BFO_0000020>) with 4 implications
removing: [ObjectPropertyRange(<http://purl.obolibrary.org/obo/RO_0000053> <http://purl.obolibrary.org/obo/BFO_0000020>)]
Removing ObjectPropertyRange(<http://purl.obolibrary.org/obo/RO_0000053> <http://purl.obolibrary.org/obo/BFO_0000020>) from main ontology
Removing ObjectPropertyRange(<http://purl.obolibrary.org/obo/RO_0000053> <http://purl.obolibrary.org/obo/BFO_0000020>) from import Optional[http://reality.rehab/ontology/obofoundry_core_fixed_merged]
Saved obo/results/bcgo/fixed.owl
ROUND 3
Loading ontology... file:/home/slater/UNMIREOT/obo/results/bcgo/fixed.owl
Reasoning...
Getting unsats...
Unsatisfiable classes: 227
Getting top unsats...
Found 22 non-leaf unsats with the highest @ 29 out of a total 227 unsats
Removing a further 3 classes with superclasses in the group
Now looking at 19 unsats out of a total 227
Found happy ontology friend group of 7 classes with sc-count 1 (well I suppose strictly they can't be all that happy given their instances cannot possibly exist :(. Now, we will fix that!
Pared 227 unsatisfiable classes down to 7 to justify for this round
Processing http://purl.obolibrary.org/obo/CHEBI_17073 (1/7)
Processing http://purl.obolibrary.org/obo/CHEBI_17165 (2/7)
Processing http://purl.obolibrary.org/obo/CHEBI_17269 (3/7)
Processing http://purl.obolibrary.org/obo/OBI_0000109 (4/7)
Processing http://purl.obolibrary.org/obo/OBI_0001537 (5/7)
Processing http://purl.obolibrary.org/obo/OBI_0001979 (6/7)
Processing http://purl.obolibrary.org/obo/OBI_0600064 (7/7)
Removing naughtiest axiom: SubClassOf(<http://purl.obolibrary.org/obo/BFO_0000017> <http://purl.obolibrary.org/obo/BFO_0000020>) with 5 implications
removing: [SubClassOf(<http://purl.obolibrary.org/obo/BFO_0000017> <http://purl.obolibrary.org/obo/BFO_0000020>)]
Removing SubClassOf(<http://purl.obolibrary.org/obo/BFO_0000017> <http://purl.obolibrary.org/obo/BFO_0000020>) from main ontology
Saved obo/results/bcgo/fixed.owl
ROUND 4
Loading ontology... file:/home/slater/UNMIREOT/obo/results/bcgo/fixed.owl
Reasoning...
Getting unsats...
Unsatisfiable classes: 165
Getting top unsats...
Found 13 non-leaf unsats with the highest @ 29 out of a total 165 unsats
Removing a further 3 classes with superclasses in the group
Now looking at 10 unsats out of a total 165
Found happy ontology friend group of 3 classes with sc-count 2 (well I suppose strictly they can't be all that happy given their instances cannot possibly exist :(. Now, we will fix that!
Pared 165 unsatisfiable classes down to 3 to justify for this round
Processing http://purl.obolibrary.org/obo/OBI_0001296 (1/3)
Processing http://purl.obolibrary.org/obo/OBI_0001368 (2/3)
Processing http://purl.obolibrary.org/obo/OBI_1110178 (3/3)
Removing naughtiest axiom: SubClassOf(<http://purl.obolibrary.org/obo/PATO_0001296> <http://purl.obolibrary.org/obo/PATO_0001300>) with 3 implications
removing: [SubClassOf(<http://purl.obolibrary.org/obo/PATO_0001296> <http://purl.obolibrary.org/obo/PATO_0001300>)]
Removing SubClassOf(<http://purl.obolibrary.org/obo/PATO_0001296> <http://purl.obolibrary.org/obo/PATO_0001300>) from import Optional[http://reality.rehab/ontology/obofoundry_core_fixed_merged]
Saved obo/results/bcgo/fixed.owl
ROUND 5
Loading ontology... file:/home/slater/UNMIREOT/obo/results/bcgo/fixed.owl
Reasoning...
Getting unsats...
Unsatisfiable classes: 34
Getting top unsats...
Found 3 non-leaf unsats with the highest @ 18 out of a total 34 unsats
Removing a further 1 classes with superclasses in the group
Now looking at 2 unsats out of a total 34
Found happy ontology friend group of 1 classes with sc-count 18 (well I suppose strictly they can't be all that happy given their instances cannot possibly exist :(. Now, we will fix that!
Pared 34 unsatisfiable classes down to 1 to justify for this round
Processing http://purl.obolibrary.org/obo/OBI_0001491 (1/1)
Removing naughtiest axiom: SubClassOf(<http://purl.obolibrary.org/obo/PATO_0001741> <http://purl.obolibrary.org/obo/BFO_0000016>) with 1 implications
removing: [SubClassOf(<http://purl.obolibrary.org/obo/PATO_0001741> <http://purl.obolibrary.org/obo/BFO_0000016>)]
Removing SubClassOf(<http://purl.obolibrary.org/obo/PATO_0001741> <http://purl.obolibrary.org/obo/BFO_0000016>) from import Optional[http://reality.rehab/ontology/obofoundry_core_fixed_merged]
Saved obo/results/bcgo/fixed.owl
ROUND 6
Loading ontology... file:/home/slater/UNMIREOT/obo/results/bcgo/fixed.owl
Reasoning...
Getting unsats...
Unsatisfiable classes: 30
Getting top unsats...
Found 2 non-leaf unsats with the highest @ 18 out of a total 30 unsats
Removing a further 1 classes with superclasses in the group
Now looking at 1 unsats out of a total 30
Pared 30 unsatisfiable classes down to 1 to justify for this round
Processing http://purl.obolibrary.org/obo/OBI_0001491 (1/1)
Removing naughtiest axiom: SubClassOf(<http://purl.obolibrary.org/obo/PATO_0001741> <http://purl.obolibrary.org/obo/PATO_0001740>) with 1 implications
removing: [SubClassOf(<http://purl.obolibrary.org/obo/PATO_0001741> <http://purl.obolibrary.org/obo/PATO_0001740>)]
Removing SubClassOf(<http://purl.obolibrary.org/obo/PATO_0001741> <http://purl.obolibrary.org/obo/PATO_0001740>) from import Optional[http://reality.rehab/ontology/obofoundry_core_fixed_merged]
Saved obo/results/bcgo/fixed.owl
ROUND 7
Loading ontology... file:/home/slater/UNMIREOT/obo/results/bcgo/fixed.owl
Reasoning...
Getting unsats...
Unsatisfiable classes: 3
Getting top unsats...
Less than 25 unsatisfiable classes, looking at them all!
Processing http://purl.obolibrary.org/obo/PATO_0001926 (1/3)
Processing http://purl.obolibrary.org/obo/PATO_0001927 (2/3)
Processing http://purl.obolibrary.org/obo/PATO_0045023 (3/3)
Removing naughtiest axiom: SubClassOf(<http://purl.obolibrary.org/obo/PATO_0000018> <http://purl.obolibrary.org/obo/BFO_0000016>) with 3 implications
removing: [SubClassOf(<http://purl.obolibrary.org/obo/PATO_0000018> <http://purl.obolibrary.org/obo/BFO_0000016>)]
Removing SubClassOf(<http://purl.obolibrary.org/obo/PATO_0000018> <http://purl.obolibrary.org/obo/BFO_0000016>) from import Optional[http://reality.rehab/ontology/obofoundry_core_fixed_merged]
Saved obo/results/bcgo/fixed.owl
ROUND 8
Loading ontology... file:/home/slater/UNMIREOT/obo/results/bcgo/fixed.owl
Reasoning...
Getting unsats...
Unsatisfiable classes: 0
Done.
