ROUND 1
Loading ontology... file:/home/slater/UNMIREOT/obo/combos/obofoundry_core_fixed_merged_ohmi_merged.owl
Reasoning...
Getting unsats...
Unsatisfiable classes: 2576
Getting top unsats...
Found 1050 non-leaf unsats with the highest @ 74 out of a total 2576 unsats
Removing a further 360 classes with superclasses in the group
Now looking at 690 unsats out of a total 2576
Found happy ontology friend group of 272 classes with sc-count 2 (well I suppose strictly they can't be all that happy given their instances cannot possibly exist :(. Now, we will fix that!
Pared 2576 unsatisfiable classes down to 272 to justify for this round
There are more than 25 classes, so we will take a random sample of 25 from our subset.
Processing http://purl.obolibrary.org/obo/GO_0005003 (1/25)
Processing http://purl.obolibrary.org/obo/GO_1903633 (2/25)
Processing http://purl.obolibrary.org/obo/GO_1904232 (3/25)
Processing http://purl.obolibrary.org/obo/GO_1903639 (4/25)
Processing http://purl.obolibrary.org/obo/GO_2000823 (5/25)
Processing http://purl.obolibrary.org/obo/GO_1904939 (6/25)
Processing http://purl.obolibrary.org/obo/GO_0019770 (7/25)
Processing http://purl.obolibrary.org/obo/GO_0038166 (8/25)
Processing http://purl.obolibrary.org/obo/GO_1904875 (9/25)
Processing http://purl.obolibrary.org/obo/GO_0070494 (10/25)
Processing http://purl.obolibrary.org/obo/GO_0062002 (11/25)
Processing http://purl.obolibrary.org/obo/GO_0005042 (12/25)
Processing http://purl.obolibrary.org/obo/GO_1903760 (13/25)
Processing http://purl.obolibrary.org/obo/GO_1904528 (14/25)
Processing http://purl.obolibrary.org/obo/GO_1900450 (15/25)
Processing http://purl.obolibrary.org/obo/GO_0098988 (16/25)
Processing http://purl.obolibrary.org/obo/GO_0010533 (17/25)
Processing http://purl.obolibrary.org/obo/GO_1902606 (18/25)
Processing http://purl.obolibrary.org/obo/GO_0005030 (19/25)
Processing http://purl.obolibrary.org/obo/GO_2000631 (20/25)
Processing http://purl.obolibrary.org/obo/GO_0005035 (21/25)
Processing http://purl.obolibrary.org/obo/GO_1903932 (22/25)
Processing http://purl.obolibrary.org/obo/GO_1905018 (23/25)
Processing http://purl.obolibrary.org/obo/GO_1902514 (24/25)
Processing http://purl.obolibrary.org/obo/GO_1905493 (25/25)
Removing naughtiest axiom: SubClassOf(<http://purl.obolibrary.org/obo/BFO_0000016> <http://purl.obolibrary.org/obo/BFO_0000017>) with 25 implications
removing: [SubClassOf(<http://purl.obolibrary.org/obo/BFO_0000016> <http://purl.obolibrary.org/obo/BFO_0000017>)]
Removing SubClassOf(<http://purl.obolibrary.org/obo/BFO_0000016> <http://purl.obolibrary.org/obo/BFO_0000017>) from main ontology
Removing SubClassOf(<http://purl.obolibrary.org/obo/BFO_0000016> <http://purl.obolibrary.org/obo/BFO_0000017>) from import Optional[http://reality.rehab/ontology/obofoundry_core_fixed_merged]
Saved results/ohmi/fixed.owl
ROUND 2
Loading ontology... file:/home/slater/UNMIREOT/obo/results/ohmi/fixed.owl
Reasoning...
Getting unsats...
Unsatisfiable classes: 0
Done.
