ROUND 1
Loading ontology... file:/home/slater/UNMIREOT/obo/combos/obofoundry_core_fixed_merged_clo_merged.owl
Reasoning...
Getting unsats...
Unsatisfiable classes: 1744
Getting top unsats...
Found 248 non-leaf unsats with the highest @ 74 out of a total 1744 unsats
Removing a further 71 classes with superclasses in the group
Now looking at 177 unsats out of a total 1744
Found happy ontology friend group of 61 classes with sc-count 1 (well I suppose strictly they can't be all that happy given their instances cannot possibly exist :(. Now, we will fix that!
Pared 1744 unsatisfiable classes down to 61 to justify for this round
There are more than 25 classes, so we will take a random sample of 25 from our subset.
Processing http://purl.obolibrary.org/obo/GO_0060380 (1/25)
Processing http://purl.obolibrary.org/obo/CLO_0008947 (2/25)
Processing http://purl.obolibrary.org/obo/GO_0099105 (3/25)
Processing http://purl.obolibrary.org/obo/CLO_0008381 (4/25)
Processing http://purl.obolibrary.org/obo/GO_0016933 (5/25)
Processing http://purl.obolibrary.org/obo/CLO_0007606 (6/25)
Processing http://purl.obolibrary.org/obo/GO_0015252 (7/25)
Processing http://purl.obolibrary.org/obo/GO_0097281 (8/25)
Processing http://purl.obolibrary.org/obo/GO_0004709 (9/25)
Processing http://purl.obolibrary.org/obo/GO_0010361 (10/25)
Processing http://purl.obolibrary.org/obo/CHEBI_17269 (11/25)
Processing http://purl.obolibrary.org/obo/GO_0005219 (12/25)
Processing http://purl.obolibrary.org/obo/GO_0005220 (13/25)
Processing http://purl.obolibrary.org/obo/GO_0005219 (14/25)
Processing http://purl.obolibrary.org/obo/GO_0005220 (15/25)
Processing http://purl.obolibrary.org/obo/CLO_0003701 (16/25)
Processing http://purl.obolibrary.org/obo/GO_0004709 (17/25)
Processing http://purl.obolibrary.org/obo/CLO_0001421 (18/25)
Processing http://purl.obolibrary.org/obo/GO_0001202 (19/25)
Processing http://purl.obolibrary.org/obo/CLO_0001513 (20/25)
Processing http://purl.obolibrary.org/obo/GO_0005227 (21/25)
Processing http://purl.obolibrary.org/obo/CLO_0001601 (22/25)
Processing http://purl.obolibrary.org/obo/GO_0038199 (23/25)
Processing http://purl.obolibrary.org/obo/CLO_0001513 (24/25)
Processing http://purl.obolibrary.org/obo/GO_0017080 (25/25)
Removing naughtiest axiom: SubClassOf(<http://purl.obolibrary.org/obo/BFO_0000016> <http://purl.obolibrary.org/obo/BFO_0000017>) with 20 implications
removing: [SubClassOf(<http://purl.obolibrary.org/obo/BFO_0000016> <http://purl.obolibrary.org/obo/BFO_0000017>)]
Removing SubClassOf(<http://purl.obolibrary.org/obo/BFO_0000016> <http://purl.obolibrary.org/obo/BFO_0000017>) from main ontology
Removing SubClassOf(<http://purl.obolibrary.org/obo/BFO_0000016> <http://purl.obolibrary.org/obo/BFO_0000017>) from import Optional[http://reality.rehab/ontology/obofoundry_core_fixed_merged]
Saved results/clo/fixed.owl
ROUND 2
Loading ontology... file:/home/slater/UNMIREOT/obo/results/clo/fixed.owl
Reasoning...
Getting unsats...
Unsatisfiable classes: 203
Getting top unsats...
Found 14 non-leaf unsats with the highest @ 29 out of a total 203 unsats
Removing a further 2 classes with superclasses in the group
Now looking at 12 unsats out of a total 203
Found happy ontology friend group of 5 classes with sc-count 1 (well I suppose strictly they can't be all that happy given their instances cannot possibly exist :(. Now, we will fix that!
Pared 203 unsatisfiable classes down to 5 to justify for this round
Processing http://purl.obolibrary.org/obo/CHEBI_17073 (1/5)
Processing http://purl.obolibrary.org/obo/CHEBI_17165 (2/5)
Processing http://purl.obolibrary.org/obo/CHEBI_17269 (3/5)
Processing http://purl.obolibrary.org/obo/OBI_0001537 (4/5)
Processing http://purl.obolibrary.org/obo/OBI_0001979 (5/5)
Removing naughtiest axiom: SubClassOf(<http://purl.obolibrary.org/obo/CHEBI_24431> <http://purl.obolibrary.org/obo/BFO_0000040>) with 3 implications
removing: [SubClassOf(<http://purl.obolibrary.org/obo/CHEBI_24431> <http://purl.obolibrary.org/obo/BFO_0000040>)]
Removing SubClassOf(<http://purl.obolibrary.org/obo/CHEBI_24431> <http://purl.obolibrary.org/obo/BFO_0000040>) from main ontology
Saved results/clo/fixed.owl
ROUND 3
Loading ontology... file:/home/slater/UNMIREOT/obo/results/clo/fixed.owl
Reasoning...
Getting unsats...
Unsatisfiable classes: 166
Getting top unsats...
Found 11 non-leaf unsats with the highest @ 29 out of a total 166 unsats
Removing a further 2 classes with superclasses in the group
Now looking at 9 unsats out of a total 166
Found happy ontology friend group of 3 classes with sc-count 2 (well I suppose strictly they can't be all that happy given their instances cannot possibly exist :(. Now, we will fix that!
Pared 166 unsatisfiable classes down to 3 to justify for this round
Processing http://purl.obolibrary.org/obo/OBI_0001296 (1/3)
Processing http://purl.obolibrary.org/obo/OBI_0001368 (2/3)
Processing http://purl.obolibrary.org/obo/OBI_1110178 (3/3)
Removing naughtiest axiom: SubClassOf(<http://purl.obolibrary.org/obo/PATO_0001296> <http://purl.obolibrary.org/obo/PATO_0001300>) with 3 implications
removing: [SubClassOf(<http://purl.obolibrary.org/obo/PATO_0001296> <http://purl.obolibrary.org/obo/PATO_0001300>)]
Removing SubClassOf(<http://purl.obolibrary.org/obo/PATO_0001296> <http://purl.obolibrary.org/obo/PATO_0001300>) from import Optional[http://reality.rehab/ontology/obofoundry_core_fixed_merged]
Saved results/clo/fixed.owl
ROUND 4
Loading ontology... file:/home/slater/UNMIREOT/obo/results/clo/fixed.owl
Reasoning...
Getting unsats...
Unsatisfiable classes: 40
Getting top unsats...
Found 3 non-leaf unsats with the highest @ 18 out of a total 40 unsats
Removing a further 1 classes with superclasses in the group
Now looking at 2 unsats out of a total 40
Found happy ontology friend group of 1 classes with sc-count 4 (well I suppose strictly they can't be all that happy given their instances cannot possibly exist :(. Now, we will fix that!
Pared 40 unsatisfiable classes down to 1 to justify for this round
Processing http://purl.obolibrary.org/obo/DOID_0060160 (1/1)
Removing naughtiest axiom: DisjointClasses(Annotation(rdf:type <http://www.w3.org/2002/07/owl#AllDisjointClasses>) <http://purl.obolibrary.org/obo/DOID_0060160> <http://purl.obolibrary.org/obo/DOID_0060161> <http://purl.obolibrary.org/obo/DOID_0111064> <http://purl.obolibrary.org/obo/DOID_0111065> <http://purl.obolibrary.org/obo/DOID_4873>) with 1 implications
removing: [DisjointClasses(Annotation(rdf:type <http://www.w3.org/2002/07/owl#AllDisjointClasses>) <http://purl.obolibrary.org/obo/DOID_0060160> <http://purl.obolibrary.org/obo/DOID_0060161> <http://purl.obolibrary.org/obo/DOID_0111064> <http://purl.obolibrary.org/obo/DOID_0111065> <http://purl.obolibrary.org/obo/DOID_4873>)]
Removing DisjointClasses(Annotation(rdf:type <http://www.w3.org/2002/07/owl#AllDisjointClasses>) <http://purl.obolibrary.org/obo/DOID_0060160> <http://purl.obolibrary.org/obo/DOID_0060161> <http://purl.obolibrary.org/obo/DOID_0111064> <http://purl.obolibrary.org/obo/DOID_0111065> <http://purl.obolibrary.org/obo/DOID_4873>) from import Optional[http://reality.rehab/ontology/obofoundry_core_fixed_merged]
Saved results/clo/fixed.owl
ROUND 5
Loading ontology... file:/home/slater/UNMIREOT/obo/results/clo/fixed.owl
Reasoning...
Getting unsats...
Unsatisfiable classes: 27
Getting top unsats...
Found 2 non-leaf unsats with the highest @ 18 out of a total 27 unsats
Removing a further 1 classes with superclasses in the group
Now looking at 1 unsats out of a total 27
Pared 27 unsatisfiable classes down to 1 to justify for this round
Processing http://purl.obolibrary.org/obo/OBI_0001491 (1/1)
Removing naughtiest axiom: SubClassOf(<http://purl.obolibrary.org/obo/PATO_0001741> <http://purl.obolibrary.org/obo/PATO_0001740>) with 1 implications
removing: [SubClassOf(<http://purl.obolibrary.org/obo/PATO_0001741> <http://purl.obolibrary.org/obo/PATO_0001740>)]
Removing SubClassOf(<http://purl.obolibrary.org/obo/PATO_0001741> <http://purl.obolibrary.org/obo/PATO_0001740>) from import Optional[http://reality.rehab/ontology/obofoundry_core_fixed_merged]
Saved results/clo/fixed.owl
ROUND 6
Loading ontology... file:/home/slater/UNMIREOT/obo/results/clo/fixed.owl
Reasoning...
Getting unsats...
Unsatisfiable classes: 0
Done.
