ROUND 1
Loading ontology... file:/home/slater/UNMIREOT/obo/combos/obofoundry_core_fixed_merged_dideo_merged.owl
Reasoning...
Getting unsats...
Unsatisfiable classes: 7650
Getting top unsats...
Found 2024 non-leaf unsats with the highest @ 351 out of a total 7650 unsats
Removing a further 705 classes with superclasses in the group
Now looking at 1319 unsats out of a total 7650
Found happy ontology friend group of 418 classes with sc-count 2 (well I suppose strictly they can't be all that happy given their instances cannot possibly exist :(. Now, we will fix that!
Pared 7650 unsatisfiable classes down to 418 to justify for this round
There are more than 25 classes, so we will take a random sample of 25 from our subset.
Processing http://purl.obolibrary.org/obo/GO_1900262 (1/25)
Processing http://purl.obolibrary.org/obo/GO_1902885 (2/25)
Processing http://purl.obolibrary.org/obo/GO_0043456 (3/25)
Processing http://purl.obolibrary.org/obo/GO_0005338 (4/25)
Processing http://purl.obolibrary.org/obo/GO_1904245 (5/25)
Processing http://purl.obolibrary.org/obo/GO_0061187 (6/25)
Processing http://purl.obolibrary.org/obo/GO_0007211 (7/25)
Processing http://purl.obolibrary.org/obo/GO_0004033 (8/25)
Processing http://purl.obolibrary.org/obo/GO_0005338 (9/25)
Processing http://purl.obolibrary.org/obo/GO_0043506 (10/25)
Processing http://purl.obolibrary.org/obo/GO_0060167 (11/25)
Processing http://purl.obolibrary.org/obo/GO_0001409 (12/25)
Processing http://purl.obolibrary.org/obo/GO_0099510 (13/25)
Processing http://purl.obolibrary.org/obo/GO_0016503 (14/25)
Processing http://purl.obolibrary.org/obo/GO_0005035 (15/25)
Processing http://purl.obolibrary.org/obo/GO_2000361 (16/25)
Processing http://purl.obolibrary.org/obo/GO_0016715 (17/25)
Processing http://purl.obolibrary.org/obo/GO_1900010 (18/25)
Processing http://purl.obolibrary.org/obo/GO_0005294 (19/25)
Processing http://purl.obolibrary.org/obo/GO_1902947 (20/25)
Processing http://purl.obolibrary.org/obo/GO_0001191 (21/25)
Processing http://purl.obolibrary.org/obo/GO_0016503 (22/25)
Processing http://purl.obolibrary.org/obo/GO_1905015 (23/25)
Processing http://purl.obolibrary.org/obo/GO_0060589 (24/25)
Processing http://purl.obolibrary.org/obo/GO_0075162 (25/25)
Removing naughtiest axiom: SubClassOf(<http://purl.obolibrary.org/obo/BFO_0000016> <http://purl.obolibrary.org/obo/BFO_0000017>) with 23 implications
removing: [SubClassOf(<http://purl.obolibrary.org/obo/BFO_0000016> <http://purl.obolibrary.org/obo/BFO_0000017>)]
Removing SubClassOf(<http://purl.obolibrary.org/obo/BFO_0000016> <http://purl.obolibrary.org/obo/BFO_0000017>) from main ontology
Removing SubClassOf(<http://purl.obolibrary.org/obo/BFO_0000016> <http://purl.obolibrary.org/obo/BFO_0000017>) from import Optional[http://reality.rehab/ontology/obofoundry_core_fixed_merged]
Saved results/dideo/fixed.owl
ROUND 2
Loading ontology... file:/home/slater/UNMIREOT/obo/results/dideo/fixed.owl
Reasoning...
Getting unsats...
Unsatisfiable classes: 124
Getting top unsats...
Found 15 non-leaf unsats with the highest @ 7 out of a total 124 unsats
Removing a further 3 classes with superclasses in the group
Now looking at 12 unsats out of a total 124
Found happy ontology friend group of 7 classes with sc-count 1 (well I suppose strictly they can't be all that happy given their instances cannot possibly exist :(. Now, we will fix that!
Pared 124 unsatisfiable classes down to 7 to justify for this round
Processing http://purl.obolibrary.org/obo/CHEBI_17073 (1/7)
Processing http://purl.obolibrary.org/obo/CHEBI_17165 (2/7)
Processing http://purl.obolibrary.org/obo/CHEBI_17269 (3/7)
Processing http://purl.obolibrary.org/obo/CHEBI_25078 (4/7)
Processing http://purl.obolibrary.org/obo/OBI_0000415 (5/7)
Processing http://purl.obolibrary.org/obo/OBI_0000552 (6/7)
Processing http://purl.obolibrary.org/obo/OBI_0001919 (7/7)
Removing naughtiest axiom: SubClassOf(<http://purl.obolibrary.org/obo/CHEBI_24431> <http://purl.obolibrary.org/obo/BFO_0000040>) with 4 implications
removing: [SubClassOf(<http://purl.obolibrary.org/obo/CHEBI_24431> <http://purl.obolibrary.org/obo/BFO_0000040>)]
Removing SubClassOf(<http://purl.obolibrary.org/obo/CHEBI_24431> <http://purl.obolibrary.org/obo/BFO_0000040>) from main ontology
Saved results/dideo/fixed.owl
ROUND 3
Loading ontology... file:/home/slater/UNMIREOT/obo/results/dideo/fixed.owl
Reasoning...
Getting unsats...
Unsatisfiable classes: 85
Getting top unsats...
Found 11 non-leaf unsats with the highest @ 7 out of a total 85 unsats
Removing a further 3 classes with superclasses in the group
Now looking at 8 unsats out of a total 85
Found happy ontology friend group of 3 classes with sc-count 1 (well I suppose strictly they can't be all that happy given their instances cannot possibly exist :(. Now, we will fix that!
Pared 85 unsatisfiable classes down to 3 to justify for this round
Processing http://purl.obolibrary.org/obo/OBI_0000415 (1/3)
Processing http://purl.obolibrary.org/obo/OBI_0000552 (2/3)
Processing http://purl.obolibrary.org/obo/OBI_0001919 (3/3)
Removing naughtiest axiom: SubClassOf(<http://purl.obolibrary.org/obo/GO_0034061> ObjectSomeValuesFrom(<http://purl.obolibrary.org/obo/BFO_0000050> <http://purl.obolibrary.org/obo/GO_0071897>)) with 3 implications
removing: [SubClassOf(<http://purl.obolibrary.org/obo/GO_0034061> ObjectSomeValuesFrom(<http://purl.obolibrary.org/obo/BFO_0000050> <http://purl.obolibrary.org/obo/GO_0071897>))]
Removing SubClassOf(<http://purl.obolibrary.org/obo/GO_0034061> ObjectSomeValuesFrom(<http://purl.obolibrary.org/obo/BFO_0000050> <http://purl.obolibrary.org/obo/GO_0071897>)) from import Optional[http://reality.rehab/ontology/obofoundry_core_fixed_merged]
Saved results/dideo/fixed.owl
ROUND 4
Loading ontology... file:/home/slater/UNMIREOT/obo/results/dideo/fixed.owl
Reasoning...
Getting unsats...
Unsatisfiable classes: 30
Getting top unsats...
Found 3 non-leaf unsats with the highest @ 2 out of a total 30 unsats
Removing a further 2 classes with superclasses in the group
Now looking at 1 unsats out of a total 30
Pared 30 unsatisfiable classes down to 1 to justify for this round
Processing http://purl.obolibrary.org/obo/OBI_0000552 (1/1)
Removing naughtiest axiom: SubClassOf(<http://purl.obolibrary.org/obo/OBI_0000552> ObjectSomeValuesFrom(<http://purl.obolibrary.org/obo/BFO_0000051> ObjectIntersectionOf(<http://purl.obolibrary.org/obo/OBI_0000415> ObjectSomeValuesFrom(<http://purl.obolibrary.org/obo/RO_0002087> <http://purl.obolibrary.org/obo/OBI_0600028>)))) with 1 implications
removing: [SubClassOf(<http://purl.obolibrary.org/obo/OBI_0000552> ObjectSomeValuesFrom(<http://purl.obolibrary.org/obo/BFO_0000051> ObjectIntersectionOf(<http://purl.obolibrary.org/obo/OBI_0000415> ObjectSomeValuesFrom(<http://purl.obolibrary.org/obo/RO_0002087> <http://purl.obolibrary.org/obo/OBI_0600028>))))]
Removing SubClassOf(<http://purl.obolibrary.org/obo/OBI_0000552> ObjectSomeValuesFrom(<http://purl.obolibrary.org/obo/BFO_0000051> ObjectIntersectionOf(<http://purl.obolibrary.org/obo/OBI_0000415> ObjectSomeValuesFrom(<http://purl.obolibrary.org/obo/RO_0002087> <http://purl.obolibrary.org/obo/OBI_0600028>)))) from import Optional[http://reality.rehab/ontology/obofoundry_core_fixed_merged]
Saved results/dideo/fixed.owl
ROUND 5
Loading ontology... file:/home/slater/UNMIREOT/obo/results/dideo/fixed.owl
Reasoning...
Getting unsats...
Unsatisfiable classes: 20
Getting top unsats...
Less than 25 unsatisfiable classes, looking at them all!
Processing http://purl.obolibrary.org/obo/DIDEO_00000059 (1/20)
Processing http://purl.obolibrary.org/obo/DIDEO_00000060 (2/20)
Processing http://purl.obolibrary.org/obo/DIDEO_00000104 (3/20)
Processing http://purl.obolibrary.org/obo/DIDEO_00000105 (4/20)
Processing http://purl.obolibrary.org/obo/DIDEO_00000106 (5/20)
Processing http://purl.obolibrary.org/obo/DIDEO_00000107 (6/20)
Processing http://purl.obolibrary.org/obo/DIDEO_00000108 (7/20)
Processing http://purl.obolibrary.org/obo/DIDEO_00000109 (8/20)
Processing http://purl.obolibrary.org/obo/DIDEO_00000110 (9/20)
Processing http://purl.obolibrary.org/obo/DIDEO_00000111 (10/20)
Processing http://purl.obolibrary.org/obo/DIDEO_00000112 (11/20)
Processing http://purl.obolibrary.org/obo/DIDEO_00000113 (12/20)
Processing http://purl.obolibrary.org/obo/DIDEO_00000114 (13/20)
Processing http://purl.obolibrary.org/obo/DIDEO_00000115 (14/20)
Processing http://purl.obolibrary.org/obo/DIDEO_00000116 (15/20)
Processing http://purl.obolibrary.org/obo/DIDEO_00000117 (16/20)
Processing http://purl.obolibrary.org/obo/OBI_0000419 (17/20)
Processing http://purl.obolibrary.org/obo/OBI_0000911 (18/20)
Processing http://purl.obolibrary.org/obo/OBI_0001898 (19/20)
Processing http://purl.obolibrary.org/obo/OBI_0600028 (20/20)
Removing naughtiest axiom: ObjectPropertyRange(<http://purl.obolibrary.org/obo/OBI_0000312> <http://purl.obolibrary.org/obo/OBI_0000011>) with 16 implications
removing: [ObjectPropertyRange(<http://purl.obolibrary.org/obo/OBI_0000312> <http://purl.obolibrary.org/obo/OBI_0000011>)]
Removing ObjectPropertyRange(<http://purl.obolibrary.org/obo/OBI_0000312> <http://purl.obolibrary.org/obo/OBI_0000011>) from main ontology
Removing ObjectPropertyRange(<http://purl.obolibrary.org/obo/OBI_0000312> <http://purl.obolibrary.org/obo/OBI_0000011>) from import Optional[http://reality.rehab/ontology/obofoundry_core_fixed_merged]
Saved results/dideo/fixed.owl
ROUND 6
Loading ontology... file:/home/slater/UNMIREOT/obo/results/dideo/fixed.owl
Reasoning...
Getting unsats...
Unsatisfiable classes: 4
Getting top unsats...
Less than 25 unsatisfiable classes, looking at them all!
Processing http://purl.obolibrary.org/obo/OBI_0000419 (1/4)
Processing http://purl.obolibrary.org/obo/OBI_0000911 (2/4)
Processing http://purl.obolibrary.org/obo/OBI_0001898 (3/4)
Processing http://purl.obolibrary.org/obo/OBI_0600028 (4/4)
Removing naughtiest axiom: DisjointClasses(<http://purl.obolibrary.org/obo/BFO_0000002> ObjectSomeValuesFrom(<http://purl.obolibrary.org/obo/BFO_0000050> <http://purl.obolibrary.org/obo/BFO_0000003>)) with 4 implications
removing: [DisjointClasses(<http://purl.obolibrary.org/obo/BFO_0000002> ObjectSomeValuesFrom(<http://purl.obolibrary.org/obo/BFO_0000050> <http://purl.obolibrary.org/obo/BFO_0000003>))]
Removing DisjointClasses(<http://purl.obolibrary.org/obo/BFO_0000002> ObjectSomeValuesFrom(<http://purl.obolibrary.org/obo/BFO_0000050> <http://purl.obolibrary.org/obo/BFO_0000003>)) from main ontology
Saved results/dideo/fixed.owl
ROUND 7
Loading ontology... file:/home/slater/UNMIREOT/obo/results/dideo/fixed.owl
Reasoning...
Getting unsats...
Unsatisfiable classes: 0
Done.
