[MIREOTFIND] Loading ABA-AMB
[MIREOTFIND] ABA-AMB has no imports
[MIREOTFIND] Found 913 classes in ABA-AMB
[MIREOTFIND] Loading ABD
[MIREOTFIND] ABD has no imports
[MIREOTFIND] Found 1445 classes in ABD
[MIREOTFIND] Loading ACGT-MO
[MIREOTFIND] Found 1755 classes in ACGT-MO
[MIREOTFIND] Loading ADAR
[MIREOTFIND] ADAR has no imports
[MIREOTFIND] Found 791 classes in ADAR
[MIREOTFIND] Loading ADMIN
[MIREOTFIND] ADMIN has no imports
[MIREOTFIND] Found 44 classes in ADMIN
[MIREOTFIND] Loading ADO
[MIREOTFIND] ADO has no imports
[MIREOTFIND] Found 1565 classes in ADO
[MIREOTFIND] Loading ADW
[MIREOTFIND] Found 362 classes in ADW
[MIREOTFIND] Loading AEO
[MIREOTFIND] AEO has no imports
[MIREOTFIND] Found 430 classes in AEO
[MIREOTFIND] Loading AERO
[MIREOTFIND] Unable to load AERO
[MIREOTFIND] Loading AI-RHEUM
[MIREOTFIND] Found 815 classes in AI-RHEUM
[MIREOTFIND] Loading ALLERGYDETECTOR
[MIREOTFIND] ALLERGYDETECTOR has no imports
[MIREOTFIND] Found 12 classes in ALLERGYDETECTOR
[MIREOTFIND] Loading AMINO-ACID
[MIREOTFIND] AMINO-ACID has no imports
[MIREOTFIND] Found 46 classes in AMINO-ACID
[MIREOTFIND] Loading ANCESTRO
[MIREOTFIND] ANCESTRO has no imports
[MIREOTFIND] Found 541 classes in ANCESTRO
[MIREOTFIND] Loading AO
[MIREOTFIND] AO has no imports
[MIREOTFIND] Found 209 classes in AO
[MIREOTFIND] Loading APACOMPUTER
[MIREOTFIND] Unable to load APACOMPUTER
[MIREOTFIND] Loading APADISORDERS
[MIREOTFIND] Unable to load APADISORDERS
[MIREOTFIND] Loading APAEDUCLUSTER
[MIREOTFIND] Unable to load APAEDUCLUSTER
[MIREOTFIND] Loading APANEUROCLUSTER
[MIREOTFIND] Unable to load APANEUROCLUSTER
[MIREOTFIND] Loading APAOCUEMPLOY
[MIREOTFIND] Unable to load APAOCUEMPLOY
[MIREOTFIND] Loading APAONTO
[MIREOTFIND] APAONTO has no imports
[MIREOTFIND] Found 6037 classes in APAONTO
[MIREOTFIND] Loading APASTATISTICAL
[MIREOTFIND] Unable to load APASTATISTICAL
[MIREOTFIND] New ontology count: 497
[MIREOTFIND] Ontologies with no imports: 11
[MIREOTFIND] Comparing classes
[MIREOTFIND] Comparing classes for ABA-AMB
[MIREOTFIND] ABA-AMB has no imports and references classes 9816 times from: [ACGT-MO, ADO, ADW, EHDAA2, CARO, ZFA, FB-BT, FBBT, STY, ALLERGYDETECTOR, AMINO-ACID, APAONTO]
[MIREOTFIND] Comparing classes for ABD
[MIREOTFIND] ABD has no imports and references classes 10729 times from: [ABA-AMB, ACGT-MO, ADO, ADW, EHDAA2, CARO, ZFA, FB-BT, FBBT, STY, ALLERGYDETECTOR, AMINO-ACID, APAONTO]
[MIREOTFIND] Comparing classes for ACGT-MO
[MIREOTFIND] Comparing classes for ADAR
[MIREOTFIND] ADAR has no imports and references classes 10729 times from: [ABA-AMB, ACGT-MO, ADO, ADW, EHDAA2, CARO, ZFA, FB-BT, FBBT, STY, ALLERGYDETECTOR, AMINO-ACID, APAONTO]
[MIREOTFIND] Comparing classes for ADMIN
[MIREOTFIND] ADMIN has no imports and references classes 10729 times from: [ABA-AMB, ACGT-MO, ADO, ADW, EHDAA2, CARO, ZFA, FB-BT, FBBT, STY, ALLERGYDETECTOR, AMINO-ACID, APAONTO]
[MIREOTFIND] Comparing classes for ADO
[MIREOTFIND] ADO has no imports and references classes 9421 times from: [ABA-AMB, ACGT-MO, ADW, EHDAA2, CARO, ZFA, FB-BT, FBBT, STY, ALLERGYDETECTOR, AMINO-ACID, APAONTO]
[MIREOTFIND] Comparing classes for ADW
[MIREOTFIND] Comparing classes for AEO
[MIREOTFIND] AEO has no imports and references classes 10729 times from: [ABA-AMB, ACGT-MO, ADO, ADW, EHDAA2, CARO, ZFA, FB-BT, FBBT, STY, ALLERGYDETECTOR, AMINO-ACID, APAONTO]
[MIREOTFIND] Comparing classes for AERO
[MIREOTFIND] Comparing classes for AI-RHEUM
[MIREOTFIND] Comparing classes for ALLERGYDETECTOR
[MIREOTFIND] ALLERGYDETECTOR has no imports and references classes 10723 times from: [ABA-AMB, ACGT-MO, ADO, ADW, EHDAA2, CARO, ZFA, FB-BT, FBBT, STY, AMINO-ACID, APAONTO]
[MIREOTFIND] Comparing classes for AMINO-ACID
[MIREOTFIND] AMINO-ACID has no imports and references classes 10683 times from: [ABA-AMB, ACGT-MO, ADO, ADW, EHDAA2, CARO, ZFA, FB-BT, FBBT, STY, ALLERGYDETECTOR, APAONTO]
[MIREOTFIND] Comparing classes for ANCESTRO
[MIREOTFIND] ANCESTRO has no imports and references classes 10729 times from: [ABA-AMB, ACGT-MO, ADO, ADW, EHDAA2, CARO, ZFA, FB-BT, FBBT, STY, ALLERGYDETECTOR, AMINO-ACID, APAONTO]
[MIREOTFIND] Comparing classes for AO
[MIREOTFIND] AO has no imports and references classes 10729 times from: [ABA-AMB, ACGT-MO, ADO, ADW, EHDAA2, CARO, ZFA, FB-BT, FBBT, STY, ALLERGYDETECTOR, AMINO-ACID, APAONTO]
[MIREOTFIND] Comparing classes for APACOMPUTER
[MIREOTFIND] Comparing classes for APADISORDERS
[MIREOTFIND] Comparing classes for APAEDUCLUSTER
[MIREOTFIND] Comparing classes for APANEUROCLUSTER
[MIREOTFIND] Comparing classes for APAOCUEMPLOY
[MIREOTFIND] Comparing classes for APAONTO
[MIREOTFIND] APAONTO has no imports and references classes 4693 times from: [ABA-AMB, ACGT-MO, ADO, ADW, EHDAA2, CARO, ZFA, FB-BT, FBBT, STY, ALLERGYDETECTOR, AMINO-ACID]
[MIREOTFIND] Comparing classes for APASTATISTICAL
[MIREOTFIND] Comparing classes for APATANDT
[MIREOTFIND] Comparing classes for APATREATMENT
[MIREOTFIND] Comparing classes for APO
[MIREOTFIND] Comparing classes for ASDPTO
[MIREOTFIND] Comparing classes for ATC
[MIREOTFIND] Comparing classes for ATO
[MIREOTFIND] Comparing classes for ATOL
[MIREOTFIND] Comparing classes for AURA
[MIREOTFIND] Comparing classes for BAO
[MIREOTFIND] Comparing classes for BAO-GPCR
[MIREOTFIND] Comparing classes for BCGO
[MIREOTFIND] Comparing classes for BCO
[MIREOTFIND] Comparing classes for BCTEO
[MIREOTFIND] Comparing classes for BCTT
[MIREOTFIND] Comparing classes for BDO
[MIREOTFIND] Comparing classes for BFO
[MIREOTFIND] Comparing classes for BHN
[MIREOTFIND] Comparing classes for BHO
[MIREOTFIND] Comparing classes for BIM
[MIREOTFIND] Comparing classes for BIOMO
[MIREOTFIND] Comparing classes for BIOMODELS
[MIREOTFIND] Comparing classes for BIRNLEX
[MIREOTFIND] Comparing classes for BMT
[MIREOTFIND] Comparing classes for BNO
[MIREOTFIND] Comparing classes for BOF
[MIREOTFIND] Comparing classes for BP
[MIREOTFIND] Comparing classes for BP-METADATA
[MIREOTFIND] Comparing classes for BRCT
[MIREOTFIND] Comparing classes for BRIDG
[MIREOTFIND] Comparing classes for BRO
[MIREOTFIND] Comparing classes for BRO_ACRONYM
[MIREOTFIND] Comparing classes for BSAO
[MIREOTFIND] Comparing classes for BSPO
[MIREOTFIND] Comparing classes for BT
[MIREOTFIND] Comparing classes for BTO
[MIREOTFIND] Comparing classes for CABRO
[MIREOTFIND] Comparing classes for CADSRVS
[MIREOTFIND] Comparing classes for CANCO
[MIREOTFIND] Comparing classes for CANONT
[MIREOTFIND] Comparing classes for CAO
[MIREOTFIND] Comparing classes for CARELEX
[MIREOTFIND] Comparing classes for CARO
[MIREOTFIND] Comparing classes for CARRE
[MIREOTFIND] Comparing classes for CBO
[MIREOTFIND] Comparing classes for CCO
[MIREOTFIND] Comparing classes for CCON
[MIREOTFIND] Comparing classes for CCONT
[MIREOTFIND] Comparing classes for CDAO
[MIREOTFIND] Comparing classes for CEDARVS
[MIREOTFIND] Comparing classes for CEPH
[MIREOTFIND] Comparing classes for CHD
[MIREOTFIND] Comparing classes for CHEBI
[MIREOTFIND] Comparing classes for CHEMBIO
[MIREOTFIND] Comparing classes for CHEMINF
[MIREOTFIND] Comparing classes for CHMO
[MIREOTFIND] Comparing classes for CL
[MIREOTFIND] Comparing classes for CLO
[MIREOTFIND] Comparing classes for CMO
[MIREOTFIND] Comparing classes for CMPO
[MIREOTFIND] Comparing classes for CN
[MIREOTFIND] Comparing classes for CNO
[MIREOTFIND] Comparing classes for CNO_ACRONYM
[MIREOTFIND] Comparing classes for CO-WHEAT
[MIREOTFIND] Comparing classes for COGAT
[MIREOTFIND] Comparing classes for COGPO
[MIREOTFIND] Comparing classes for COMODI
[MIREOTFIND] Comparing classes for COSTART
[MIREOTFIND] Comparing classes for CPRO
[MIREOTFIND] Comparing classes for CPTAC
[MIREOTFIND] Comparing classes for CRISP
[MIREOTFIND] Comparing classes for CSEO
[MIREOTFIND] Comparing classes for CSO
[MIREOTFIND] Comparing classes for CSSO
[MIREOTFIND] Comparing classes for CTCAE
[MIREOTFIND] Comparing classes for CTENO
[MIREOTFIND] Comparing classes for CTO
[MIREOTFIND] Comparing classes for CTONT
[MIREOTFIND] Comparing classes for CTX
[MIREOTFIND] Comparing classes for CU-VO
[MIREOTFIND] Comparing classes for CVDO
[MIREOTFIND] Comparing classes for CYTO
[MIREOTFIND] Comparing classes for DCM
[MIREOTFIND] Comparing classes for DCO
[MIREOTFIND] Comparing classes for DCO-DEBUGIT
[MIREOTFIND] Comparing classes for DDANAT
[MIREOTFIND] Comparing classes for DDI
[MIREOTFIND] Comparing classes for DDO
[MIREOTFIND] Comparing classes for DDPHENO
[MIREOTFIND] Comparing classes for DERMLEX
[MIREOTFIND] Comparing classes for DERMO
[MIREOTFIND] Comparing classes for DIAB
[MIREOTFIND] Comparing classes for DIAGONT
[MIREOTFIND] Comparing classes for DIDEO
[MIREOTFIND] Comparing classes for DIKB
[MIREOTFIND] Comparing classes for DINTO
[MIREOTFIND] Comparing classes for DLORO
[MIREOTFIND] Comparing classes for DOCCC
[MIREOTFIND] Comparing classes for DOID
[MIREOTFIND] Comparing classes for DPO
[MIREOTFIND] Comparing classes for DRON
[MIREOTFIND] Comparing classes for ECG
[MIREOTFIND] Comparing classes for ECO
[MIREOTFIND] Comparing classes for ECP
[MIREOTFIND] Comparing classes for EDAM
[MIREOTFIND] Comparing classes for EDAMTO
[MIREOTFIND] Comparing classes for EDDA
[MIREOTFIND] Comparing classes for EFO
[MIREOTFIND] Comparing classes for EHDA
[MIREOTFIND] Comparing classes for EHDAA
[MIREOTFIND] Comparing classes for EHDAA2
[MIREOTFIND] Comparing classes for ELIG
[MIREOTFIND] Comparing classes for EMAP
[MIREOTFIND] Comparing classes for EMAPA
[MIREOTFIND] Comparing classes for EMO
[MIREOTFIND] Comparing classes for ENM
[MIREOTFIND] Comparing classes for ENTITY
[MIREOTFIND] Comparing classes for ENTITYCANDIDATES
[MIREOTFIND] Comparing classes for ENVO
[MIREOTFIND] Comparing classes for EO
[MIREOTFIND] Comparing classes for EOL
[MIREOTFIND] Comparing classes for EP
[MIREOTFIND] Comparing classes for EPILONT
[MIREOTFIND] Comparing classes for EPO
[MIREOTFIND] Comparing classes for ERO
[MIREOTFIND] Comparing classes for ESSO
[MIREOTFIND] Comparing classes for EXACT
[MIREOTFIND] Comparing classes for EXO
[MIREOTFIND] Comparing classes for FALL
[MIREOTFIND] Comparing classes for FAO
[MIREOTFIND] Comparing classes for FB-BT
[MIREOTFIND] Comparing classes for FB-CV
[MIREOTFIND] Comparing classes for FB-DV
[MIREOTFIND] Comparing classes for FB-SP
[MIREOTFIND] Comparing classes for FBBI
[MIREOTFIND] Comparing classes for FBBT
[MIREOTFIND] Comparing classes for FBCV
[MIREOTFIND] Comparing classes for FBDV
[MIREOTFIND] Comparing classes for FBbi
[MIREOTFIND] Comparing classes for FHHO
[MIREOTFIND] Comparing classes for FIRE
[MIREOTFIND] Comparing classes for FIX
[MIREOTFIND] Comparing classes for FLOPO
[MIREOTFIND] Comparing classes for FLU
[MIREOTFIND] Comparing classes for FMA
[MIREOTFIND] Comparing classes for FO
[MIREOTFIND] Comparing classes for FTC
[MIREOTFIND] Comparing classes for FYPO
[MIREOTFIND] Comparing classes for GALEN
[MIREOTFIND] Comparing classes for GBM
[MIREOTFIND] Comparing classes for GCO
[MIREOTFIND] Comparing classes for GENE-CDS
[MIREOTFIND] Comparing classes for GEO
[MIREOTFIND] Comparing classes for GEOSPECIES
[MIREOTFIND] Comparing classes for GEXO
[MIREOTFIND] Comparing classes for GFO
[MIREOTFIND] Comparing classes for GFO-BIO
[MIREOTFIND] Comparing classes for GFVO
[MIREOTFIND] Comparing classes for GLYCO
[MIREOTFIND] Comparing classes for GLYCORDF
[MIREOTFIND] Comparing classes for GMM
[MIREOTFIND] Comparing classes for GMO
[MIREOTFIND] Comparing classes for GO
[MIREOTFIND] Comparing classes for GO-EXT
[MIREOTFIND] Comparing classes for GO-PLUS
[MIREOTFIND] Comparing classes for GPML
[MIREOTFIND] Comparing classes for GRO
[MIREOTFIND] Comparing classes for GRO-CPD
[MIREOTFIND] Comparing classes for GRO-CPGA
[MIREOTFIND] Comparing classes for HAO
[MIREOTFIND] Comparing classes for HCPCS
[MIREOTFIND] Comparing classes for HEIO
[MIREOTFIND] Comparing classes for HFO
[MIREOTFIND] Comparing classes for HINO
[MIREOTFIND] Comparing classes for HIVO004
[MIREOTFIND] Comparing classes for HL7
[MIREOTFIND] Comparing classes for HOM
[MIREOTFIND] Comparing classes for HP
[MIREOTFIND] Comparing classes for HPIO
[MIREOTFIND] Comparing classes for HRDO
[MIREOTFIND] Comparing classes for HSAPDV
[MIREOTFIND] Comparing classes for HUGO
[MIREOTFIND] Comparing classes for HUPSON
[MIREOTFIND] Comparing classes for IAO
[MIREOTFIND] Comparing classes for ICD10CM
[MIREOTFIND] Comparing classes for ICD10PCS
[MIREOTFIND] Comparing classes for ICD11-BODYSYSTEM
[MIREOTFIND] Comparing classes for ICD9CM
[MIREOTFIND] Comparing classes for ICECI
[MIREOTFIND] Comparing classes for ICF
[MIREOTFIND] Comparing classes for ICO
[MIREOTFIND] Comparing classes for ICPC
[MIREOTFIND] Comparing classes for ICPS
[MIREOTFIND] Comparing classes for IDO
[MIREOTFIND] Comparing classes for IDODEN
[MIREOTFIND] Comparing classes for IDOMAL
[MIREOTFIND] Comparing classes for IDQA
[MIREOTFIND] Comparing classes for IFAR
[MIREOTFIND] Comparing classes for IMGT-ONTOLOGY
[MIREOTFIND] Comparing classes for INM-NPI
[MIREOTFIND] Comparing classes for INO
[MIREOTFIND] Comparing classes for INSECTH
[MIREOTFIND] Comparing classes for INVERSEROLES
[MIREOTFIND] Comparing classes for ISO-15926-2_2003
[MIREOTFIND] Comparing classes for ISO-ANNOTATIONS
[MIREOTFIND] Comparing classes for IXNO
[MIREOTFIND] Comparing classes for InterNano
[MIREOTFIND] Comparing classes for JERM
[MIREOTFIND] Comparing classes for KISAO
[MIREOTFIND] Comparing classes for LBO
[MIREOTFIND] Comparing classes for LDA
[MIREOTFIND] Comparing classes for LEGALAPA
[MIREOTFIND] Comparing classes for LEGALAPATEST2
[MIREOTFIND] Comparing classes for LHN
[MIREOTFIND] Comparing classes for LIPRO
[MIREOTFIND] Comparing classes for LOINC
[MIREOTFIND] Comparing classes for LPT
[MIREOTFIND] Comparing classes for MA
[MIREOTFIND] Comparing classes for MAMO
[MIREOTFIND] Comparing classes for MAT
[MIREOTFIND] Comparing classes for MATR
[MIREOTFIND] Comparing classes for MATRCOMPOUND
[MIREOTFIND] Comparing classes for MATRELEMENT
[MIREOTFIND] Comparing classes for MATRROCK
[MIREOTFIND] Comparing classes for MATRROCKIGNEOUS
[MIREOTFIND] Comparing classes for MCBCC
[MIREOTFIND] Comparing classes for MCCL
[MIREOTFIND] Comparing classes for MCCV
[MIREOTFIND] Comparing classes for MEDEON
[MIREOTFIND] Comparing classes for MEDLINEPLUS
[MIREOTFIND] Comparing classes for MEDO
[MIREOTFIND] Comparing classes for MEGO
[MIREOTFIND] Comparing classes for MEO
[MIREOTFIND] Comparing classes for MERA
[MIREOTFIND] Comparing classes for MESH
[MIREOTFIND] Comparing classes for MF
[MIREOTFIND] Comparing classes for MFMO
[MIREOTFIND] Comparing classes for MFO
[MIREOTFIND] Comparing classes for MFOEM
[MIREOTFIND] Comparing classes for MFOMD
[MIREOTFIND] Comparing classes for MHC
[MIREOTFIND] Comparing classes for MI
[MIREOTFIND] Comparing classes for MIAPA
[MIREOTFIND] Comparing classes for MIM
[MIREOTFIND] Comparing classes for MINERAL
[MIREOTFIND] Comparing classes for MIRNAO
[MIREOTFIND] Comparing classes for MIRO
[MIREOTFIND] Comparing classes for MIXS
[MIREOTFIND] Comparing classes for MIXSCV
[MIREOTFIND] Comparing classes for MMO
[MIREOTFIND] Comparing classes for MMUSDV
[MIREOTFIND] Comparing classes for MNR
[MIREOTFIND] Comparing classes for MO
[MIREOTFIND] Comparing classes for MOC
[MIREOTFIND] Comparing classes for MOD
[MIREOTFIND] Comparing classes for MOP
[MIREOTFIND] Comparing classes for MP
[MIREOTFIND] Comparing classes for MPATH
[MIREOTFIND] Comparing classes for MRO
[MIREOTFIND] Comparing classes for MS
[MIREOTFIND] Comparing classes for MSO
[MIREOTFIND] Comparing classes for MSTDE
[MIREOTFIND] Comparing classes for MSTDE-FRE
[MIREOTFIND] Comparing classes for MSV
[MIREOTFIND] Comparing classes for MWLA
[MIREOTFIND] Comparing classes for NATPRO
[MIREOTFIND] Comparing classes for NBO
[MIREOTFIND] Comparing classes for NCBITAXON
[MIREOTFIND] Comparing classes for NCCO
[MIREOTFIND] Comparing classes for NCIT
[MIREOTFIND] Comparing classes for NCRO
[MIREOTFIND] Comparing classes for NEMO
[MIREOTFIND] Comparing classes for NEOMARK3
[MIREOTFIND] Comparing classes for NEOMARK4
[MIREOTFIND] Comparing classes for NEUMORE
[MIREOTFIND] Comparing classes for NGSONTO
[MIREOTFIND] Comparing classes for NIDM-RESULTS
[MIREOTFIND] Comparing classes for NIFCELL
[MIREOTFIND] Comparing classes for NIFDYS
[MIREOTFIND] Comparing classes for NIFSTD
[MIREOTFIND] Comparing classes for NIFSUBCELL
[MIREOTFIND] Comparing classes for NIGO
[MIREOTFIND] Comparing classes for NIHSS
[MIREOTFIND] Comparing classes for NLMVS
[MIREOTFIND] Comparing classes for NMOBR
[MIREOTFIND] Comparing classes for NMOSP
[MIREOTFIND] Comparing classes for NMR
[MIREOTFIND] Comparing classes for NONRCTO
[MIREOTFIND] Comparing classes for NPHO
[MIREOTFIND] Comparing classes for NPI
[MIREOTFIND] Comparing classes for NPO
[MIREOTFIND] Comparing classes for NTDO
[MIREOTFIND] Comparing classes for OAE
[MIREOTFIND] Comparing classes for OBCS
[MIREOTFIND] Comparing classes for OBI
[MIREOTFIND] Comparing classes for OBIB
[MIREOTFIND] Comparing classes for OBIWS
[MIREOTFIND] Comparing classes for OBI_BCGO
[MIREOTFIND] Comparing classes for OBOE-SBC
[MIREOTFIND] Comparing classes for OBOREL
[MIREOTFIND] Comparing classes for OCHV
[MIREOTFIND] Comparing classes for OCRE
[MIREOTFIND] Comparing classes for ODNAE
[MIREOTFIND] Comparing classes for OF
[MIREOTFIND] Comparing classes for OFSMR
[MIREOTFIND] Comparing classes for OGDI
[MIREOTFIND] Comparing classes for OGG
[MIREOTFIND] Comparing classes for OGG-MM
[MIREOTFIND] Comparing classes for OGI
[MIREOTFIND] Comparing classes for OGMD
[MIREOTFIND] Comparing classes for OGMS
[MIREOTFIND] Comparing classes for OGR
[MIREOTFIND] Comparing classes for OGSF
[MIREOTFIND] Comparing classes for OMIM
[MIREOTFIND] Comparing classes for OMIT
[MIREOTFIND] Comparing classes for OMRSE
[MIREOTFIND] Comparing classes for ONL-DP
[MIREOTFIND] Comparing classes for ONL-MR-DA
[MIREOTFIND] Comparing classes for ONL-MSA
[MIREOTFIND] Comparing classes for ONLIRA
[MIREOTFIND] Comparing classes for ONSTR
[MIREOTFIND] Comparing classes for ONTOAD
[MIREOTFIND] Comparing classes for ONTODM-CORE
[MIREOTFIND] Comparing classes for ONTODM-KDD
[MIREOTFIND] Comparing classes for ONTODT
[MIREOTFIND] Comparing classes for ONTOKBCF
[MIREOTFIND] Comparing classes for ONTOLURGENCES
[MIREOTFIND] Comparing classes for ONTOMA
[MIREOTFIND] Comparing classes for ONTONEO
[MIREOTFIND] Comparing classes for ONTOPNEUMO
[MIREOTFIND] Comparing classes for ONTOTOXNUC
[MIREOTFIND] Comparing classes for OOEVV
[MIREOTFIND] Comparing classes for OPB
[MIREOTFIND] Comparing classes for OPE
[MIREOTFIND] Comparing classes for OPL
[MIREOTFIND] Comparing classes for ORDO
[MIREOTFIND] Comparing classes for ORTH
[MIREOTFIND] Comparing classes for OVAE
[MIREOTFIND] Comparing classes for OntoVIP
[MIREOTFIND] Comparing classes for PAE
[MIREOTFIND] Comparing classes for PATHLEX
[MIREOTFIND] Comparing classes for PATO
[MIREOTFIND] Comparing classes for PAV
[MIREOTFIND] Comparing classes for PCO
[MIREOTFIND] Comparing classes for PDO
[MIREOTFIND] Comparing classes for PDON
[MIREOTFIND] Comparing classes for PDO_CAS
[MIREOTFIND] Comparing classes for PDQ
[MIREOTFIND] Comparing classes for PE
[MIREOTFIND] Comparing classes for PEAO
[MIREOTFIND] Comparing classes for PECO
[MIREOTFIND] Comparing classes for PEDTERM
[MIREOTFIND] Comparing classes for PEO
[MIREOTFIND] Comparing classes for PHAGE
[MIREOTFIND] Comparing classes for PHARE
[MIREOTFIND] Comparing classes for PHENX
[MIREOTFIND] Comparing classes for PHYLONT
[MIREOTFIND] Comparing classes for PIERO
[MIREOTFIND] Comparing classes for PLIO
[MIREOTFIND] Comparing classes for PLOSTHES
[MIREOTFIND] Comparing classes for PMA
[MIREOTFIND] Comparing classes for PMR
[MIREOTFIND] Comparing classes for PO
[MIREOTFIND] Comparing classes for PORO
[MIREOTFIND] Comparing classes for PP
[MIREOTFIND] Comparing classes for PPIO
[MIREOTFIND] Comparing classes for PR
[MIREOTFIND] Comparing classes for PROCCHEMICAL
[MIREOTFIND] Comparing classes for PROPREO
[MIREOTFIND] Comparing classes for PROVO
[MIREOTFIND] Comparing classes for PSDS
[MIREOTFIND] Comparing classes for PSIMOD
[MIREOTFIND] Comparing classes for PTO
[MIREOTFIND] Comparing classes for PTRANS
[MIREOTFIND] Comparing classes for PTS
[MIREOTFIND] Comparing classes for PVONTO
[MIREOTFIND] Comparing classes for PW
[MIREOTFIND] Comparing classes for PXO
[MIREOTFIND] Comparing classes for QUDT
[MIREOTFIND] Comparing classes for RADLEX
[MIREOTFIND] Comparing classes for RAO
[MIREOTFIND] Comparing classes for RB
[MIREOTFIND] Comparing classes for RCTONT
[MIREOTFIND] Comparing classes for RCTV2
[MIREOTFIND] Comparing classes for RDL
[MIREOTFIND] Comparing classes for REPO
[MIREOTFIND] Comparing classes for RETO
[MIREOTFIND] Comparing classes for REX
[MIREOTFIND] Comparing classes for REXO
[MIREOTFIND] Comparing classes for RH-MESH
[MIREOTFIND] Comparing classes for RNAO
[MIREOTFIND] Comparing classes for RNPRIO
[MIREOTFIND] Comparing classes for RNRMU
[MIREOTFIND] Comparing classes for ROLEO
[MIREOTFIND] Comparing classes for ROO
[MIREOTFIND] Comparing classes for RPO
[MIREOTFIND] Comparing classes for RS
[MIREOTFIND] Comparing classes for RSA
[MIREOTFIND] Comparing classes for RXNO
[MIREOTFIND] Comparing classes for RXNORM
[MIREOTFIND] Comparing classes for SAO
[MIREOTFIND] Comparing classes for SBO
[MIREOTFIND] Comparing classes for SBOL
[MIREOTFIND] Comparing classes for SCHEMA
[MIREOTFIND] Comparing classes for SD3
[MIREOTFIND] Comparing classes for SDO
[MIREOTFIND] Comparing classes for SEDI
[MIREOTFIND] Comparing classes for SEP
[MIREOTFIND] Comparing classes for SHR
[MIREOTFIND] Comparing classes for SIO
[MIREOTFIND] Comparing classes for SITBAC
[MIREOTFIND] Comparing classes for SMASH
[MIREOTFIND] Comparing classes for SNMI
[MIREOTFIND] Comparing classes for SNPO
[MIREOTFIND] Comparing classes for SO
[MIREOTFIND] Comparing classes for SOPHARM
[MIREOTFIND] Comparing classes for SOY
[MIREOTFIND] Comparing classes for SP
[MIREOTFIND] Comparing classes for SPD
[MIREOTFIND] Comparing classes for SPO
[MIREOTFIND] Comparing classes for SPTO
[MIREOTFIND] Comparing classes for SSE
[MIREOTFIND] Comparing classes for SSO
[MIREOTFIND] Comparing classes for STATO
[MIREOTFIND] Comparing classes for STUFF
[MIREOTFIND] Comparing classes for STY
[MIREOTFIND] Comparing classes for SURGICAL
[MIREOTFIND] Comparing classes for SWEET
[MIREOTFIND] Comparing classes for SWO
[MIREOTFIND] Comparing classes for SYMP
[MIREOTFIND] Comparing classes for SYN
[MIREOTFIND] Comparing classes for TADS
[MIREOTFIND] Comparing classes for TAO
[MIREOTFIND] Comparing classes for TAXRANK
[MIREOTFIND] Comparing classes for TEDDY
[MIREOTFIND] Comparing classes for TEO
[MIREOTFIND] Comparing classes for TGMA
[MIREOTFIND] Comparing classes for TM-CONST
[MIREOTFIND] Comparing classes for TM-MER
[MIREOTFIND] Comparing classes for TM-OTHER-FACTORS
[MIREOTFIND] Comparing classes for TM-SIGNS-AND-SYMPTS
[MIREOTFIND] Comparing classes for TMA
[MIREOTFIND] Comparing classes for TMO
[MIREOTFIND] Comparing classes for TOK
[MIREOTFIND] Comparing classes for TOP-MENELAS
[MIREOTFIND] Comparing classes for TRAK
[MIREOTFIND] Comparing classes for TRANS
[MIREOTFIND] Comparing classes for TRIAGE
[MIREOTFIND] Comparing classes for TRON
[MIREOTFIND] Comparing classes for TTO
[MIREOTFIND] Comparing classes for TYPON
[MIREOTFIND] Comparing classes for UBERON
[MIREOTFIND] Comparing classes for UNITSONT
[MIREOTFIND] Comparing classes for UO
[MIREOTFIND] Comparing classes for VANDF
[MIREOTFIND] Comparing classes for VARIO
[MIREOTFIND] Comparing classes for VHOG
[MIREOTFIND] Comparing classes for VICO
[MIREOTFIND] Comparing classes for VIVO
[MIREOTFIND] Comparing classes for VIVO-ISF
[MIREOTFIND] Comparing classes for VO
[MIREOTFIND] Comparing classes for VSAO
[MIREOTFIND] Comparing classes for VSO
[MIREOTFIND] Comparing classes for VT
[MIREOTFIND] Comparing classes for VTO
[MIREOTFIND] Comparing classes for WB-BT
[MIREOTFIND] Comparing classes for WB-LS
[MIREOTFIND] Comparing classes for WB-PHENOTYPE
[MIREOTFIND] Comparing classes for WIKIPATHWAYS
[MIREOTFIND] Comparing classes for WSIO
[MIREOTFIND] Comparing classes for XAO
[MIREOTFIND] Comparing classes for XCO
[MIREOTFIND] Comparing classes for XEO
[MIREOTFIND] Comparing classes for ZEA
[MIREOTFIND] Comparing classes for ZFA
[MIREOTFIND] Comparing classes for pseudo
[MIREOTFIND] Comparing classes for suicideo
