ROUND 1
Loading ontology... file:/home/slater/UNMIREOT/obo/combos/obofoundry_core_fixed_merged_ncro_merged.owl
Reasoning...
Getting unsats...
Unsatisfiable classes: 3131
Getting top unsats...
Found 210 non-leaf unsats with the highest @ 1884 out of a total 3131 unsats
Removing a further 67 classes with superclasses in the group
Now looking at 143 unsats out of a total 3131
Found happy ontology friend group of 47 classes with sc-count 2 (well I suppose strictly they can't be all that happy given their instances cannot possibly exist :(. Now, we will fix that!
Pared 3131 unsatisfiable classes down to 47 to justify for this round
There are more than 25 classes, so we will take a random sample of 25 from our subset.
Processing http://purl.obolibrary.org/obo/GO_0031585 (1/25)
Processing http://purl.obolibrary.org/obo/GO_0099529 (2/25)
Processing http://purl.obolibrary.org/obo/OBI_0000291 (3/25)
Processing http://purl.obolibrary.org/obo/SO_0000276 (4/25)
Processing http://purl.obolibrary.org/obo/GO_0005242 (5/25)
Processing http://purl.obolibrary.org/obo/GO_1990470 (6/25)
Processing http://purl.obolibrary.org/obo/GO_0001131 (7/25)
Processing http://purl.obolibrary.org/obo/GO_1905150 (8/25)
Processing http://purl.obolibrary.org/obo/GO_1903952 (9/25)
Processing http://purl.obolibrary.org/obo/GO_1901585 (10/25)
Processing http://purl.obolibrary.org/obo/GO_0044374 (11/25)
Processing http://purl.obolibrary.org/obo/GO_0005152 (12/25)
Processing http://purl.obolibrary.org/obo/GO_1901585 (13/25)
Processing http://purl.obolibrary.org/obo/GO_0099511 (14/25)
Processing http://purl.obolibrary.org/obo/GO_1990470 (15/25)
Processing http://purl.obolibrary.org/obo/GO_0097280 (16/25)
Processing http://purl.obolibrary.org/obo/GO_0004707 (17/25)
Processing http://purl.obolibrary.org/obo/GO_1903760 (18/25)
Processing http://purl.obolibrary.org/obo/GO_1902941 (19/25)
Processing http://purl.obolibrary.org/obo/GO_0031585 (20/25)
Processing http://purl.obolibrary.org/obo/GO_1903760 (21/25)
Processing http://purl.obolibrary.org/obo/GO_0001227 (22/25)
Processing http://purl.obolibrary.org/obo/GO_1902606 (23/25)
Processing http://purl.obolibrary.org/obo/GO_1902941 (24/25)
Processing http://purl.obolibrary.org/obo/GO_0044374 (25/25)
Removing naughtiest axiom: SubClassOf(<http://purl.obolibrary.org/obo/BFO_0000016> <http://purl.obolibrary.org/obo/BFO_0000017>) with 18 implications
removing: [SubClassOf(<http://purl.obolibrary.org/obo/BFO_0000016> <http://purl.obolibrary.org/obo/BFO_0000017>)]
Removing SubClassOf(<http://purl.obolibrary.org/obo/BFO_0000016> <http://purl.obolibrary.org/obo/BFO_0000017>) from main ontology
Removing SubClassOf(<http://purl.obolibrary.org/obo/BFO_0000016> <http://purl.obolibrary.org/obo/BFO_0000017>) from import Optional[http://reality.rehab/ontology/obofoundry_core_fixed_merged]
Saved results/ncro/fixed.owl
ROUND 2
Loading ontology... file:/home/slater/UNMIREOT/obo/results/ncro/fixed.owl
Reasoning...
Getting unsats...
Unsatisfiable classes: 2530
Getting top unsats...
Found 9 non-leaf unsats with the highest @ 1884 out of a total 2530 unsats
Removing a further 2 classes with superclasses in the group
Now looking at 7 unsats out of a total 2530
Found happy ontology friend group of 3 classes with sc-count 1 (well I suppose strictly they can't be all that happy given their instances cannot possibly exist :(. Now, we will fix that!
Pared 2530 unsatisfiable classes down to 3 to justify for this round
Processing http://purl.obolibrary.org/obo/CHEBI_17073 (1/3)
Processing http://purl.obolibrary.org/obo/CHEBI_17165 (2/3)
Processing http://purl.obolibrary.org/obo/CHEBI_17269 (3/3)
Removing naughtiest axiom: SubClassOf(<http://purl.obolibrary.org/obo/CHEBI_23367> <http://purl.obolibrary.org/obo/BFO_0000040>) with 3 implications
removing: [SubClassOf(<http://purl.obolibrary.org/obo/CHEBI_23367> <http://purl.obolibrary.org/obo/BFO_0000040>)]
Removing SubClassOf(<http://purl.obolibrary.org/obo/CHEBI_23367> <http://purl.obolibrary.org/obo/BFO_0000040>) from main ontology
Saved results/ncro/fixed.owl
ROUND 3
Loading ontology... file:/home/slater/UNMIREOT/obo/results/ncro/fixed.owl
Reasoning...
Getting unsats...
Unsatisfiable classes: 3
Getting top unsats...
Less than 25 unsatisfiable classes, looking at them all!
Processing http://purl.obolibrary.org/obo/NCRO_0000002 (1/3)
Processing http://purl.obolibrary.org/obo/NCRO_0000003 (2/3)
Processing http://purl.obolibrary.org/obo/NCRO_0000025 (3/3)
Removing naughtiest axiom: SubClassOf(<http://purl.obolibrary.org/obo/NCRO_0000002> <http://purl.obolibrary.org/obo/SO_0000234>) with 3 implications
removing: [SubClassOf(<http://purl.obolibrary.org/obo/NCRO_0000002> <http://purl.obolibrary.org/obo/SO_0000234>)]
Removing SubClassOf(<http://purl.obolibrary.org/obo/NCRO_0000002> <http://purl.obolibrary.org/obo/SO_0000234>) from main ontology
Saved results/ncro/fixed.owl
ROUND 4
Loading ontology... file:/home/slater/UNMIREOT/obo/results/ncro/fixed.owl
Reasoning...
Getting unsats...
Unsatisfiable classes: 3
Getting top unsats...
Less than 25 unsatisfiable classes, looking at them all!
Processing http://purl.obolibrary.org/obo/NCRO_0000002 (1/3)
Processing http://purl.obolibrary.org/obo/NCRO_0000003 (2/3)
Processing http://purl.obolibrary.org/obo/NCRO_0000025 (3/3)
Removing naughtiest axiom: SubClassOf(<http://purl.obolibrary.org/obo/NCRO_0000001> <http://purl.obolibrary.org/obo/SO_0000483>) with 3 implications
removing: [SubClassOf(<http://purl.obolibrary.org/obo/NCRO_0000001> <http://purl.obolibrary.org/obo/SO_0000483>)]
Removing SubClassOf(<http://purl.obolibrary.org/obo/NCRO_0000001> <http://purl.obolibrary.org/obo/SO_0000483>) from main ontology
Saved results/ncro/fixed.owl
ROUND 5
Loading ontology... file:/home/slater/UNMIREOT/obo/results/ncro/fixed.owl
Reasoning...
Getting unsats...
Unsatisfiable classes: 0
Done.
