ROUND 1
Loading ontology... file:/home/slater/UNMIREOT/obo/combos/obofoundry_core_fixed_merged_ppo_merged.owl
Reasoning...
Getting unsats...
Unsatisfiable classes: 17986
Getting top unsats...
Found 4387 non-leaf unsats with the highest @ 881 out of a total 17986 unsats
Removing a further 1656 classes with superclasses in the group
Now looking at 2731 unsats out of a total 17986
Found happy ontology friend group of 762 classes with sc-count 2 (well I suppose strictly they can't be all that happy given their instances cannot possibly exist :(. Now, we will fix that!
Pared 17986 unsatisfiable classes down to 762 to justify for this round
There are more than 25 classes, so we will take a random sample of 25 from our subset.
Processing http://purl.obolibrary.org/obo/UBERON_2001895 (1/25)
Processing http://purl.obolibrary.org/obo/UBERON_0001754 (2/25)
Processing http://purl.obolibrary.org/obo/UBERON_0009035 (3/25)
Processing http://purl.obolibrary.org/obo/DOID_13499 (4/25)
Processing http://purl.obolibrary.org/obo/UBERON_0016482 (5/25)
Processing http://purl.obolibrary.org/obo/UBERON_0014725 (6/25)
Processing http://purl.obolibrary.org/obo/UBERON_0003661 (7/25)
Processing http://purl.obolibrary.org/obo/DOID_1737 (8/25)
Processing http://purl.obolibrary.org/obo/UBERON_2002174 (9/25)
Processing http://purl.obolibrary.org/obo/UBERON_0010507 (10/25)
Processing http://purl.obolibrary.org/obo/DOID_2051 (11/25)
Processing http://purl.obolibrary.org/obo/UBERON_0015917 (12/25)
Processing http://purl.obolibrary.org/obo/UBERON_0010045 (13/25)
Processing http://purl.obolibrary.org/obo/UBERON_2100268 (14/25)
Processing http://purl.obolibrary.org/obo/UBERON_0008332 (15/25)
Processing http://purl.obolibrary.org/obo/UBERON_0006865 (16/25)
Processing http://purl.obolibrary.org/obo/UBERON_0005258 (17/25)
Processing http://purl.obolibrary.org/obo/UBERON_0034745 (18/25)
Processing http://purl.obolibrary.org/obo/UBERON_0005691 (19/25)
Processing http://purl.obolibrary.org/obo/UBERON_0011158 (20/25)
Processing http://purl.obolibrary.org/obo/UBERON_0011953 (21/25)
Processing http://purl.obolibrary.org/obo/UBERON_0003215 (22/25)
Processing http://purl.obolibrary.org/obo/DOID_3426 (23/25)
Processing http://purl.obolibrary.org/obo/DOID_4916 (24/25)
Processing http://purl.obolibrary.org/obo/UBERON_2105373 (25/25)
Removing naughtiest axiom: DisjointClasses(<http://purl.obolibrary.org/obo/BFO_0000002> <http://purl.obolibrary.org/obo/BFO_0000003>) with 25 implications
removing: [DisjointClasses(<http://purl.obolibrary.org/obo/BFO_0000002> <http://purl.obolibrary.org/obo/BFO_0000003>)]
Removing DisjointClasses(<http://purl.obolibrary.org/obo/BFO_0000002> <http://purl.obolibrary.org/obo/BFO_0000003>) from main ontology
Removing DisjointClasses(<http://purl.obolibrary.org/obo/BFO_0000002> <http://purl.obolibrary.org/obo/BFO_0000003>) from import Optional[http://reality.rehab/ontology/obofoundry_core_fixed_merged]
Saved results/ppo/fixed.owl
ROUND 2
Loading ontology... file:/home/slater/UNMIREOT/obo/results/ppo/fixed.owl
Reasoning...
Getting unsats...
Unsatisfiable classes: 69
Getting top unsats...
Found 11 non-leaf unsats with the highest @ 7 out of a total 69 unsats
Removing a further 3 classes with superclasses in the group
Now looking at 8 unsats out of a total 69
Found happy ontology friend group of 3 classes with sc-count 1 (well I suppose strictly they can't be all that happy given their instances cannot possibly exist :(. Now, we will fix that!
Pared 69 unsatisfiable classes down to 3 to justify for this round
Processing http://purl.obolibrary.org/obo/OBI_0000415 (1/3)
Processing http://purl.obolibrary.org/obo/OBI_0000552 (2/3)
Processing http://purl.obolibrary.org/obo/OBI_0001919 (3/3)
Removing naughtiest axiom: SubClassOf(<http://purl.obolibrary.org/obo/GO_0034061> ObjectSomeValuesFrom(<http://purl.obolibrary.org/obo/BFO_0000050> <http://purl.obolibrary.org/obo/GO_0071897>)) with 3 implications
removing: [SubClassOf(<http://purl.obolibrary.org/obo/GO_0034061> ObjectSomeValuesFrom(<http://purl.obolibrary.org/obo/BFO_0000050> <http://purl.obolibrary.org/obo/GO_0071897>))]
Removing SubClassOf(<http://purl.obolibrary.org/obo/GO_0034061> ObjectSomeValuesFrom(<http://purl.obolibrary.org/obo/BFO_0000050> <http://purl.obolibrary.org/obo/GO_0071897>)) from import Optional[http://reality.rehab/ontology/obofoundry_core_fixed_merged]
Saved results/ppo/fixed.owl
ROUND 3
Loading ontology... file:/home/slater/UNMIREOT/obo/results/ppo/fixed.owl
Reasoning...
Getting unsats...
Unsatisfiable classes: 14
Getting top unsats...
Less than 25 unsatisfiable classes, looking at them all!
Processing http://purl.obolibrary.org/obo/OBI_0000419 (1/14)
Processing http://purl.obolibrary.org/obo/OBI_0000552 (2/14)
Processing http://purl.obolibrary.org/obo/OBI_0000911 (3/14)
Processing http://purl.obolibrary.org/obo/OBI_0001162 (4/14)
Processing http://purl.obolibrary.org/obo/OBI_0001170 (5/14)
Processing http://purl.obolibrary.org/obo/OBI_0001313 (6/14)
Processing http://purl.obolibrary.org/obo/OBI_0001361 (7/14)
Processing http://purl.obolibrary.org/obo/OBI_0001674 (8/14)
Processing http://purl.obolibrary.org/obo/OBI_0001898 (9/14)
Processing http://purl.obolibrary.org/obo/OBI_0002090 (10/14)
Processing http://purl.obolibrary.org/obo/OBI_0002091 (11/14)
Processing http://purl.obolibrary.org/obo/OBI_0002092 (12/14)
Processing http://purl.obolibrary.org/obo/OBI_0002093 (13/14)
Processing http://purl.obolibrary.org/obo/OBI_0600028 (14/14)
Removing naughtiest axiom: DisjointClasses(<http://purl.obolibrary.org/obo/BFO_0000002> ObjectSomeValuesFrom(<http://purl.obolibrary.org/obo/BFO_0000050> <http://purl.obolibrary.org/obo/BFO_0000003>)) with 14 implications
removing: [DisjointClasses(<http://purl.obolibrary.org/obo/BFO_0000002> ObjectSomeValuesFrom(<http://purl.obolibrary.org/obo/BFO_0000050> <http://purl.obolibrary.org/obo/BFO_0000003>))]
Removing DisjointClasses(<http://purl.obolibrary.org/obo/BFO_0000002> ObjectSomeValuesFrom(<http://purl.obolibrary.org/obo/BFO_0000050> <http://purl.obolibrary.org/obo/BFO_0000003>)) from main ontology
Saved results/ppo/fixed.owl
ROUND 4
Loading ontology... file:/home/slater/UNMIREOT/obo/results/ppo/fixed.owl
Reasoning...
Getting unsats...
Unsatisfiable classes: 0
Done.
