ROUND 1
Loading ontology... file:/home/slater/UNMIREOT/obo/combos/obofoundry_core_fixed_merged_obi_merged.owl
Reasoning...
Getting unsats...
Unsatisfiable classes: 636
Getting top unsats...
Found 214 non-leaf unsats with the highest @ 74 out of a total 636 unsats
Removing a further 66 classes with superclasses in the group
Now looking at 146 unsats out of a total 636
Found happy ontology friend group of 47 classes with sc-count 1 (well I suppose strictly they can't be all that happy given their instances cannot possibly exist :(. Now, we will fix that!
Pared 636 unsatisfiable classes down to 47 to justify for this round
There are more than 25 classes, so we will take a random sample of 25 from our subset.
Processing http://purl.obolibrary.org/obo/OBI_0001681 (1/25)
Processing http://purl.obolibrary.org/obo/OBI_0001681 (2/25)
Processing http://purl.obolibrary.org/obo/GO_0099530 (3/25)
Processing http://purl.obolibrary.org/obo/GO_1903622 (4/25)
Processing http://purl.obolibrary.org/obo/GO_0015251 (5/25)
Processing http://purl.obolibrary.org/obo/GO_0010361 (6/25)
Processing http://purl.obolibrary.org/obo/GO_0043855 (7/25)
Processing http://purl.obolibrary.org/obo/GO_1903622 (8/25)
Processing http://purl.obolibrary.org/obo/GO_0017080 (9/25)
Processing http://purl.obolibrary.org/obo/GO_0003823 (10/25)
Processing http://purl.obolibrary.org/obo/GO_0043855 (11/25)
Processing http://purl.obolibrary.org/obo/GO_0001203 (12/25)
Processing http://purl.obolibrary.org/obo/GO_0015251 (13/25)
Processing http://purl.obolibrary.org/obo/GO_0043855 (14/25)
Processing http://purl.obolibrary.org/obo/GO_0016933 (15/25)
Processing http://purl.obolibrary.org/obo/GO_0080084 (16/25)
Processing http://purl.obolibrary.org/obo/GO_0015252 (17/25)
Processing http://purl.obolibrary.org/obo/GO_0001216 (18/25)
Processing http://purl.obolibrary.org/obo/GO_0017080 (19/25)
Processing http://purl.obolibrary.org/obo/GO_0001034 (20/25)
Processing http://purl.obolibrary.org/obo/GO_1903622 (21/25)
Processing http://purl.obolibrary.org/obo/GO_0017081 (22/25)
Processing http://purl.obolibrary.org/obo/GO_0097282 (23/25)
Processing http://purl.obolibrary.org/obo/GO_0015252 (24/25)
Processing http://purl.obolibrary.org/obo/GO_0015252 (25/25)
Removing naughtiest axiom: SubClassOf(<http://purl.obolibrary.org/obo/BFO_0000016> <http://purl.obolibrary.org/obo/BFO_0000017>) with 16 implications
removing: [SubClassOf(<http://purl.obolibrary.org/obo/BFO_0000016> <http://purl.obolibrary.org/obo/BFO_0000017>)]
Removing SubClassOf(<http://purl.obolibrary.org/obo/BFO_0000016> <http://purl.obolibrary.org/obo/BFO_0000017>) from main ontology
Removing SubClassOf(<http://purl.obolibrary.org/obo/BFO_0000016> <http://purl.obolibrary.org/obo/BFO_0000017>) from import Optional[http://reality.rehab/ontology/obofoundry_core_fixed_merged]
Saved results/obi/fixed.owl
ROUND 2
Loading ontology... file:/home/slater/UNMIREOT/obo/results/obi/fixed.owl
Reasoning...
Getting unsats...
Unsatisfiable classes: 37
Getting top unsats...
Found 3 non-leaf unsats with the highest @ 1 out of a total 37 unsats
Removing a further 0 classes with superclasses in the group
Now looking at 3 unsats out of a total 37
Pared 37 unsatisfiable classes down to 3 to justify for this round
Processing http://purl.obolibrary.org/obo/CHEBI_17073 (1/3)
Processing http://purl.obolibrary.org/obo/CHEBI_17165 (2/3)
Processing http://purl.obolibrary.org/obo/CHEBI_17269 (3/3)
Removing naughtiest axiom: SubClassOf(<http://purl.obolibrary.org/obo/CHEBI_23367> <http://purl.obolibrary.org/obo/BFO_0000040>) with 3 implications
removing: [SubClassOf(<http://purl.obolibrary.org/obo/CHEBI_23367> <http://purl.obolibrary.org/obo/BFO_0000040>)]
Removing SubClassOf(<http://purl.obolibrary.org/obo/CHEBI_23367> <http://purl.obolibrary.org/obo/BFO_0000040>) from main ontology
Saved results/obi/fixed.owl
ROUND 3
Loading ontology... file:/home/slater/UNMIREOT/obo/results/obi/fixed.owl
Reasoning...
Getting unsats...
Unsatisfiable classes: 0
Done.
