ROUND 1
Loading ontology... file:/home/slater/UNMIREOT/obo/combos/obofoundry_core_fixed_merged_omrse_merged.owl
Reasoning...
Getting unsats...
Unsatisfiable classes: 7038
Getting top unsats...
Found 1756 non-leaf unsats with the highest @ 351 out of a total 7038 unsats
Removing a further 610 classes with superclasses in the group
Now looking at 1146 unsats out of a total 7038
Found happy ontology friend group of 338 classes with sc-count 2 (well I suppose strictly they can't be all that happy given their instances cannot possibly exist :(. Now, we will fix that!
Pared 7038 unsatisfiable classes down to 338 to justify for this round
There are more than 25 classes, so we will take a random sample of 25 from our subset.
Processing http://purl.obolibrary.org/obo/GO_0075121 (1/25)
Processing http://purl.obolibrary.org/obo/GO_1901917 (2/25)
Processing http://purl.obolibrary.org/obo/GO_0004697 (3/25)
Processing http://purl.obolibrary.org/obo/GO_1901894 (4/25)
Processing http://purl.obolibrary.org/obo/GO_0030611 (5/25)
Processing http://purl.obolibrary.org/obo/GO_1900161 (6/25)
Processing http://purl.obolibrary.org/obo/GO_1905407 (7/25)
Processing http://purl.obolibrary.org/obo/GO_0001227 (8/25)
Processing http://purl.obolibrary.org/obo/GO_0001104 (9/25)
Processing http://purl.obolibrary.org/obo/GO_2001154 (10/25)
Processing http://purl.obolibrary.org/obo/GO_0004738 (11/25)
Processing http://purl.obolibrary.org/obo/GO_0033283 (12/25)
Processing http://purl.obolibrary.org/obo/GO_0051735 (13/25)
Processing http://purl.obolibrary.org/obo/GO_0015604 (14/25)
Processing http://purl.obolibrary.org/obo/GO_2001144 (15/25)
Processing http://purl.obolibrary.org/obo/GO_0015106 (16/25)
Processing http://purl.obolibrary.org/obo/GO_1903995 (17/25)
Processing http://purl.obolibrary.org/obo/GO_0010533 (18/25)
Processing http://purl.obolibrary.org/obo/GO_0005242 (19/25)
Processing http://purl.obolibrary.org/obo/GO_2000310 (20/25)
Processing http://purl.obolibrary.org/obo/GO_2001267 (21/25)
Processing http://purl.obolibrary.org/obo/GO_1900010 (22/25)
Processing http://purl.obolibrary.org/obo/GO_0038166 (23/25)
Processing http://purl.obolibrary.org/obo/GO_0106072 (24/25)
Processing http://purl.obolibrary.org/obo/GO_0051732 (25/25)
Removing naughtiest axiom: SubClassOf(<http://purl.obolibrary.org/obo/BFO_0000016> <http://purl.obolibrary.org/obo/BFO_0000017>) with 25 implications
removing: [SubClassOf(<http://purl.obolibrary.org/obo/BFO_0000016> <http://purl.obolibrary.org/obo/BFO_0000017>)]
Removing SubClassOf(<http://purl.obolibrary.org/obo/BFO_0000016> <http://purl.obolibrary.org/obo/BFO_0000017>) from main ontology
Removing SubClassOf(<http://purl.obolibrary.org/obo/BFO_0000016> <http://purl.obolibrary.org/obo/BFO_0000017>) from import Optional[http://reality.rehab/ontology/obofoundry_core_fixed_merged]
Saved results/omrse/fixed.owl
ROUND 2
Loading ontology... file:/home/slater/UNMIREOT/obo/results/omrse/fixed.owl
Reasoning...
Getting unsats...
Unsatisfiable classes: 69
Getting top unsats...
Found 11 non-leaf unsats with the highest @ 7 out of a total 69 unsats
Removing a further 3 classes with superclasses in the group
Now looking at 8 unsats out of a total 69
Found happy ontology friend group of 3 classes with sc-count 1 (well I suppose strictly they can't be all that happy given their instances cannot possibly exist :(. Now, we will fix that!
Pared 69 unsatisfiable classes down to 3 to justify for this round
Processing http://purl.obolibrary.org/obo/OBI_0000415 (1/3)
Processing http://purl.obolibrary.org/obo/OBI_0000552 (2/3)
Processing http://purl.obolibrary.org/obo/OBI_0001919 (3/3)
Removing naughtiest axiom: SubClassOf(<http://purl.obolibrary.org/obo/GO_0034061> ObjectSomeValuesFrom(<http://purl.obolibrary.org/obo/BFO_0000050> <http://purl.obolibrary.org/obo/GO_0071897>)) with 3 implications
removing: [SubClassOf(<http://purl.obolibrary.org/obo/GO_0034061> ObjectSomeValuesFrom(<http://purl.obolibrary.org/obo/BFO_0000050> <http://purl.obolibrary.org/obo/GO_0071897>))]
Removing SubClassOf(<http://purl.obolibrary.org/obo/GO_0034061> ObjectSomeValuesFrom(<http://purl.obolibrary.org/obo/BFO_0000050> <http://purl.obolibrary.org/obo/GO_0071897>)) from import Optional[http://reality.rehab/ontology/obofoundry_core_fixed_merged]
Saved results/omrse/fixed.owl
ROUND 3
Loading ontology... file:/home/slater/UNMIREOT/obo/results/omrse/fixed.owl
Reasoning...
Getting unsats...
Unsatisfiable classes: 14
Getting top unsats...
Less than 25 unsatisfiable classes, looking at them all!
Processing http://purl.obolibrary.org/obo/OBI_0000419 (1/14)
Processing http://purl.obolibrary.org/obo/OBI_0000552 (2/14)
Processing http://purl.obolibrary.org/obo/OBI_0000911 (3/14)
Processing http://purl.obolibrary.org/obo/OBI_0001162 (4/14)
Processing http://purl.obolibrary.org/obo/OBI_0001170 (5/14)
Processing http://purl.obolibrary.org/obo/OBI_0001313 (6/14)
Processing http://purl.obolibrary.org/obo/OBI_0001361 (7/14)
Processing http://purl.obolibrary.org/obo/OBI_0001674 (8/14)
Processing http://purl.obolibrary.org/obo/OBI_0001898 (9/14)
Processing http://purl.obolibrary.org/obo/OBI_0002090 (10/14)
Processing http://purl.obolibrary.org/obo/OBI_0002091 (11/14)
Processing http://purl.obolibrary.org/obo/OBI_0002092 (12/14)
Processing http://purl.obolibrary.org/obo/OBI_0002093 (13/14)
Processing http://purl.obolibrary.org/obo/OBI_0600028 (14/14)
Removing naughtiest axiom: DisjointClasses(<http://purl.obolibrary.org/obo/BFO_0000002> ObjectSomeValuesFrom(<http://purl.obolibrary.org/obo/BFO_0000050> <http://purl.obolibrary.org/obo/BFO_0000003>)) with 14 implications
removing: [DisjointClasses(<http://purl.obolibrary.org/obo/BFO_0000002> ObjectSomeValuesFrom(<http://purl.obolibrary.org/obo/BFO_0000050> <http://purl.obolibrary.org/obo/BFO_0000003>))]
Removing DisjointClasses(<http://purl.obolibrary.org/obo/BFO_0000002> ObjectSomeValuesFrom(<http://purl.obolibrary.org/obo/BFO_0000050> <http://purl.obolibrary.org/obo/BFO_0000003>)) from main ontology
Saved results/omrse/fixed.owl
ROUND 4
Loading ontology... file:/home/slater/UNMIREOT/obo/results/omrse/fixed.owl
Reasoning...
Getting unsats...
Unsatisfiable classes: 0
Done.
