ROUND 1
Loading ontology... file:/home/slater/UNMIREOT/obo/combos/obofoundry_core_fixed_merged_cvdo_merged.owl
Reasoning...
Getting unsats...
Unsatisfiable classes: 700
Getting top unsats...
Found 233 non-leaf unsats with the highest @ 74 out of a total 700 unsats
Removing a further 77 classes with superclasses in the group
Now looking at 154 unsats out of a total 700
Found happy ontology friend group of 51 classes with sc-count 2 (well I suppose strictly they can't be all that happy given their instances cannot possibly exist :(. Now, we will fix that!
Pared 700 unsatisfiable classes down to 51 to justify for this round
There are more than 25 classes, so we will take a random sample of 25 from our subset.
Processing http://purl.obolibrary.org/obo/DOID_3394 (1/25)
Processing http://purl.obolibrary.org/obo/GO_0001204 (2/25)
Processing http://purl.obolibrary.org/obo/DOID_1727 (3/25)
Processing http://purl.obolibrary.org/obo/GO_1901529 (4/25)
Processing http://purl.obolibrary.org/obo/GO_0140142 (5/25)
Processing http://purl.obolibrary.org/obo/GO_1903025 (6/25)
Processing http://purl.obolibrary.org/obo/GO_2000310 (7/25)
Processing http://purl.obolibrary.org/obo/GO_1903760 (8/25)
Processing http://purl.obolibrary.org/obo/GO_1904796 (9/25)
Processing http://purl.obolibrary.org/obo/GO_0001131 (10/25)
Processing http://purl.obolibrary.org/obo/GO_0099529 (11/25)
Processing http://purl.obolibrary.org/obo/GO_0097280 (12/25)
Processing http://purl.obolibrary.org/obo/GO_0099511 (13/25)
Processing http://purl.obolibrary.org/obo/GO_1902595 (14/25)
Processing http://purl.obolibrary.org/obo/GO_0001204 (15/25)
Processing http://purl.obolibrary.org/obo/GO_0099529 (16/25)
Processing http://purl.obolibrary.org/obo/DOID_12010 (17/25)
Processing http://purl.obolibrary.org/obo/DOID_4193 (18/25)
Processing http://purl.obolibrary.org/obo/GO_0060314 (19/25)
Processing http://purl.obolibrary.org/obo/GO_0140142 (20/25)
Processing http://purl.obolibrary.org/obo/OBI_0000291 (21/25)
Processing http://purl.obolibrary.org/obo/GO_2000311 (22/25)
Processing http://purl.obolibrary.org/obo/GO_1902514 (23/25)
Processing http://purl.obolibrary.org/obo/GO_0097280 (24/25)
Processing http://purl.obolibrary.org/obo/DOID_3454 (25/25)
adding no explanation http://purl.obolibrary.org/obo/GO_0140142
Removing naughtiest axiom: DisjointClasses(<http://purl.obolibrary.org/obo/BFO_0000002> <http://purl.obolibrary.org/obo/BFO_0000003>) with 20 implications
removing: [DisjointClasses(<http://purl.obolibrary.org/obo/BFO_0000002> <http://purl.obolibrary.org/obo/BFO_0000003>)]
Removing DisjointClasses(<http://purl.obolibrary.org/obo/BFO_0000002> <http://purl.obolibrary.org/obo/BFO_0000003>) from main ontology
Removing DisjointClasses(<http://purl.obolibrary.org/obo/BFO_0000002> <http://purl.obolibrary.org/obo/BFO_0000003>) from import Optional[http://reality.rehab/ontology/obofoundry_core_fixed_merged]
Saved results/cvdo/fixed.owl
ROUND 2
Loading ontology... file:/home/slater/UNMIREOT/obo/results/cvdo/fixed.owl
Reasoning...
Getting unsats...
Unsatisfiable classes: 8
Getting top unsats...
Less than 25 unsatisfiable classes, looking at them all!
Processing http://purl.obolibrary.org/obo/CVDO_0000293 (1/8)
Processing http://purl.obolibrary.org/obo/CVDO_0000435 (2/8)
Processing http://purl.obolibrary.org/obo/CVDO_0000509 (3/8)
Processing http://purl.obolibrary.org/obo/DOID_112 (4/8)
Processing http://purl.obolibrary.org/obo/DOID_3362 (5/8)
Processing http://purl.obolibrary.org/obo/DOID_4247 (6/8)
Processing http://purl.obolibrary.org/obo/DOID_4248 (7/8)
Processing http://purl.obolibrary.org/obo/DOID_9768 (8/8)
Removing naughtiest axiom: SubClassOf(<http://purl.obolibrary.org/obo/BFO_0000017> <http://purl.obolibrary.org/obo/BFO_0000020>) with 8 implications
removing: [SubClassOf(<http://purl.obolibrary.org/obo/BFO_0000017> <http://purl.obolibrary.org/obo/BFO_0000020>)]
Removing SubClassOf(<http://purl.obolibrary.org/obo/BFO_0000017> <http://purl.obolibrary.org/obo/BFO_0000020>) from main ontology
Saved results/cvdo/fixed.owl
ROUND 3
Loading ontology... file:/home/slater/UNMIREOT/obo/results/cvdo/fixed.owl
Reasoning...
Getting unsats...
Unsatisfiable classes: 0
Done.
