ROUND 1
Loading ontology... file:/home/slater/UNMIREOT/obo/combos/obofoundry_core_fixed_merged_uberon_merged.owl
Reasoning...
Getting unsats...
Unsatisfiable classes: 19916
Getting top unsats...
Found 7925 non-leaf unsats with the highest @ 881 out of a total 19916 unsats
Removing a further 2312 classes with superclasses in the group
Now looking at 4161 unsats out of a total 19916
Found happy ontology friend group of 1179 classes with sc-count 2 (well I suppose strictly they can't be all that happy given their instances cannot possibly exist :(. Now, we will fix that!
Pared 19916 unsatisfiable classes down to 1179 to justify for this round
There are more than 25 classes, so we will take a random sample of 25 from our subset.
Processing http://purl.obolibrary.org/obo/UBERON_0001872 (1/25)
Processing http://purl.obolibrary.org/obo/UBERON_0007389 (2/25)
Processing http://purl.obolibrary.org/obo/UBERON_0001259 (3/25)
Processing http://purl.obolibrary.org/obo/UBERON_0007610 (4/25)
Processing http://purl.obolibrary.org/obo/UBERON_0014490 (5/25)
Processing http://purl.obolibrary.org/obo/UBERON_4300092 (6/25)
Processing http://purl.obolibrary.org/obo/UBERON_2000297 (7/25)
Processing http://purl.obolibrary.org/obo/UBERON_0014441 (8/25)
Processing http://purl.obolibrary.org/obo/UBERON_4200047 (9/25)
Processing http://purl.obolibrary.org/obo/UBERON_2102028 (10/25)
Processing http://purl.obolibrary.org/obo/DOID_0050486 (11/25)
Processing http://purl.obolibrary.org/obo/UBERON_0011821 (12/25)
Processing http://purl.obolibrary.org/obo/UBERON_0009950 (13/25)
Processing http://purl.obolibrary.org/obo/UBERON_0012344 (14/25)
Processing http://purl.obolibrary.org/obo/UBERON_0010064 (15/25)
Processing http://purl.obolibrary.org/obo/UBERON_0001458 (16/25)
Processing http://purl.obolibrary.org/obo/UBERON_2005276 (17/25)
Processing http://purl.obolibrary.org/obo/UBERON_0003319 (18/25)
Processing http://purl.obolibrary.org/obo/UBERON_0009035 (19/25)
Processing http://purl.obolibrary.org/obo/UBERON_0035015 (20/25)
Processing http://purl.obolibrary.org/obo/UBERON_0003440 (21/25)
Processing http://purl.obolibrary.org/obo/UBERON_0002268 (22/25)
Processing http://purl.obolibrary.org/obo/UBERON_0001393 (23/25)
Processing http://purl.obolibrary.org/obo/UBERON_0013238 (24/25)
Processing http://purl.obolibrary.org/obo/UBERON_0016884 (25/25)
Removing naughtiest axiom: DisjointClasses(<http://purl.obolibrary.org/obo/UBERON_0000000> <http://purl.obolibrary.org/obo/UBERON_0001062>) with 25 implications
removing: [DisjointClasses(<http://purl.obolibrary.org/obo/UBERON_0000000> <http://purl.obolibrary.org/obo/UBERON_0001062>)]
Removing DisjointClasses(<http://purl.obolibrary.org/obo/UBERON_0000000> <http://purl.obolibrary.org/obo/UBERON_0001062>) from main ontology
Saved results/uberon/fixed.owl
ROUND 2
Loading ontology... file:/home/slater/UNMIREOT/obo/results/uberon/fixed.owl
Reasoning...
Getting unsats...
Unsatisfiable classes: 151
Getting top unsats...
Found 34 non-leaf unsats with the highest @ 8 out of a total 151 unsats
Removing a further 6 classes with superclasses in the group
Now looking at 26 unsats out of a total 151
Found happy ontology friend group of 9 classes with sc-count 1 (well I suppose strictly they can't be all that happy given their instances cannot possibly exist :(. Now, we will fix that!
Pared 151 unsatisfiable classes down to 9 to justify for this round
Processing http://purl.obolibrary.org/obo/DOID_11060 (1/9)
Processing http://purl.obolibrary.org/obo/UBERON_0003422 (2/9)
Processing http://purl.obolibrary.org/obo/UBERON_0003422 (3/9)
Processing http://purl.obolibrary.org/obo/UBERON_0005192 (4/9)
Processing http://purl.obolibrary.org/obo/UBERON_0012279 (5/9)
Processing http://purl.obolibrary.org/obo/UBERON_0014701 (6/9)
Processing http://purl.obolibrary.org/obo/UBERON_0014701 (7/9)
Processing http://purl.obolibrary.org/obo/UBERON_0022358 (8/9)
Processing http://purl.obolibrary.org/obo/UBERON_0022358 (9/9)
Removing naughtiest axiom: DisjointClasses(Annotation(<http://www.geneontology.org/formats/oboInOwl#source> "CARO"^^xsd:string) <http://purl.obolibrary.org/obo/UBERON_0000476> <http://purl.obolibrary.org/obo/UBERON_0010000>) with 5 implications
removing: [DisjointClasses(Annotation(<http://www.geneontology.org/formats/oboInOwl#source> "CARO"^^xsd:string) <http://purl.obolibrary.org/obo/UBERON_0000476> <http://purl.obolibrary.org/obo/UBERON_0010000>)]
Removing DisjointClasses(Annotation(<http://www.geneontology.org/formats/oboInOwl#source> "CARO"^^xsd:string) <http://purl.obolibrary.org/obo/UBERON_0000476> <http://purl.obolibrary.org/obo/UBERON_0010000>) from main ontology
Saved results/uberon/fixed.owl
ROUND 3
Loading ontology... file:/home/slater/UNMIREOT/obo/results/uberon/fixed.owl
Reasoning...
Getting unsats...
Unsatisfiable classes: 5
Getting top unsats...
Less than 25 unsatisfiable classes, looking at them all!
Processing http://purl.obolibrary.org/obo/UBERON_0001237 (1/5)
Processing http://purl.obolibrary.org/obo/UBERON_0008805 (2/5)
Processing http://purl.obolibrary.org/obo/UBERON_0012279 (3/5)
Processing http://purl.obolibrary.org/obo/UBERON_0013398 (4/5)
Processing http://purl.obolibrary.org/obo/UBERON_0035149 (5/5)
Removing naughtiest axiom: DisjointClasses(Annotation(<http://www.geneontology.org/formats/oboInOwl#source> "FBbt"^^xsd:string) <http://purl.obolibrary.org/obo/UBERON_0010001> <http://purl.obolibrary.org/obo/UBERON_0011216>) with 2 implications
removing: [DisjointClasses(Annotation(<http://www.geneontology.org/formats/oboInOwl#source> "FBbt"^^xsd:string) <http://purl.obolibrary.org/obo/UBERON_0010001> <http://purl.obolibrary.org/obo/UBERON_0011216>)]
Removing DisjointClasses(Annotation(<http://www.geneontology.org/formats/oboInOwl#source> "FBbt"^^xsd:string) <http://purl.obolibrary.org/obo/UBERON_0010001> <http://purl.obolibrary.org/obo/UBERON_0011216>) from main ontology
Saved results/uberon/fixed.owl
ROUND 4
Loading ontology... file:/home/slater/UNMIREOT/obo/results/uberon/fixed.owl
Reasoning...
Getting unsats...
Unsatisfiable classes: 3
Getting top unsats...
Less than 25 unsatisfiable classes, looking at them all!
Processing http://purl.obolibrary.org/obo/UBERON_0008805 (1/3)
Processing http://purl.obolibrary.org/obo/UBERON_0013398 (2/3)
Processing http://purl.obolibrary.org/obo/UBERON_0035149 (3/3)
Removing naughtiest axiom: SubClassOf(<http://purl.obolibrary.org/obo/UBERON_0008805> <http://purl.obolibrary.org/obo/UBERON_0006800>) with 2 implications
removing: [SubClassOf(<http://purl.obolibrary.org/obo/UBERON_0008805> <http://purl.obolibrary.org/obo/UBERON_0006800>)]
Removing SubClassOf(<http://purl.obolibrary.org/obo/UBERON_0008805> <http://purl.obolibrary.org/obo/UBERON_0006800>) from import Optional[http://reality.rehab/ontology/obofoundry_core_fixed_merged]
Saved results/uberon/fixed.owl
ROUND 5
Loading ontology... file:/home/slater/UNMIREOT/obo/results/uberon/fixed.owl
Reasoning...
Getting unsats...
Unsatisfiable classes: 1
Getting top unsats...
Less than 25 unsatisfiable classes, looking at them all!
Processing http://purl.obolibrary.org/obo/UBERON_0013398 (1/1)
Removing naughtiest axiom: DisjointClasses(<http://purl.obolibrary.org/obo/UBERON_0002530> <http://purl.obolibrary.org/obo/UBERON_0013398>) with 1 implications
removing: [DisjointClasses(<http://purl.obolibrary.org/obo/UBERON_0002530> <http://purl.obolibrary.org/obo/UBERON_0013398>)]
Removing DisjointClasses(<http://purl.obolibrary.org/obo/UBERON_0002530> <http://purl.obolibrary.org/obo/UBERON_0013398>) from main ontology
Saved results/uberon/fixed.owl
ROUND 6
Loading ontology... file:/home/slater/UNMIREOT/obo/results/uberon/fixed.owl
Reasoning...
Getting unsats...
Unsatisfiable classes: 1
Getting top unsats...
Less than 25 unsatisfiable classes, looking at them all!
Processing http://purl.obolibrary.org/obo/UBERON_0013398 (1/1)
Removing naughtiest axiom: SubClassOf(Annotation(<http://www.geneontology.org/formats/oboInOwl#source> "inferred"^^xsd:string) <http://purl.obolibrary.org/obo/UBERON_0015152> ObjectSomeValuesFrom(<http://purl.obolibrary.org/obo/BFO_0000050> <http://purl.obolibrary.org/obo/UBERON_0035639>)) with 1 implications
removing: [SubClassOf(Annotation(<http://www.geneontology.org/formats/oboInOwl#source> "inferred"^^xsd:string) <http://purl.obolibrary.org/obo/UBERON_0015152> ObjectSomeValuesFrom(<http://purl.obolibrary.org/obo/BFO_0000050> <http://purl.obolibrary.org/obo/UBERON_0035639>))]
Removing SubClassOf(Annotation(<http://www.geneontology.org/formats/oboInOwl#source> "inferred"^^xsd:string) <http://purl.obolibrary.org/obo/UBERON_0015152> ObjectSomeValuesFrom(<http://purl.obolibrary.org/obo/BFO_0000050> <http://purl.obolibrary.org/obo/UBERON_0035639>)) from main ontology
Saved results/uberon/fixed.owl
ROUND 7
Loading ontology... file:/home/slater/UNMIREOT/obo/results/uberon/fixed.owl
Reasoning...
Getting unsats...
Unsatisfiable classes: 0
Done.
