ROUND 1
Loading ontology... file:/home/slater/UNMIREOT/obo/combos/obofoundry_core_fixed_merged_cl_merged.owl
Reasoning...
Getting unsats...
Unsatisfiable classes: 34684
Getting top unsats...
Found 10050 non-leaf unsats with the highest @ 881 out of a total 34684 unsats
Removing a further 3597 classes with superclasses in the group
Now looking at 5685 unsats out of a total 34684
Found happy ontology friend group of 1633 classes with sc-count 2 (well I suppose strictly they can't be all that happy given their instances cannot possibly exist :(. Now, we will fix that!
Pared 34684 unsatisfiable classes down to 1633 to justify for this round
There are more than 25 classes, so we will take a random sample of 25 from our subset.
Processing http://purl.obolibrary.org/obo/CL_0000775 (1/25)
Processing http://purl.obolibrary.org/obo/UBERON_0006972 (2/25)
Processing http://purl.obolibrary.org/obo/GO_0015136 (3/25)
Processing http://purl.obolibrary.org/obo/GO_2000580 (4/25)
Processing http://purl.obolibrary.org/obo/GO_0033341 (5/25)
Processing http://purl.obolibrary.org/obo/UBERON_0005193 (6/25)
Processing http://purl.obolibrary.org/obo/GO_0005242 (7/25)
Processing http://purl.obolibrary.org/obo/DOID_5349 (8/25)
Processing http://purl.obolibrary.org/obo/GO_0070004 (9/25)
Processing http://purl.obolibrary.org/obo/GO_0016681 (10/25)
Processing http://purl.obolibrary.org/obo/UBERON_0007610 (11/25)
Processing http://purl.obolibrary.org/obo/DOID_10794 (12/25)
Processing http://purl.obolibrary.org/obo/DOID_4471 (13/25)
Processing http://purl.obolibrary.org/obo/DOID_3118 (14/25)
Processing http://purl.obolibrary.org/obo/DOID_6025 (15/25)
Processing http://purl.obolibrary.org/obo/UBERON_0011613 (16/25)
Processing http://purl.obolibrary.org/obo/CL_0000889 (17/25)
Processing http://purl.obolibrary.org/obo/UBERON_0006312 (18/25)
Processing http://purl.obolibrary.org/obo/UBERON_0008715 (19/25)
Processing http://purl.obolibrary.org/obo/UBERON_0003365 (20/25)
Processing http://purl.obolibrary.org/obo/GO_0030523 (21/25)
Processing http://purl.obolibrary.org/obo/UBERON_0018377 (22/25)
Processing http://purl.obolibrary.org/obo/UBERON_2001220 (23/25)
Processing http://purl.obolibrary.org/obo/GO_0031281 (24/25)
Processing http://purl.obolibrary.org/obo/CL_0000205 (25/25)
Removing naughtiest axiom: DisjointClasses(<http://purl.obolibrary.org/obo/UBERON_0000000> <http://purl.obolibrary.org/obo/UBERON_0001062>) with 17 implications
removing: [DisjointClasses(<http://purl.obolibrary.org/obo/UBERON_0000000> <http://purl.obolibrary.org/obo/UBERON_0001062>)]
Removing DisjointClasses(<http://purl.obolibrary.org/obo/UBERON_0000000> <http://purl.obolibrary.org/obo/UBERON_0001062>) from main ontology
Saved results/cl/fixed.owl
ROUND 2
Loading ontology... file:/home/slater/UNMIREOT/obo/results/cl/fixed.owl
Reasoning...
Getting unsats...
Unsatisfiable classes: 13880
Getting top unsats...
Found 3182 non-leaf unsats with the highest @ 351 out of a total 13880 unsats
Removing a further 1133 classes with superclasses in the group
Now looking at 2011 unsats out of a total 13880
Found happy ontology friend group of 580 classes with sc-count 2 (well I suppose strictly they can't be all that happy given their instances cannot possibly exist :(. Now, we will fix that!
Pared 13880 unsatisfiable classes down to 580 to justify for this round
There are more than 25 classes, so we will take a random sample of 25 from our subset.
Processing http://purl.obolibrary.org/obo/CL_0000096 (1/25)
Processing http://purl.obolibrary.org/obo/GO_0120014 (2/25)
Processing http://purl.obolibrary.org/obo/GO_1904538 (3/25)
Processing http://purl.obolibrary.org/obo/GO_0045820 (4/25)
Processing http://purl.obolibrary.org/obo/GO_0052405 (5/25)
Processing http://purl.obolibrary.org/obo/GO_0006334 (6/25)
Processing http://purl.obolibrary.org/obo/GO_0110061 (7/25)
Processing http://purl.obolibrary.org/obo/GO_0007215 (8/25)
Processing http://purl.obolibrary.org/obo/GO_0019767 (9/25)
Processing http://purl.obolibrary.org/obo/GO_0005149 (10/25)
Processing http://purl.obolibrary.org/obo/GO_0045159 (11/25)
Processing http://purl.obolibrary.org/obo/GO_0075106 (12/25)
Processing http://purl.obolibrary.org/obo/GO_1900450 (13/25)
Processing http://purl.obolibrary.org/obo/GO_0031890 (14/25)
Processing http://purl.obolibrary.org/obo/GO_0140035 (15/25)
Processing http://purl.obolibrary.org/obo/GO_0001007 (16/25)
Processing http://purl.obolibrary.org/obo/GO_0001227 (17/25)
Processing http://purl.obolibrary.org/obo/GO_0001727 (18/25)
Processing http://purl.obolibrary.org/obo/GO_0019777 (19/25)
Processing http://purl.obolibrary.org/obo/GO_0003705 (20/25)
Processing http://purl.obolibrary.org/obo/GO_1905018 (21/25)
Processing http://purl.obolibrary.org/obo/GO_0033670 (22/25)
Processing http://purl.obolibrary.org/obo/GO_0005242 (23/25)
Processing http://purl.obolibrary.org/obo/GO_0017024 (24/25)
Processing http://purl.obolibrary.org/obo/CL_0000875 (25/25)
Removing naughtiest axiom: SubClassOf(<http://purl.obolibrary.org/obo/BFO_0000016> <http://purl.obolibrary.org/obo/BFO_0000017>) with 25 implications
removing: [SubClassOf(<http://purl.obolibrary.org/obo/BFO_0000016> <http://purl.obolibrary.org/obo/BFO_0000017>)]
Removing SubClassOf(<http://purl.obolibrary.org/obo/BFO_0000016> <http://purl.obolibrary.org/obo/BFO_0000017>) from main ontology
Removing SubClassOf(<http://purl.obolibrary.org/obo/BFO_0000016> <http://purl.obolibrary.org/obo/BFO_0000017>) from import Optional[http://reality.rehab/ontology/obofoundry_core_fixed_merged]
Saved results/cl/fixed.owl
ROUND 3
Loading ontology... file:/home/slater/UNMIREOT/obo/results/cl/fixed.owl
Reasoning...
Getting unsats...
Unsatisfiable classes: 699
Getting top unsats...
Found 143 non-leaf unsats with the highest @ 29 out of a total 699 unsats
Removing a further 28 classes with superclasses in the group
Now looking at 114 unsats out of a total 699
Found happy ontology friend group of 69 classes with sc-count 1 (well I suppose strictly they can't be all that happy given their instances cannot possibly exist :(. Now, we will fix that!
Pared 699 unsatisfiable classes down to 69 to justify for this round
There are more than 25 classes, so we will take a random sample of 25 from our subset.
Processing http://purl.obolibrary.org/obo/CL_0000896 (1/25)
Processing http://purl.obolibrary.org/obo/OBI_0000723 (2/25)
Processing http://purl.obolibrary.org/obo/OBI_0002438 (3/25)
Processing http://purl.obolibrary.org/obo/PR_000018692 (4/25)
Processing http://purl.obolibrary.org/obo/CHEBI_17165 (5/25)
Processing http://purl.obolibrary.org/obo/CHEBI_17165 (6/25)
Processing http://purl.obolibrary.org/obo/CL_0002577 (7/25)
Processing http://purl.obolibrary.org/obo/OBI_0000809 (8/25)
Processing http://purl.obolibrary.org/obo/CL_0000793 (9/25)
Processing http://purl.obolibrary.org/obo/PR_000018596 (10/25)
Processing http://purl.obolibrary.org/obo/PR_000020444 (11/25)
Processing http://purl.obolibrary.org/obo/PR_000018413 (12/25)
Processing http://purl.obolibrary.org/obo/PR_000018444 (13/25)
Processing http://purl.obolibrary.org/obo/PR_000020288 (14/25)
Processing http://purl.obolibrary.org/obo/UBERON_0003422 (15/25)
Processing http://purl.obolibrary.org/obo/PR_000018580 (16/25)
Processing http://purl.obolibrary.org/obo/PR_000018308 (17/25)
Processing http://purl.obolibrary.org/obo/PR_000020328 (18/25)
Processing http://purl.obolibrary.org/obo/PR_000018444 (19/25)
Processing http://purl.obolibrary.org/obo/PR_000018541 (20/25)
Processing http://purl.obolibrary.org/obo/PR_000018392 (21/25)
Processing http://purl.obolibrary.org/obo/PR_000018694 (22/25)
Processing http://purl.obolibrary.org/obo/UBERON_0003422 (23/25)
Processing http://purl.obolibrary.org/obo/PR_000018477 (24/25)
Processing http://purl.obolibrary.org/obo/CL_0002569 (25/25)
Removing naughtiest axiom: SubClassOf(<http://purl.obolibrary.org/obo/BFO_0000040> <http://purl.obolibrary.org/obo/BFO_0000004>) with 16 implications
removing: [SubClassOf(<http://purl.obolibrary.org/obo/BFO_0000040> <http://purl.obolibrary.org/obo/BFO_0000004>)]
Removing SubClassOf(<http://purl.obolibrary.org/obo/BFO_0000040> <http://purl.obolibrary.org/obo/BFO_0000004>) from main ontology
Removing SubClassOf(<http://purl.obolibrary.org/obo/BFO_0000040> <http://purl.obolibrary.org/obo/BFO_0000004>) from import Optional[http://reality.rehab/ontology/obofoundry_core_fixed_merged]
Saved results/cl/fixed.owl
ROUND 4
Loading ontology... file:/home/slater/UNMIREOT/obo/results/cl/fixed.owl
Reasoning...
Getting unsats...
Unsatisfiable classes: 399
Getting top unsats...
Found 59 non-leaf unsats with the highest @ 29 out of a total 399 unsats
Removing a further 15 classes with superclasses in the group
Now looking at 43 unsats out of a total 399
Found happy ontology friend group of 20 classes with sc-count 1 (well I suppose strictly they can't be all that happy given their instances cannot possibly exist :(. Now, we will fix that!
Pared 399 unsatisfiable classes down to 20 to justify for this round
Processing http://purl.obolibrary.org/obo/CL_0002323 (1/20)
Processing http://purl.obolibrary.org/obo/CL_0002569 (2/20)
Processing http://purl.obolibrary.org/obo/CL_0002577 (3/20)
Processing http://purl.obolibrary.org/obo/CL_1000425 (4/20)
Processing http://purl.obolibrary.org/obo/DOID_11060 (5/20)
Processing http://purl.obolibrary.org/obo/OBI_0000552 (6/20)
Processing http://purl.obolibrary.org/obo/OBI_0000723 (7/20)
Processing http://purl.obolibrary.org/obo/OBI_0000809 (8/20)
Processing http://purl.obolibrary.org/obo/OBI_0001537 (9/20)
Processing http://purl.obolibrary.org/obo/OBI_0001919 (10/20)
Processing http://purl.obolibrary.org/obo/OBI_0001979 (11/20)
Processing http://purl.obolibrary.org/obo/OBI_0002438 (12/20)
Processing http://purl.obolibrary.org/obo/UBERON_0003422 (13/20)
Processing http://purl.obolibrary.org/obo/UBERON_0003422 (14/20)
Processing http://purl.obolibrary.org/obo/UBERON_0005192 (15/20)
Processing http://purl.obolibrary.org/obo/UBERON_0012279 (16/20)
Processing http://purl.obolibrary.org/obo/UBERON_0014701 (17/20)
Processing http://purl.obolibrary.org/obo/UBERON_0014701 (18/20)
Processing http://purl.obolibrary.org/obo/UBERON_0022358 (19/20)
Processing http://purl.obolibrary.org/obo/UBERON_0022358 (20/20)
Removing naughtiest axiom: DisjointClasses(Annotation(<http://www.geneontology.org/formats/oboInOwl#source> "CARO"^^xsd:string) <http://purl.obolibrary.org/obo/UBERON_0000476> <http://purl.obolibrary.org/obo/UBERON_0010000>) with 8 implications
removing: [DisjointClasses(Annotation(<http://www.geneontology.org/formats/oboInOwl#source> "CARO"^^xsd:string) <http://purl.obolibrary.org/obo/UBERON_0000476> <http://purl.obolibrary.org/obo/UBERON_0010000>)]
Removing DisjointClasses(Annotation(<http://www.geneontology.org/formats/oboInOwl#source> "CARO"^^xsd:string) <http://purl.obolibrary.org/obo/UBERON_0000476> <http://purl.obolibrary.org/obo/UBERON_0010000>) from main ontology
Saved results/cl/fixed.owl
ROUND 5
Loading ontology... file:/home/slater/UNMIREOT/obo/results/cl/fixed.owl
Reasoning...
Getting unsats...
Unsatisfiable classes: 284
Getting top unsats...
Found 32 non-leaf unsats with the highest @ 29 out of a total 284 unsats
Removing a further 9 classes with superclasses in the group
Now looking at 23 unsats out of a total 284
Found happy ontology friend group of 9 classes with sc-count 1 (well I suppose strictly they can't be all that happy given their instances cannot possibly exist :(. Now, we will fix that!
Pared 284 unsatisfiable classes down to 9 to justify for this round
Processing http://purl.obolibrary.org/obo/CL_1000425 (1/9)
Processing http://purl.obolibrary.org/obo/OBI_0000552 (2/9)
Processing http://purl.obolibrary.org/obo/OBI_0000723 (3/9)
Processing http://purl.obolibrary.org/obo/OBI_0000809 (4/9)
Processing http://purl.obolibrary.org/obo/OBI_0001537 (5/9)
Processing http://purl.obolibrary.org/obo/OBI_0001919 (6/9)
Processing http://purl.obolibrary.org/obo/OBI_0001979 (7/9)
Processing http://purl.obolibrary.org/obo/OBI_0002438 (8/9)
Processing http://purl.obolibrary.org/obo/UBERON_0012279 (9/9)
Removing naughtiest axiom: DisjointClasses(<http://purl.obolibrary.org/obo/BFO_0000002> <http://purl.obolibrary.org/obo/BFO_0000003>) with 5 implications
removing: [DisjointClasses(<http://purl.obolibrary.org/obo/BFO_0000002> <http://purl.obolibrary.org/obo/BFO_0000003>)]
Removing DisjointClasses(<http://purl.obolibrary.org/obo/BFO_0000002> <http://purl.obolibrary.org/obo/BFO_0000003>) from main ontology
Removing DisjointClasses(<http://purl.obolibrary.org/obo/BFO_0000002> <http://purl.obolibrary.org/obo/BFO_0000003>) from import Optional[http://reality.rehab/ontology/obofoundry_core_fixed_merged]
Saved results/cl/fixed.owl
ROUND 6
Loading ontology... file:/home/slater/UNMIREOT/obo/results/cl/fixed.owl
Reasoning...
Getting unsats...
Unsatisfiable classes: 244
Getting top unsats...
Found 23 non-leaf unsats with the highest @ 29 out of a total 244 unsats
Removing a further 5 classes with superclasses in the group
Now looking at 18 unsats out of a total 244
Found happy ontology friend group of 7 classes with sc-count 1 (well I suppose strictly they can't be all that happy given their instances cannot possibly exist :(. Now, we will fix that!
Pared 244 unsatisfiable classes down to 7 to justify for this round
Processing http://purl.obolibrary.org/obo/CL_1000425 (1/7)
Processing http://purl.obolibrary.org/obo/OBI_0000415 (2/7)
Processing http://purl.obolibrary.org/obo/OBI_0000552 (3/7)
Processing http://purl.obolibrary.org/obo/OBI_0001537 (4/7)
Processing http://purl.obolibrary.org/obo/OBI_0001919 (5/7)
Processing http://purl.obolibrary.org/obo/OBI_0001979 (6/7)
Processing http://purl.obolibrary.org/obo/UBERON_0012279 (7/7)
Removing naughtiest axiom: SubClassOf(<http://purl.obolibrary.org/obo/GO_0034061> ObjectSomeValuesFrom(<http://purl.obolibrary.org/obo/BFO_0000050> <http://purl.obolibrary.org/obo/GO_0071897>)) with 3 implications
removing: [SubClassOf(<http://purl.obolibrary.org/obo/GO_0034061> ObjectSomeValuesFrom(<http://purl.obolibrary.org/obo/BFO_0000050> <http://purl.obolibrary.org/obo/GO_0071897>))]
Removing SubClassOf(<http://purl.obolibrary.org/obo/GO_0034061> ObjectSomeValuesFrom(<http://purl.obolibrary.org/obo/BFO_0000050> <http://purl.obolibrary.org/obo/GO_0071897>)) from import Optional[http://reality.rehab/ontology/obofoundry_core_fixed_merged]
Saved results/cl/fixed.owl
ROUND 7
Loading ontology... file:/home/slater/UNMIREOT/obo/results/cl/fixed.owl
Reasoning...
Getting unsats...
Unsatisfiable classes: 189
Getting top unsats...
Found 15 non-leaf unsats with the highest @ 29 out of a total 189 unsats
Removing a further 4 classes with superclasses in the group
Now looking at 11 unsats out of a total 189
Found happy ontology friend group of 5 classes with sc-count 1 (well I suppose strictly they can't be all that happy given their instances cannot possibly exist :(. Now, we will fix that!
Pared 189 unsatisfiable classes down to 5 to justify for this round
Processing http://purl.obolibrary.org/obo/CL_1000425 (1/5)
Processing http://purl.obolibrary.org/obo/OBI_0000552 (2/5)
Processing http://purl.obolibrary.org/obo/OBI_0001537 (3/5)
Processing http://purl.obolibrary.org/obo/OBI_0001979 (4/5)
Processing http://purl.obolibrary.org/obo/UBERON_0012279 (5/5)
Removing naughtiest axiom: DisjointClasses(Annotation(<http://www.geneontology.org/formats/oboInOwl#source> "FBbt"^^xsd:string) <http://purl.obolibrary.org/obo/UBERON_0010001> <http://purl.obolibrary.org/obo/UBERON_0011216>) with 2 implications
removing: [DisjointClasses(Annotation(<http://www.geneontology.org/formats/oboInOwl#source> "FBbt"^^xsd:string) <http://purl.obolibrary.org/obo/UBERON_0010001> <http://purl.obolibrary.org/obo/UBERON_0011216>)]
Removing DisjointClasses(Annotation(<http://www.geneontology.org/formats/oboInOwl#source> "FBbt"^^xsd:string) <http://purl.obolibrary.org/obo/UBERON_0010001> <http://purl.obolibrary.org/obo/UBERON_0011216>) from main ontology
Saved results/cl/fixed.owl
ROUND 8
Loading ontology... file:/home/slater/UNMIREOT/obo/results/cl/fixed.owl
Reasoning...
Getting unsats...
Unsatisfiable classes: 185
Getting top unsats...
Found 13 non-leaf unsats with the highest @ 29 out of a total 185 unsats
Removing a further 4 classes with superclasses in the group
Now looking at 9 unsats out of a total 185
Found happy ontology friend group of 3 classes with sc-count 1 (well I suppose strictly they can't be all that happy given their instances cannot possibly exist :(. Now, we will fix that!
Pared 185 unsatisfiable classes down to 3 to justify for this round
Processing http://purl.obolibrary.org/obo/OBI_0000552 (1/3)
Processing http://purl.obolibrary.org/obo/OBI_0001537 (2/3)
Processing http://purl.obolibrary.org/obo/OBI_0001979 (3/3)
Removing naughtiest axiom: SubClassOf(<http://purl.obolibrary.org/obo/PATO_0001296> <http://purl.obolibrary.org/obo/PATO_0001300>) with 2 implications
removing: [SubClassOf(<http://purl.obolibrary.org/obo/PATO_0001296> <http://purl.obolibrary.org/obo/PATO_0001300>)]
Removing SubClassOf(<http://purl.obolibrary.org/obo/PATO_0001296> <http://purl.obolibrary.org/obo/PATO_0001300>) from import Optional[http://reality.rehab/ontology/obofoundry_core_fixed_merged]
Saved results/cl/fixed.owl
ROUND 9
Loading ontology... file:/home/slater/UNMIREOT/obo/results/cl/fixed.owl
Reasoning...
Getting unsats...
Unsatisfiable classes: 59
Getting top unsats...
Found 5 non-leaf unsats with the highest @ 18 out of a total 59 unsats
Removing a further 3 classes with superclasses in the group
Now looking at 2 unsats out of a total 59
Found happy ontology friend group of 1 classes with sc-count 1 (well I suppose strictly they can't be all that happy given their instances cannot possibly exist :(. Now, we will fix that!
Pared 59 unsatisfiable classes down to 1 to justify for this round
Processing http://purl.obolibrary.org/obo/OBI_0000552 (1/1)
Removing naughtiest axiom: SubClassOf(<http://purl.obolibrary.org/obo/OBI_0000552> ObjectSomeValuesFrom(<http://purl.obolibrary.org/obo/BFO_0000051> ObjectIntersectionOf(<http://purl.obolibrary.org/obo/OBI_0000415> ObjectSomeValuesFrom(<http://purl.obolibrary.org/obo/RO_0002087> <http://purl.obolibrary.org/obo/OBI_0600028>)))) with 1 implications
removing: [SubClassOf(<http://purl.obolibrary.org/obo/OBI_0000552> ObjectSomeValuesFrom(<http://purl.obolibrary.org/obo/BFO_0000051> ObjectIntersectionOf(<http://purl.obolibrary.org/obo/OBI_0000415> ObjectSomeValuesFrom(<http://purl.obolibrary.org/obo/RO_0002087> <http://purl.obolibrary.org/obo/OBI_0600028>))))]
Removing SubClassOf(<http://purl.obolibrary.org/obo/OBI_0000552> ObjectSomeValuesFrom(<http://purl.obolibrary.org/obo/BFO_0000051> ObjectIntersectionOf(<http://purl.obolibrary.org/obo/OBI_0000415> ObjectSomeValuesFrom(<http://purl.obolibrary.org/obo/RO_0002087> <http://purl.obolibrary.org/obo/OBI_0600028>)))) from import Optional[http://reality.rehab/ontology/obofoundry_core_fixed_merged]
Saved results/cl/fixed.owl
ROUND 10
Loading ontology... file:/home/slater/UNMIREOT/obo/results/cl/fixed.owl
Reasoning...
Getting unsats...
Unsatisfiable classes: 49
Getting top unsats...
Found 2 non-leaf unsats with the highest @ 18 out of a total 49 unsats
Removing a further 1 classes with superclasses in the group
Now looking at 1 unsats out of a total 49
Pared 49 unsatisfiable classes down to 1 to justify for this round
Processing http://purl.obolibrary.org/obo/OBI_0001491 (1/1)
Removing naughtiest axiom: SubClassOf(<http://purl.obolibrary.org/obo/PATO_0001741> <http://purl.obolibrary.org/obo/PATO_0001740>) with 1 implications
removing: [SubClassOf(<http://purl.obolibrary.org/obo/PATO_0001741> <http://purl.obolibrary.org/obo/PATO_0001740>)]
Removing SubClassOf(<http://purl.obolibrary.org/obo/PATO_0001741> <http://purl.obolibrary.org/obo/PATO_0001740>) from import Optional[http://reality.rehab/ontology/obofoundry_core_fixed_merged]
Saved results/cl/fixed.owl
ROUND 11
Loading ontology... file:/home/slater/UNMIREOT/obo/results/cl/fixed.owl
Reasoning...
Getting unsats...
Unsatisfiable classes: 22
Getting top unsats...
Less than 25 unsatisfiable classes, looking at them all!
Processing http://purl.obolibrary.org/obo/OBI_0000419 (1/22)
Processing http://purl.obolibrary.org/obo/OBI_0000911 (2/22)
Processing http://purl.obolibrary.org/obo/OBI_0600028 (3/22)
Processing http://purl.obolibrary.org/obo/PATO_0001307 (4/22)
Processing http://purl.obolibrary.org/obo/PATO_0001308 (5/22)
Processing http://purl.obolibrary.org/obo/PATO_0001482 (6/22)
Processing http://purl.obolibrary.org/obo/PATO_0001583 (7/22)
Processing http://purl.obolibrary.org/obo/PATO_0001584 (8/22)
Processing http://purl.obolibrary.org/obo/PATO_0001587 (9/22)
Processing http://purl.obolibrary.org/obo/PATO_0001588 (10/22)
Processing http://purl.obolibrary.org/obo/PATO_0001612 (11/22)
Processing http://purl.obolibrary.org/obo/PATO_0001613 (12/22)
Processing http://purl.obolibrary.org/obo/PATO_0001957 (13/22)
Processing http://purl.obolibrary.org/obo/PATO_0001958 (14/22)
Processing http://purl.obolibrary.org/obo/PATO_0045074 (15/22)
Processing http://purl.obolibrary.org/obo/PATO_0045075 (16/22)
Processing http://purl.obolibrary.org/obo/PATO_0045076 (17/22)
Processing http://purl.obolibrary.org/obo/PATO_0045077 (18/22)
Processing http://purl.obolibrary.org/obo/PATO_0045078 (19/22)
Processing http://purl.obolibrary.org/obo/UBERON_0001247 (20/22)
Processing http://purl.obolibrary.org/obo/UBERON_0006649 (21/22)
Processing http://purl.obolibrary.org/obo/UBERON_0013138 (22/22)
Removing naughtiest axiom: DisjointClasses(<http://purl.obolibrary.org/obo/PATO_0001236> <http://purl.obolibrary.org/obo/PATO_0001241>) with 16 implications
removing: [DisjointClasses(<http://purl.obolibrary.org/obo/PATO_0001236> <http://purl.obolibrary.org/obo/PATO_0001241>)]
Removing DisjointClasses(<http://purl.obolibrary.org/obo/PATO_0001236> <http://purl.obolibrary.org/obo/PATO_0001241>) from main ontology
Saved results/cl/fixed.owl
ROUND 12
Loading ontology... file:/home/slater/UNMIREOT/obo/results/cl/fixed.owl
Reasoning...
Getting unsats...
Unsatisfiable classes: 6
Getting top unsats...
Less than 25 unsatisfiable classes, looking at them all!
Processing http://purl.obolibrary.org/obo/OBI_0000419 (1/6)
Processing http://purl.obolibrary.org/obo/OBI_0000911 (2/6)
Processing http://purl.obolibrary.org/obo/OBI_0600028 (3/6)
Processing http://purl.obolibrary.org/obo/UBERON_0001247 (4/6)
Processing http://purl.obolibrary.org/obo/UBERON_0006649 (5/6)
Processing http://purl.obolibrary.org/obo/UBERON_0013138 (6/6)
Removing naughtiest axiom: SubObjectPropertyOf(<http://purl.obolibrary.org/obo/RO_0000085> <http://purl.obolibrary.org/obo/RO_0000053>) with 3 implications
removing: [SubObjectPropertyOf(<http://purl.obolibrary.org/obo/RO_0000085> <http://purl.obolibrary.org/obo/RO_0000053>)]
Removing SubObjectPropertyOf(<http://purl.obolibrary.org/obo/RO_0000085> <http://purl.obolibrary.org/obo/RO_0000053>) from main ontology
Removing SubObjectPropertyOf(<http://purl.obolibrary.org/obo/RO_0000085> <http://purl.obolibrary.org/obo/RO_0000053>) from import Optional[http://reality.rehab/ontology/obofoundry_core_fixed_merged]
Saved results/cl/fixed.owl
ROUND 13
Loading ontology... file:/home/slater/UNMIREOT/obo/results/cl/fixed.owl
Reasoning...
Getting unsats...
Unsatisfiable classes: 3
Getting top unsats...
Less than 25 unsatisfiable classes, looking at them all!
Processing http://purl.obolibrary.org/obo/UBERON_0001247 (1/3)
Processing http://purl.obolibrary.org/obo/UBERON_0006649 (2/3)
Processing http://purl.obolibrary.org/obo/UBERON_0013138 (3/3)
Removing naughtiest axiom: DisjointClasses(Annotation(<http://www.geneontology.org/formats/oboInOwl#source> <http://www.ncbi.nlm.nih.gov/pubmed/28192867>) <http://purl.obolibrary.org/obo/UBERON_0000062> <http://purl.obolibrary.org/obo/UBERON_0002095>) with 3 implications
removing: [DisjointClasses(Annotation(<http://www.geneontology.org/formats/oboInOwl#source> <http://www.ncbi.nlm.nih.gov/pubmed/28192867>) <http://purl.obolibrary.org/obo/UBERON_0000062> <http://purl.obolibrary.org/obo/UBERON_0002095>)]
Removing DisjointClasses(Annotation(<http://www.geneontology.org/formats/oboInOwl#source> <http://www.ncbi.nlm.nih.gov/pubmed/28192867>) <http://purl.obolibrary.org/obo/UBERON_0000062> <http://purl.obolibrary.org/obo/UBERON_0002095>) from main ontology
Saved results/cl/fixed.owl
ROUND 14
Loading ontology... file:/home/slater/UNMIREOT/obo/results/cl/fixed.owl
Reasoning...
Getting unsats...
Unsatisfiable classes: 0
Done.
