ROUND 1
Loading ontology... file:/home/slater/UNMIREOT/obo/combos/obofoundry_core_fixed_merged_obib_merged.owl
Reasoning...
Getting unsats...
Unsatisfiable classes: 7814
Getting top unsats...
Found 2037 non-leaf unsats with the highest @ 351 out of a total 7814 unsats
Removing a further 707 classes with superclasses in the group
Now looking at 1330 unsats out of a total 7814
Found happy ontology friend group of 421 classes with sc-count 2 (well I suppose strictly they can't be all that happy given their instances cannot possibly exist :(. Now, we will fix that!
Pared 7814 unsatisfiable classes down to 421 to justify for this round
There are more than 25 classes, so we will take a random sample of 25 from our subset.
Processing http://purl.obolibrary.org/obo/GO_0043124 (1/25)
Processing http://purl.obolibrary.org/obo/GO_0044562 (2/25)
Processing http://purl.obolibrary.org/obo/GO_0016715 (3/25)
Processing http://purl.obolibrary.org/obo/GO_1904041 (4/25)
Processing http://purl.obolibrary.org/obo/OBI_0000291 (5/25)
Processing http://purl.obolibrary.org/obo/GO_0004127 (6/25)
Processing http://purl.obolibrary.org/obo/GO_0001147 (7/25)
Processing http://purl.obolibrary.org/obo/GO_2000311 (8/25)
Processing http://purl.obolibrary.org/obo/GO_1900161 (9/25)
Processing http://purl.obolibrary.org/obo/OBI_0001296 (10/25)
Processing http://purl.obolibrary.org/obo/GO_1903025 (11/25)
Processing http://purl.obolibrary.org/obo/GO_0031551 (12/25)
Processing http://purl.obolibrary.org/obo/GO_0010533 (13/25)
Processing http://purl.obolibrary.org/obo/GO_1901876 (14/25)
Processing http://purl.obolibrary.org/obo/GO_1904529 (15/25)
Processing http://purl.obolibrary.org/obo/GO_0003713 (16/25)
Processing http://purl.obolibrary.org/obo/GO_0050498 (17/25)
Processing http://purl.obolibrary.org/obo/GO_1903760 (18/25)
Processing http://purl.obolibrary.org/obo/GO_0034639 (19/25)
Processing http://purl.obolibrary.org/obo/GO_1901664 (20/25)
Processing http://purl.obolibrary.org/obo/GO_1904110 (21/25)
Processing http://purl.obolibrary.org/obo/GO_1900736 (22/25)
Processing http://purl.obolibrary.org/obo/GO_0015106 (23/25)
Processing http://purl.obolibrary.org/obo/GO_0034739 (24/25)
Processing http://purl.obolibrary.org/obo/GO_0047264 (25/25)
Removing naughtiest axiom: SubClassOf(<http://purl.obolibrary.org/obo/BFO_0000016> <http://purl.obolibrary.org/obo/BFO_0000017>) with 25 implications
removing: [SubClassOf(<http://purl.obolibrary.org/obo/BFO_0000016> <http://purl.obolibrary.org/obo/BFO_0000017>)]
Removing SubClassOf(<http://purl.obolibrary.org/obo/BFO_0000016> <http://purl.obolibrary.org/obo/BFO_0000017>) from main ontology
Removing SubClassOf(<http://purl.obolibrary.org/obo/BFO_0000016> <http://purl.obolibrary.org/obo/BFO_0000017>) from import Optional[http://reality.rehab/ontology/obofoundry_core_fixed_merged]
Saved results/obib/fixed.owl
ROUND 2
Loading ontology... file:/home/slater/UNMIREOT/obo/results/obib/fixed.owl
Reasoning...
Getting unsats...
Unsatisfiable classes: 276
Getting top unsats...
Found 26 non-leaf unsats with the highest @ 29 out of a total 276 unsats
Removing a further 5 classes with superclasses in the group
Now looking at 21 unsats out of a total 276
Found happy ontology friend group of 10 classes with sc-count 1 (well I suppose strictly they can't be all that happy given their instances cannot possibly exist :(. Now, we will fix that!
Pared 276 unsatisfiable classes down to 10 to justify for this round
Processing http://purl.obolibrary.org/obo/CHEBI_17073 (1/10)
Processing http://purl.obolibrary.org/obo/CHEBI_17165 (2/10)
Processing http://purl.obolibrary.org/obo/CHEBI_17269 (3/10)
Processing http://purl.obolibrary.org/obo/OBIB_0000053 (4/10)
Processing http://purl.obolibrary.org/obo/OBI_0000415 (5/10)
Processing http://purl.obolibrary.org/obo/OBI_0000552 (6/10)
Processing http://purl.obolibrary.org/obo/OBI_0001537 (7/10)
Processing http://purl.obolibrary.org/obo/OBI_0001919 (8/10)
Processing http://purl.obolibrary.org/obo/OBI_0001979 (9/10)
Processing http://www.ebi.ac.uk/efo/EFO_0004318 (10/10)
Removing naughtiest axiom: ObjectPropertyRange(<http://purl.obolibrary.org/obo/RO_0000053> <http://purl.obolibrary.org/obo/BFO_0000020>) with 5 implications
removing: [ObjectPropertyRange(<http://purl.obolibrary.org/obo/RO_0000053> <http://purl.obolibrary.org/obo/BFO_0000020>)]
Removing ObjectPropertyRange(<http://purl.obolibrary.org/obo/RO_0000053> <http://purl.obolibrary.org/obo/BFO_0000020>) from main ontology
Removing ObjectPropertyRange(<http://purl.obolibrary.org/obo/RO_0000053> <http://purl.obolibrary.org/obo/BFO_0000020>) from import Optional[http://reality.rehab/ontology/obofoundry_core_fixed_merged]
Saved results/obib/fixed.owl
ROUND 3
Loading ontology... file:/home/slater/UNMIREOT/obo/results/obib/fixed.owl
Reasoning...
Getting unsats...
Unsatisfiable classes: 208
Getting top unsats...
Found 15 non-leaf unsats with the highest @ 29 out of a total 208 unsats
Removing a further 2 classes with superclasses in the group
Now looking at 13 unsats out of a total 208
Found happy ontology friend group of 7 classes with sc-count 1 (well I suppose strictly they can't be all that happy given their instances cannot possibly exist :(. Now, we will fix that!
Pared 208 unsatisfiable classes down to 7 to justify for this round
Processing http://purl.obolibrary.org/obo/CHEBI_17073 (1/7)
Processing http://purl.obolibrary.org/obo/CHEBI_17165 (2/7)
Processing http://purl.obolibrary.org/obo/CHEBI_17269 (3/7)
Processing http://purl.obolibrary.org/obo/OBIB_0000053 (4/7)
Processing http://purl.obolibrary.org/obo/OBI_0001537 (5/7)
Processing http://purl.obolibrary.org/obo/OBI_0001979 (6/7)
Processing http://www.ebi.ac.uk/efo/EFO_0004318 (7/7)
Removing naughtiest axiom: SubClassOf(<http://purl.obolibrary.org/obo/CHEBI_23367> <http://purl.obolibrary.org/obo/BFO_0000040>) with 3 implications
removing: [SubClassOf(<http://purl.obolibrary.org/obo/CHEBI_23367> <http://purl.obolibrary.org/obo/BFO_0000040>)]
Removing SubClassOf(<http://purl.obolibrary.org/obo/CHEBI_23367> <http://purl.obolibrary.org/obo/BFO_0000040>) from main ontology
Saved results/obib/fixed.owl
ROUND 4
Loading ontology... file:/home/slater/UNMIREOT/obo/results/obib/fixed.owl
Reasoning...
Getting unsats...
Unsatisfiable classes: 171
Getting top unsats...
Found 12 non-leaf unsats with the highest @ 29 out of a total 171 unsats
Removing a further 2 classes with superclasses in the group
Now looking at 10 unsats out of a total 171
Found happy ontology friend group of 4 classes with sc-count 1 (well I suppose strictly they can't be all that happy given their instances cannot possibly exist :(. Now, we will fix that!
Pared 171 unsatisfiable classes down to 4 to justify for this round
Processing http://purl.obolibrary.org/obo/OBIB_0000053 (1/4)
Processing http://purl.obolibrary.org/obo/OBI_0001537 (2/4)
Processing http://purl.obolibrary.org/obo/OBI_0001979 (3/4)
Processing http://www.ebi.ac.uk/efo/EFO_0004318 (4/4)
Removing naughtiest axiom: SubClassOf(<http://www.ebi.ac.uk/efo/EFO_0004318> <http://purl.obolibrary.org/obo/OBI_0000011>) with 2 implications
removing: [SubClassOf(<http://www.ebi.ac.uk/efo/EFO_0004318> <http://purl.obolibrary.org/obo/OBI_0000011>)]
Removing SubClassOf(<http://www.ebi.ac.uk/efo/EFO_0004318> <http://purl.obolibrary.org/obo/OBI_0000011>) from main ontology
Saved results/obib/fixed.owl
ROUND 5
Loading ontology... file:/home/slater/UNMIREOT/obo/results/obib/fixed.owl
Reasoning...
Getting unsats...
Unsatisfiable classes: 171
Getting top unsats...
Found 12 non-leaf unsats with the highest @ 29 out of a total 171 unsats
Removing a further 2 classes with superclasses in the group
Now looking at 10 unsats out of a total 171
Found happy ontology friend group of 4 classes with sc-count 1 (well I suppose strictly they can't be all that happy given their instances cannot possibly exist :(. Now, we will fix that!
Pared 171 unsatisfiable classes down to 4 to justify for this round
Processing http://purl.obolibrary.org/obo/OBIB_0000053 (1/4)
Processing http://purl.obolibrary.org/obo/OBI_0001537 (2/4)
Processing http://purl.obolibrary.org/obo/OBI_0001979 (3/4)
Processing http://www.ebi.ac.uk/efo/EFO_0004318 (4/4)
Removing naughtiest axiom: SubClassOf(<http://www.ebi.ac.uk/efo/EFO_0004318> ObjectSomeValuesFrom(<http://purl.obolibrary.org/obo/OBI_0000293> ObjectUnionOf(<http://purl.obolibrary.org/obo/OBIB_0000044> <http://purl.obolibrary.org/obo/OBIB_0000046> <http://purl.obolibrary.org/obo/OBIB_0000055>))) with 2 implications
removing: [SubClassOf(<http://www.ebi.ac.uk/efo/EFO_0004318> ObjectSomeValuesFrom(<http://purl.obolibrary.org/obo/OBI_0000293> ObjectUnionOf(<http://purl.obolibrary.org/obo/OBIB_0000044> <http://purl.obolibrary.org/obo/OBIB_0000046> <http://purl.obolibrary.org/obo/OBIB_0000055>)))]
Removing SubClassOf(<http://www.ebi.ac.uk/efo/EFO_0004318> ObjectSomeValuesFrom(<http://purl.obolibrary.org/obo/OBI_0000293> ObjectUnionOf(<http://purl.obolibrary.org/obo/OBIB_0000044> <http://purl.obolibrary.org/obo/OBIB_0000046> <http://purl.obolibrary.org/obo/OBIB_0000055>))) from main ontology
Saved results/obib/fixed.owl
ROUND 6
Loading ontology... file:/home/slater/UNMIREOT/obo/results/obib/fixed.owl
Reasoning...
Getting unsats...
Unsatisfiable classes: 166
Getting top unsats...
Found 10 non-leaf unsats with the highest @ 29 out of a total 166 unsats
Removing a further 2 classes with superclasses in the group
Now looking at 8 unsats out of a total 166
Found happy ontology friend group of 3 classes with sc-count 2 (well I suppose strictly they can't be all that happy given their instances cannot possibly exist :(. Now, we will fix that!
Pared 166 unsatisfiable classes down to 3 to justify for this round
Processing http://purl.obolibrary.org/obo/OBI_0001296 (1/3)
Processing http://purl.obolibrary.org/obo/OBI_0001368 (2/3)
Processing http://purl.obolibrary.org/obo/OBI_1110178 (3/3)
Removing naughtiest axiom: SubClassOf(<http://purl.obolibrary.org/obo/PATO_0001296> <http://purl.obolibrary.org/obo/PATO_0001300>) with 3 implications
removing: [SubClassOf(<http://purl.obolibrary.org/obo/PATO_0001296> <http://purl.obolibrary.org/obo/PATO_0001300>)]
Removing SubClassOf(<http://purl.obolibrary.org/obo/PATO_0001296> <http://purl.obolibrary.org/obo/PATO_0001300>) from import Optional[http://reality.rehab/ontology/obofoundry_core_fixed_merged]
Saved results/obib/fixed.owl
ROUND 7
Loading ontology... file:/home/slater/UNMIREOT/obo/results/obib/fixed.owl
Reasoning...
Getting unsats...
Unsatisfiable classes: 40
Getting top unsats...
Found 2 non-leaf unsats with the highest @ 18 out of a total 40 unsats
Removing a further 1 classes with superclasses in the group
Now looking at 1 unsats out of a total 40
Pared 40 unsatisfiable classes down to 1 to justify for this round
Processing http://purl.obolibrary.org/obo/OBI_0001491 (1/1)
Removing naughtiest axiom: SubClassOf(<http://purl.obolibrary.org/obo/PATO_0001741> <http://purl.obolibrary.org/obo/PATO_0001740>) with 1 implications
removing: [SubClassOf(<http://purl.obolibrary.org/obo/PATO_0001741> <http://purl.obolibrary.org/obo/PATO_0001740>)]
Removing SubClassOf(<http://purl.obolibrary.org/obo/PATO_0001741> <http://purl.obolibrary.org/obo/PATO_0001740>) from import Optional[http://reality.rehab/ontology/obofoundry_core_fixed_merged]
Saved results/obib/fixed.owl
ROUND 8
Loading ontology... file:/home/slater/UNMIREOT/obo/results/obib/fixed.owl
Reasoning...
Getting unsats...
Unsatisfiable classes: 13
Getting top unsats...
Less than 25 unsatisfiable classes, looking at them all!
Processing http://purl.obolibrary.org/obo/OBIB_0000052 (1/13)
Processing http://purl.obolibrary.org/obo/OBI_0001898 (2/13)
Processing http://purl.obolibrary.org/obo/OBI_0002000 (3/13)
Processing http://purl.obolibrary.org/obo/OBI_0002001 (4/13)
Processing http://purl.obolibrary.org/obo/OBI_0002002 (5/13)
Processing http://purl.obolibrary.org/obo/OBI_0002003 (6/13)
Processing http://purl.obolibrary.org/obo/OBI_0002004 (7/13)
Processing http://purl.obolibrary.org/obo/OBI_0002005 (8/13)
Processing http://purl.obolibrary.org/obo/OBI_0002006 (9/13)
Processing http://purl.obolibrary.org/obo/OBI_0002007 (10/13)
Processing http://purl.obolibrary.org/obo/OBI_0002008 (11/13)
Processing http://purl.obolibrary.org/obo/OBI_0002013 (12/13)
Processing http://www.ebi.ac.uk/efo/EFO_0004774 (13/13)
Removing naughtiest axiom: SubClassOf(<http://purl.obolibrary.org/obo/IAO_0000030> <http://purl.obolibrary.org/obo/BFO_0000031>) with 7 implications
removing: [SubClassOf(<http://purl.obolibrary.org/obo/IAO_0000030> <http://purl.obolibrary.org/obo/BFO_0000031>)]
Removing SubClassOf(<http://purl.obolibrary.org/obo/IAO_0000030> <http://purl.obolibrary.org/obo/BFO_0000031>) from main ontology
Removing SubClassOf(<http://purl.obolibrary.org/obo/IAO_0000030> <http://purl.obolibrary.org/obo/BFO_0000031>) from import Optional[http://reality.rehab/ontology/obofoundry_core_fixed_merged]
Saved results/obib/fixed.owl
ROUND 9
Loading ontology... file:/home/slater/UNMIREOT/obo/results/obib/fixed.owl
Reasoning...
Getting unsats...
Unsatisfiable classes: 6
Getting top unsats...
Less than 25 unsatisfiable classes, looking at them all!
Processing http://purl.obolibrary.org/obo/OBIB_0000052 (1/6)
Processing http://purl.obolibrary.org/obo/OBI_0001898 (2/6)
Processing http://purl.obolibrary.org/obo/OBI_0002000 (3/6)
Processing http://purl.obolibrary.org/obo/OBI_0002001 (4/6)
Processing http://purl.obolibrary.org/obo/OBI_0002004 (5/6)
Processing http://www.ebi.ac.uk/efo/EFO_0004774 (6/6)
Removing naughtiest axiom: DisjointClasses(<http://purl.obolibrary.org/obo/GO_0008150> <http://purl.obolibrary.org/obo/OBI_0000011>) with 2 implications
removing: [DisjointClasses(<http://purl.obolibrary.org/obo/GO_0008150> <http://purl.obolibrary.org/obo/OBI_0000011>)]
Removing DisjointClasses(<http://purl.obolibrary.org/obo/GO_0008150> <http://purl.obolibrary.org/obo/OBI_0000011>) from import Optional[http://reality.rehab/ontology/obofoundry_core_fixed_merged]
Saved results/obib/fixed.owl
ROUND 10
Loading ontology... file:/home/slater/UNMIREOT/obo/results/obib/fixed.owl
Reasoning...
Getting unsats...
Unsatisfiable classes: 4
Getting top unsats...
Less than 25 unsatisfiable classes, looking at them all!
Processing http://purl.obolibrary.org/obo/OBI_0001898 (1/4)
Processing http://purl.obolibrary.org/obo/OBI_0002000 (2/4)
Processing http://purl.obolibrary.org/obo/OBI_0002001 (3/4)
Processing http://purl.obolibrary.org/obo/OBI_0002004 (4/4)
Removing naughtiest axiom: SubClassOf(<http://purl.obolibrary.org/obo/OBI_0000011> <http://purl.obolibrary.org/obo/BFO_0000015>) with 2 implications
removing: [SubClassOf(<http://purl.obolibrary.org/obo/OBI_0000011> <http://purl.obolibrary.org/obo/BFO_0000015>)]
Removing SubClassOf(<http://purl.obolibrary.org/obo/OBI_0000011> <http://purl.obolibrary.org/obo/BFO_0000015>) from main ontology
Removing SubClassOf(<http://purl.obolibrary.org/obo/OBI_0000011> <http://purl.obolibrary.org/obo/BFO_0000015>) from import Optional[http://reality.rehab/ontology/obofoundry_core_fixed_merged]
Saved results/obib/fixed.owl
ROUND 11
Loading ontology... file:/home/slater/UNMIREOT/obo/results/obib/fixed.owl
Reasoning...
Getting unsats...
Unsatisfiable classes: 4
Getting top unsats...
Less than 25 unsatisfiable classes, looking at them all!
Processing http://purl.obolibrary.org/obo/OBI_0001898 (1/4)
Processing http://purl.obolibrary.org/obo/OBI_0002000 (2/4)
Processing http://purl.obolibrary.org/obo/OBI_0002001 (3/4)
Processing http://purl.obolibrary.org/obo/OBI_0002004 (4/4)
Removing naughtiest axiom: EquivalentClasses(<http://purl.obolibrary.org/obo/OBI_0000011> ObjectSomeValuesFrom(<http://purl.obolibrary.org/obo/BFO_0000055> ObjectSomeValuesFrom(<http://purl.obolibrary.org/obo/RO_0000059> <http://purl.obolibrary.org/obo/IAO_0000104>)) ) with 2 implications
removing: [EquivalentClasses(<http://purl.obolibrary.org/obo/OBI_0000011> ObjectSomeValuesFrom(<http://purl.obolibrary.org/obo/BFO_0000055> ObjectSomeValuesFrom(<http://purl.obolibrary.org/obo/RO_0000059> <http://purl.obolibrary.org/obo/IAO_0000104>)) )]
Removing EquivalentClasses(<http://purl.obolibrary.org/obo/OBI_0000011> ObjectSomeValuesFrom(<http://purl.obolibrary.org/obo/BFO_0000055> ObjectSomeValuesFrom(<http://purl.obolibrary.org/obo/RO_0000059> <http://purl.obolibrary.org/obo/IAO_0000104>)) ) from main ontology
Removing EquivalentClasses(<http://purl.obolibrary.org/obo/OBI_0000011> ObjectSomeValuesFrom(<http://purl.obolibrary.org/obo/BFO_0000055> ObjectSomeValuesFrom(<http://purl.obolibrary.org/obo/RO_0000059> <http://purl.obolibrary.org/obo/IAO_0000104>)) ) from import Optional[http://reality.rehab/ontology/obofoundry_core_fixed_merged]
Saved results/obib/fixed.owl
ROUND 12
Loading ontology... file:/home/slater/UNMIREOT/obo/results/obib/fixed.owl
Reasoning...
Getting unsats...
Unsatisfiable classes: 2
Getting top unsats...
Less than 25 unsatisfiable classes, looking at them all!
Processing http://purl.obolibrary.org/obo/OBI_0002000 (1/2)
Processing http://purl.obolibrary.org/obo/OBI_0002001 (2/2)
Removing naughtiest axiom: SubClassOf(<http://purl.obolibrary.org/obo/BFO_0000019> <http://purl.obolibrary.org/obo/BFO_0000020>) with 2 implications
removing: [SubClassOf(<http://purl.obolibrary.org/obo/BFO_0000019> <http://purl.obolibrary.org/obo/BFO_0000020>)]
Removing SubClassOf(<http://purl.obolibrary.org/obo/BFO_0000019> <http://purl.obolibrary.org/obo/BFO_0000020>) from main ontology
Removing SubClassOf(<http://purl.obolibrary.org/obo/BFO_0000019> <http://purl.obolibrary.org/obo/BFO_0000020>) from import Optional[http://reality.rehab/ontology/obofoundry_core_fixed_merged]
Saved results/obib/fixed.owl
ROUND 13
Loading ontology... file:/home/slater/UNMIREOT/obo/results/obib/fixed.owl
Reasoning...
Getting unsats...
Unsatisfiable classes: 0
Done.
