ROUND 1
Loading ontology... file:/home/slater/UNMIREOT/obo/combos/obofoundry_core_fixed_merged_fbcv_merged.owl
Reasoning...
Getting unsats...
Unsatisfiable classes: 6150
Getting top unsats...
Found 1749 non-leaf unsats with the highest @ 207 out of a total 6150 unsats
Removing a further 592 classes with superclasses in the group
Now looking at 1157 unsats out of a total 6150
Found happy ontology friend group of 380 classes with sc-count 2 (well I suppose strictly they can't be all that happy given their instances cannot possibly exist :(. Now, we will fix that!
Pared 6150 unsatisfiable classes down to 380 to justify for this round
There are more than 25 classes, so we will take a random sample of 25 from our subset.
Processing http://purl.obolibrary.org/obo/GO_0051900 (1/25)
Processing http://purl.obolibrary.org/obo/GO_0045324 (2/25)
Processing http://purl.obolibrary.org/obo/GO_0070423 (3/25)
Processing http://purl.obolibrary.org/obo/GO_0038201 (4/25)
Processing http://purl.obolibrary.org/obo/GO_0039532 (5/25)
Processing http://purl.obolibrary.org/obo/GO_0070419 (6/25)
Processing http://purl.obolibrary.org/obo/GO_0005819 (7/25)
Processing http://purl.obolibrary.org/obo/GO_0031630 (8/25)
Processing http://purl.obolibrary.org/obo/GO_0009897 (9/25)
Processing http://purl.obolibrary.org/obo/GO_0140142 (10/25)
Processing http://purl.obolibrary.org/obo/GO_0034357 (11/25)
Processing http://purl.obolibrary.org/obo/GO_0035437 (12/25)
Processing http://purl.obolibrary.org/obo/GO_0008631 (13/25)
Processing http://purl.obolibrary.org/obo/OBI_0001810 (14/25)
Processing http://purl.obolibrary.org/obo/GO_1902804 (15/25)
Processing http://purl.obolibrary.org/obo/GO_0098554 (16/25)
Processing http://purl.obolibrary.org/obo/GO_0030532 (17/25)
Processing http://purl.obolibrary.org/obo/GO_0099604 (18/25)
Processing http://purl.obolibrary.org/obo/OBI_0001579 (19/25)
Processing http://purl.obolibrary.org/obo/GO_0071020 (20/25)
Processing http://purl.obolibrary.org/obo/GO_0030894 (21/25)
Processing http://purl.obolibrary.org/obo/GO_1902318 (22/25)
Processing http://purl.obolibrary.org/obo/GO_0003705 (23/25)
Processing http://purl.obolibrary.org/obo/GO_0051560 (24/25)
Processing http://purl.obolibrary.org/obo/GO_0098794 (25/25)
Removing naughtiest axiom: DisjointClasses(<http://purl.obolibrary.org/obo/BFO_0000002> <http://purl.obolibrary.org/obo/BFO_0000003>) with 25 implications
removing: [DisjointClasses(<http://purl.obolibrary.org/obo/BFO_0000002> <http://purl.obolibrary.org/obo/BFO_0000003>)]
Removing DisjointClasses(<http://purl.obolibrary.org/obo/BFO_0000002> <http://purl.obolibrary.org/obo/BFO_0000003>) from main ontology
Removing DisjointClasses(<http://purl.obolibrary.org/obo/BFO_0000002> <http://purl.obolibrary.org/obo/BFO_0000003>) from import Optional[http://reality.rehab/ontology/obofoundry_core_fixed_merged]
Saved results/fbcv/fixed.owl
ROUND 2
Loading ontology... file:/home/slater/UNMIREOT/obo/results/fbcv/fixed.owl
Reasoning...
Getting unsats...
Unsatisfiable classes: 1
Getting top unsats...
Less than 25 unsatisfiable classes, looking at them all!
Processing http://purl.obolibrary.org/obo/PATO_0001483 (1/1)
Removing naughtiest axiom: SubClassOf(<http://purl.obolibrary.org/obo/PATO_0002290> <http://purl.obolibrary.org/obo/PATO_0000587>) with 1 implications
removing: [SubClassOf(<http://purl.obolibrary.org/obo/PATO_0002290> <http://purl.obolibrary.org/obo/PATO_0000587>)]
Removing SubClassOf(<http://purl.obolibrary.org/obo/PATO_0002290> <http://purl.obolibrary.org/obo/PATO_0000587>) from main ontology
Saved results/fbcv/fixed.owl
ROUND 3
Loading ontology... file:/home/slater/UNMIREOT/obo/results/fbcv/fixed.owl
Reasoning...
Getting unsats...
Unsatisfiable classes: 0
Done.
