ROUND 1
Loading ontology... file:/home/slater/UNMIREOT/obo/combos/obofoundry_core_fixed_merged_envo_merged.owl
Reasoning...
Getting unsats...
Unsatisfiable classes: 646
Getting top unsats...
Found 206 non-leaf unsats with the highest @ 74 out of a total 646 unsats
Removing a further 65 classes with superclasses in the group
Now looking at 141 unsats out of a total 646
Found happy ontology friend group of 44 classes with sc-count 1 (well I suppose strictly they can't be all that happy given their instances cannot possibly exist :(. Now, we will fix that!
Pared 646 unsatisfiable classes down to 44 to justify for this round
There are more than 25 classes, so we will take a random sample of 25 from our subset.
Processing http://purl.obolibrary.org/obo/ENVO_00002154 (1/25)
Processing http://purl.obolibrary.org/obo/CHEBI_17165 (2/25)
Processing http://purl.obolibrary.org/obo/GO_0098962 (3/25)
Processing http://purl.obolibrary.org/obo/GO_0017080 (4/25)
Processing http://purl.obolibrary.org/obo/GO_0099530 (5/25)
Processing http://purl.obolibrary.org/obo/GO_0005219 (6/25)
Processing http://purl.obolibrary.org/obo/GO_0030275 (7/25)
Processing http://purl.obolibrary.org/obo/GO_0099530 (8/25)
Processing http://purl.obolibrary.org/obo/GO_0070513 (9/25)
Processing http://purl.obolibrary.org/obo/UBERON_0012279 (10/25)
Processing http://purl.obolibrary.org/obo/GO_0097282 (11/25)
Processing http://purl.obolibrary.org/obo/OBI_0001681 (12/25)
Processing http://purl.obolibrary.org/obo/GO_0005227 (13/25)
Processing http://purl.obolibrary.org/obo/GO_0005227 (14/25)
Processing http://purl.obolibrary.org/obo/GO_0097282 (15/25)
Processing http://purl.obolibrary.org/obo/ENVO_00002154 (16/25)
Processing http://purl.obolibrary.org/obo/CHEBI_17165 (17/25)
Processing http://purl.obolibrary.org/obo/GO_0016933 (18/25)
Processing http://purl.obolibrary.org/obo/GO_0097282 (19/25)
Processing http://purl.obolibrary.org/obo/GO_0008349 (20/25)
Processing http://purl.obolibrary.org/obo/GO_0099105 (21/25)
Processing http://purl.obolibrary.org/obo/GO_0008349 (22/25)
Processing http://purl.obolibrary.org/obo/GO_0004708 (23/25)
Processing http://purl.obolibrary.org/obo/GO_0097282 (24/25)
Processing http://purl.obolibrary.org/obo/GO_0005219 (25/25)
Removing naughtiest axiom: SubClassOf(<http://purl.obolibrary.org/obo/BFO_0000016> <http://purl.obolibrary.org/obo/BFO_0000017>) with 14 implications
removing: [SubClassOf(<http://purl.obolibrary.org/obo/BFO_0000016> <http://purl.obolibrary.org/obo/BFO_0000017>)]
Removing SubClassOf(<http://purl.obolibrary.org/obo/BFO_0000016> <http://purl.obolibrary.org/obo/BFO_0000017>) from main ontology
Removing SubClassOf(<http://purl.obolibrary.org/obo/BFO_0000016> <http://purl.obolibrary.org/obo/BFO_0000017>) from import Optional[http://reality.rehab/ontology/obofoundry_core_fixed_merged]
Saved results/envo/fixed.owl
ROUND 2
Loading ontology... file:/home/slater/UNMIREOT/obo/results/envo/fixed.owl
Reasoning...
Getting unsats...
Unsatisfiable classes: 45
Getting top unsats...
Found 4 non-leaf unsats with the highest @ 1 out of a total 45 unsats
Removing a further 0 classes with superclasses in the group
Now looking at 4 unsats out of a total 45
Pared 45 unsatisfiable classes down to 4 to justify for this round
Processing http://purl.obolibrary.org/obo/CHEBI_17073 (1/4)
Processing http://purl.obolibrary.org/obo/CHEBI_17165 (2/4)
Processing http://purl.obolibrary.org/obo/CHEBI_17269 (3/4)
Processing http://purl.obolibrary.org/obo/UBERON_0012279 (4/4)
Removing naughtiest axiom: SubClassOf(<http://purl.obolibrary.org/obo/CHEBI_24431> <http://purl.obolibrary.org/obo/BFO_0000040>) with 3 implications
removing: [SubClassOf(<http://purl.obolibrary.org/obo/CHEBI_24431> <http://purl.obolibrary.org/obo/BFO_0000040>)]
Removing SubClassOf(<http://purl.obolibrary.org/obo/CHEBI_24431> <http://purl.obolibrary.org/obo/BFO_0000040>) from main ontology
Saved results/envo/fixed.owl
ROUND 3
Loading ontology... file:/home/slater/UNMIREOT/obo/results/envo/fixed.owl
Reasoning...
Getting unsats...
Unsatisfiable classes: 8
Getting top unsats...
Less than 25 unsatisfiable classes, looking at them all!
Processing http://purl.obolibrary.org/obo/ENVO_02500043 (1/8)
Processing http://purl.obolibrary.org/obo/ENVO_03000095 (2/8)
Processing http://purl.obolibrary.org/obo/UBERON_0000086 (3/8)
Processing http://purl.obolibrary.org/obo/UBERON_0000207 (4/8)
Processing http://purl.obolibrary.org/obo/UBERON_0001237 (5/8)
Processing http://purl.obolibrary.org/obo/UBERON_0001804 (6/8)
Processing http://purl.obolibrary.org/obo/UBERON_0012279 (7/8)
Processing http://purl.obolibrary.org/obo/UBERON_0013398 (8/8)
Removing naughtiest axiom: DisjointClasses(<http://purl.obolibrary.org/obo/UBERON_0000476> <http://purl.obolibrary.org/obo/UBERON_0010000>) with 3 implications
removing: [DisjointClasses(<http://purl.obolibrary.org/obo/UBERON_0000476> <http://purl.obolibrary.org/obo/UBERON_0010000>)]
Removing DisjointClasses(<http://purl.obolibrary.org/obo/UBERON_0000476> <http://purl.obolibrary.org/obo/UBERON_0010000>) from main ontology
Saved results/envo/fixed.owl
ROUND 4
Loading ontology... file:/home/slater/UNMIREOT/obo/results/envo/fixed.owl
Reasoning...
Getting unsats...
Unsatisfiable classes: 5
Getting top unsats...
Less than 25 unsatisfiable classes, looking at them all!
Processing http://purl.obolibrary.org/obo/ENVO_02500043 (1/5)
Processing http://purl.obolibrary.org/obo/ENVO_03000095 (2/5)
Processing http://purl.obolibrary.org/obo/UBERON_0001237 (3/5)
Processing http://purl.obolibrary.org/obo/UBERON_0012279 (4/5)
Processing http://purl.obolibrary.org/obo/UBERON_0013398 (5/5)
Removing naughtiest axiom: ObjectPropertyRange(<http://purl.obolibrary.org/obo/RO_0000057> <http://purl.obolibrary.org/obo/BFO_0000002>) with 2 implications
removing: [ObjectPropertyRange(<http://purl.obolibrary.org/obo/RO_0000057> <http://purl.obolibrary.org/obo/BFO_0000002>)]
Removing ObjectPropertyRange(<http://purl.obolibrary.org/obo/RO_0000057> <http://purl.obolibrary.org/obo/BFO_0000002>) from main ontology
Removing ObjectPropertyRange(<http://purl.obolibrary.org/obo/RO_0000057> <http://purl.obolibrary.org/obo/BFO_0000002>) from import Optional[http://reality.rehab/ontology/obofoundry_core_fixed_merged]
Saved results/envo/fixed.owl
ROUND 5
Loading ontology... file:/home/slater/UNMIREOT/obo/results/envo/fixed.owl
Reasoning...
Getting unsats...
Unsatisfiable classes: 3
Getting top unsats...
Less than 25 unsatisfiable classes, looking at them all!
Processing http://purl.obolibrary.org/obo/UBERON_0001237 (1/3)
Processing http://purl.obolibrary.org/obo/UBERON_0012279 (2/3)
Processing http://purl.obolibrary.org/obo/UBERON_0013398 (3/3)
Removing naughtiest axiom: DisjointClasses(<http://purl.obolibrary.org/obo/UBERON_0010001> <http://purl.obolibrary.org/obo/UBERON_0011216>) with 2 implications
removing: [DisjointClasses(<http://purl.obolibrary.org/obo/UBERON_0010001> <http://purl.obolibrary.org/obo/UBERON_0011216>)]
Removing DisjointClasses(<http://purl.obolibrary.org/obo/UBERON_0010001> <http://purl.obolibrary.org/obo/UBERON_0011216>) from main ontology
Saved results/envo/fixed.owl
ROUND 6
Loading ontology... file:/home/slater/UNMIREOT/obo/results/envo/fixed.owl
Reasoning...
Getting unsats...
Unsatisfiable classes: 1
Getting top unsats...
Less than 25 unsatisfiable classes, looking at them all!
Processing http://purl.obolibrary.org/obo/UBERON_0013398 (1/1)
Removing naughtiest axiom: DisjointClasses(<http://purl.obolibrary.org/obo/UBERON_0002530> <http://purl.obolibrary.org/obo/UBERON_0013398>) with 1 implications
removing: [DisjointClasses(<http://purl.obolibrary.org/obo/UBERON_0002530> <http://purl.obolibrary.org/obo/UBERON_0013398>)]
Removing DisjointClasses(<http://purl.obolibrary.org/obo/UBERON_0002530> <http://purl.obolibrary.org/obo/UBERON_0013398>) from main ontology
Saved results/envo/fixed.owl
ROUND 7
Loading ontology... file:/home/slater/UNMIREOT/obo/results/envo/fixed.owl
Reasoning...
Getting unsats...
Unsatisfiable classes: 0
Done.
